#
# A fatal error has been detected by the Java Runtime Environment:
#
#  EXCEPTION_ACCESS_VIOLATION (0xc0000005) at pc=0x000001ab5d4814fc, pid=15232, tid=10732
#
# JRE version: OpenJDK Runtime Environment (16.0.1+9) (build 16.0.1+9-24)
# Java VM: OpenJDK 64-Bit Server VM (16.0.1+9-24, mixed mode, tiered, compressed oops, compressed class ptrs, g1 gc, windows-amd64)
# Problematic frame:
# j  jdk.internal.org.objectweb.asm.Frame.setInputFrameFromDescriptor(Ljdk/internal/org/objectweb/asm/SymbolTable;ILjava/lang/String;I)V+69 java.base@16.0.1
#
# No core dump will be written. Minidumps are not enabled by default on client versions of Windows
#
# If you would like to submit a bug report, please visit:
#   https://bugreport.java.com/bugreport/crash.jsp
#

---------------  S U M M A R Y ------------

Command Line: -Dfile.encoding=Cp1252 --module-path=C:\Users\surya\OneDrive\Desktop\Projects\Surchessake\Eclipse Project\bin -XX:+ShowCodeDetailsInExceptionMessages -Djdk.module.main=surya surya/main.surchessake

Host: Intel(R) Core(TM) i7-8750H CPU @ 2.20GHz, 12 cores, 15G,  Windows 10 , 64 bit Build 19041 (10.0.19041.1023)
Time: Mon Jul 19 19:26:27 2021 Central Daylight Time elapsed time: 0.218627 seconds (0d 0h 0m 0s)

---------------  T H R E A D  ---------------

Current thread (0x000001ab79b1af80):  JavaThread "Thread-0" [_thread_in_Java, id=10732, stack(0x000000a0d4e00000,0x000000a0d4f00000)]

Stack: [0x000000a0d4e00000,0x000000a0d4f00000],  sp=0x000000a0d4efb300,  free space=1004k
Native frames: (J=compiled Java code, j=interpreted, Vv=VM code, C=native code)
C  0x000001ab5d4814fc


siginfo: EXCEPTION_ACCESS_VIOLATION (0xc0000005), writing address 0x000000a0007fffd2


Register to memory mapping:

RIP=0x000001ab5d4814fc is at code_begin+60 in an Interpreter codelet
astore  58 astore  [0x000001ab5d4814c0, 0x000001ab5d481540]  128 bytes
RAX=0x00000007115919e0 is an oop: [Ljdk.internal.org.objectweb.asm.Type; 
{0x00000007115919e0} - klass: 'jdk/internal/org/objectweb/asm/Type'[]
 - length: 1
RBX=0xfffffffffffffffa is an unknown value
RCX=0x0000000000000058 is an unknown value
RDX=0x000000a0d4efb270 is pointing into the stack for thread: 0x000001ab79b1af80
RSP=0x000000a0d4efb300 is pointing into the stack for thread: 0x000001ab79b1af80
RBP=0x000000a0d4efb340 is pointing into the stack for thread: 0x000001ab79b1af80
RSI=0x0 is NULL
RDI=0x0000000000000008 is an unknown value
R8 =0x0000000000000013 is an unknown value
R9 =0x0000000000000012 is an unknown value
R10=0x00007ffc1cb7cdb0 jvm.dll
R11=0x0000000000000026 is an unknown value
R12=0x0 is NULL
R13=0x000001ab79459230 is pointing into metadata
R14=0x000000a000800002 is an unknown value
R15=0x000001ab79b1af80 is a thread


Registers:
RAX=0x00000007115919e0, RBX=0xfffffffffffffffa, RCX=0x0000000000000058, RDX=0x000000a0d4efb270
RSP=0x000000a0d4efb300, RBP=0x000000a0d4efb340, RSI=0x0000000000000000, RDI=0x0000000000000008
R8 =0x0000000000000013, R9 =0x0000000000000012, R10=0x00007ffc1cb7cdb0, R11=0x0000000000000026
R12=0x0000000000000000, R13=0x000001ab79459230, R14=0x000000a000800002, R15=0x000001ab79b1af80
RIP=0x000001ab5d4814fc, EFLAGS=0x0000000000010297

Top of Stack: (sp=0x000000a0d4efb300)
0x000000a0d4efb300:   000001ab7945922d 000000a000800002
0x000000a0d4efb310:   000001ab7945b7f0 0000000000000000
0x000000a0d4efb320:   00000007116f8b10 000001ab79459318
0x000000a0d4efb330:   0000000000000000 000000a0d4efb380
0x000000a0d4efb340:   000000a0d4efb3f0 000001ab5d47950a
0x000000a0d4efb350:   0000000000000000 0000000000000000
0x000000a0d4efb360:   0000000000000000 0000000000000000
0x000000a0d4efb370:   0000000000000000 0000000000000001
0x000000a0d4efb380:   0000000000000002 00000007116ebea0
0x000000a0d4efb390:   0000000000000008 00000007115903d0
0x000000a0d4efb3a0:   0000000711590e58 000000a0d4efb3a8
0x000000a0d4efb3b0:   000001ab793f6f19 000000a0d4efb448
0x000000a0d4efb3c0:   000001ab793fc018 0000000000000000
0x000000a0d4efb3d0:   00000007116eb580 000001ab793f71c8
0x000000a0d4efb3e0:   000000a0d4efb380 000000a0d4efb448
0x000000a0d4efb3f0:   000000a0d4efb498 000001ab5d47950a 

Instructions: (pc=0x000001ab5d4814fc)
0x000001ab5d4813fc:   00 00 00 00 a0 00 00 00 00 00 00 00 a8 d0 92 1c
0x000001ab5d48140c:   fc 7f 00 00 39 00 00 00 00 00 00 00 00 00 00 00
0x000001ab5d48141c:   00 00 00 00 c5 fb 10 04 24 48 83 c4 10 41 0f b6
0x000001ab5d48142c:   5d 01 48 f7 db c4 c1 7b 11 44 de f8 41 0f b6 5d
0x000001ab5d48143c:   02 49 83 c5 02 49 ba b0 d5 b7 1c fc 7f 00 00 41
0x000001ab5d48144c:   ff 24 da c5 fb 10 04 24 48 83 c4 10 41 0f b7 5d
0x000001ab5d48145c:   02 0f cb c1 eb 10 48 f7 db c4 c1 7b 11 44 de f8
0x000001ab5d48146c:   41 0f b6 5d 04 49 83 c5 04 49 ba b0 d5 b7 1c fc
0x000001ab5d48147c:   7f 00 00 41 ff 24 da 0f 1f 44 00 00 00 00 00 00
0x000001ab5d48148c:   00 00 00 00 00 00 00 00 00 00 00 00 00 00 00 00
0x000001ab5d48149c:   00 00 00 00 a0 00 00 00 00 00 00 00 b0 d0 92 1c
0x000001ab5d4814ac:   fc 7f 00 00 3a 00 00 00 00 00 00 00 00 00 00 00
0x000001ab5d4814bc:   00 00 00 00 48 83 ec 08 c5 fa 11 04 24 e9 25 00
0x000001ab5d4814cc:   00 00 48 83 ec 10 c5 fb 11 04 24 e9 17 00 00 00
0x000001ab5d4814dc:   48 83 ec 10 48 89 04 24 48 c7 44 24 08 00 00 00
0x000001ab5d4814ec:   00 e9 01 00 00 00 50 58 41 0f b6 5d 01 48 f7 db
0x000001ab5d4814fc:   49 89 04 de 41 0f b6 5d 02 49 83 c5 02 49 ba b0
0x000001ab5d48150c:   d5 b7 1c fc 7f 00 00 41 ff 24 da 58 41 0f b7 5d
0x000001ab5d48151c:   02 0f cb c1 eb 10 48 f7 db 49 89 04 de 41 0f b6
0x000001ab5d48152c:   5d 04 49 83 c5 04 49 ba b0 d5 b7 1c fc 7f 00 00
0x000001ab5d48153c:   41 ff 24 da 40 00 00 00 00 00 00 00 b8 d0 92 1c
0x000001ab5d48154c:   fc 7f 00 00 3b 00 00 00 00 00 00 00 00 00 00 00
0x000001ab5d48155c:   00 00 00 00 8b 04 24 48 83 c4 08 41 89 06 41 0f
0x000001ab5d48156c:   b6 5d 01 49 ff c5 49 ba b0 d5 b7 1c fc 7f 00 00
0x000001ab5d48157c:   41 ff 24 da 60 00 00 00 00 00 00 00 c8 d0 92 1c
0x000001ab5d48158c:   fc 7f 00 00 3c 00 00 00 00 00 00 00 00 00 00 00
0x000001ab5d48159c:   00 00 00 00 8b 04 24 48 83 c4 08 41 89 46 f8 41
0x000001ab5d4815ac:   0f b6 5d 01 49 ff c5 49 ba b0 d5 b7 1c fc 7f 00
0x000001ab5d4815bc:   00 41 ff 24 da 0f 1f 80 00 00 00 00 00 00 00 00
0x000001ab5d4815cc:   00 00 00 00 00 00 00 00 00 00 00 00 00 00 00 00
0x000001ab5d4815dc:   00 00 00 00 60 00 00 00 00 00 00 00 d8 d0 92 1c
0x000001ab5d4815ec:   fc 7f 00 00 3d 00 00 00 00 00 00 00 00 00 00 00 


Stack slot to memory mapping:
stack at sp + 0 slots: 0x000001ab7945922d is pointing into metadata
stack at sp + 1 slots: 0x000000a000800002 is an unknown value
stack at sp + 2 slots: 0x000001ab7945b7f0 is pointing into metadata
stack at sp + 3 slots: 0x0 is NULL
stack at sp + 4 slots: 0x00000007116f8b10 is an oop: java.lang.Class 
{0x00000007116f8b10} - klass: 'java/lang/Class'
stack at sp + 5 slots: {method} {0x000001ab79459320} 'setInputFrameFromDescriptor' '(Ljdk/internal/org/objectweb/asm/SymbolTable;ILjava/lang/String;I)V' in 'jdk/internal/org/objectweb/asm/Frame'
stack at sp + 6 slots: 0x0 is NULL
stack at sp + 7 slots: 0x000000a0d4efb380 is pointing into the stack for thread: 0x000001ab79b1af80

astore  58 astore  [0x000001ab5d4814c0, 0x000001ab5d481540]  128 bytes
[MachCode]
  0x000001ab5d4814c0: 4883 ec08 | c5fa 1104 | 24e9 2500 | 0000 4883 | ec10 c5fb | 1104 24e9 | 1700 0000 | 4883 ec10 
  0x000001ab5d4814e0: 4889 0424 | 48c7 4424 | 0800 0000 | 00e9 0100 | 0000 5058 | 410f b65d | 0148 f7db | 4989 04de 
  0x000001ab5d481500: 410f b65d | 0249 83c5 | 0249 bab0 | d5b7 1cfc | 7f00 0041 | ff24 da58 | 410f b75d | 020f cbc1 
  0x000001ab5d481520: eb10 48f7 | db49 8904 | de41 0fb6 | 5d04 4983 | c504 49ba | b0d5 b71c | fc7f 0000 | 41ff 24da 
[/MachCode]

---------------  P R O C E S S  ---------------

Threads class SMR info:
_java_thread_list=0x000001ab79b591a0, length=13, elements={
0x000001ab79817bd0, 0x000001ab79819230, 0x000001ab7985e630, 0x000001ab7985f230,
0x000001ab79862d50, 0x000001ab79863750, 0x000001ab79867a30, 0x000001ab7986a530,
0x000001ab7986af70, 0x000001ab78d46240, 0x000001ab79afd4d0, 0x000001ab79b1af80,
0x000001ab57e6eaa0
}

Java Threads: ( => current thread )
  0x000001ab79817bd0 JavaThread "Reference Handler" daemon [_thread_blocked, id=20876, stack(0x000000a0d4200000,0x000000a0d4300000)]
  0x000001ab79819230 JavaThread "Finalizer" daemon [_thread_blocked, id=21820, stack(0x000000a0d4300000,0x000000a0d4400000)]
  0x000001ab7985e630 JavaThread "Signal Dispatcher" daemon [_thread_blocked, id=20980, stack(0x000000a0d4400000,0x000000a0d4500000)]
  0x000001ab7985f230 JavaThread "Attach Listener" daemon [_thread_blocked, id=19064, stack(0x000000a0d4500000,0x000000a0d4600000)]
  0x000001ab79862d50 JavaThread "Service Thread" daemon [_thread_blocked, id=20332, stack(0x000000a0d4600000,0x000000a0d4700000)]
  0x000001ab79863750 JavaThread "Monitor Deflation Thread" daemon [_thread_blocked, id=15108, stack(0x000000a0d4700000,0x000000a0d4800000)]
  0x000001ab79867a30 JavaThread "C2 CompilerThread0" daemon [_thread_blocked, id=16672, stack(0x000000a0d4800000,0x000000a0d4900000)]
  0x000001ab7986a530 JavaThread "C1 CompilerThread0" daemon [_thread_blocked, id=7512, stack(0x000000a0d4900000,0x000000a0d4a00000)]
  0x000001ab7986af70 JavaThread "Sweeper thread" daemon [_thread_blocked, id=21968, stack(0x000000a0d4a00000,0x000000a0d4b00000)]
  0x000001ab78d46240 JavaThread "Common-Cleaner" daemon [_thread_blocked, id=1564, stack(0x000000a0d4b00000,0x000000a0d4c00000)]
  0x000001ab79afd4d0 JavaThread "Notification Thread" daemon [_thread_blocked, id=21580, stack(0x000000a0d4c00000,0x000000a0d4d00000)]
=>0x000001ab79b1af80 JavaThread "Thread-0" [_thread_in_Java, id=10732, stack(0x000000a0d4e00000,0x000000a0d4f00000)]
  0x000001ab57e6eaa0 JavaThread "DestroyJavaVM" [_thread_blocked, id=21784, stack(0x000000a0d3b00000,0x000000a0d3c00000)]

Other Threads:
  0x000001ab78daeba0 VMThread "VM Thread" [stack: 0x000000a0d4100000,0x000000a0d4200000] [id=19744]
  0x000001ab59eff8c0 WatcherThread [stack: 0x000000a0d4d00000,0x000000a0d4e00000] [id=20844]
  0x000001ab59f4d1e0 GCTaskThread "GC Thread#0" [stack: 0x000000a0d3c00000,0x000000a0d3d00000] [id=22236]
  0x000001ab59f5f950 ConcurrentGCThread "G1 Main Marker" [stack: 0x000000a0d3d00000,0x000000a0d3e00000] [id=3084]
  0x000001ab59f61450 ConcurrentGCThread "G1 Conc#0" [stack: 0x000000a0d3e00000,0x000000a0d3f00000] [id=22432]
  0x000001ab59fddc90 ConcurrentGCThread "G1 Refine#0" [stack: 0x000000a0d3f00000,0x000000a0d4000000] [id=9588]
  0x000001ab59fde790 ConcurrentGCThread "G1 Service" [stack: 0x000000a0d4000000,0x000000a0d4100000] [id=21728]

Threads with active compile tasks:

VM state: not at safepoint (normal execution)

VM Mutex/Monitor currently owned by a thread: None

Heap address: 0x0000000701800000, size: 4072 MB, Compressed Oops mode: Zero based, Oop shift amount: 3

CDS disabled.
Compressed class space mapped at: 0x0000000800000000-0x0000000840000000, reserved size: 1073741824
Narrow klass base: 0x0000000800000000, Narrow klass shift: 0, Narrow klass range: 0x40000000

GC Precious Log:
 CPUs: 12 total, 12 available
 Memory: 16284M
 Large Page Support: Disabled
 NUMA Support: Disabled
 Compressed Oops: Enabled (Zero based)
 Heap Region Size: 2M
 Heap Min Capacity: 8M
 Heap Initial Capacity: 256M
 Heap Max Capacity: 4072M
 Pre-touch: Disabled
 Parallel Workers: 10
 Concurrent Workers: 3
 Concurrent Refinement Workers: 10
 Periodic GC: Disabled

Heap:
 garbage-first heap   total 262144K, used 2048K [0x0000000701800000, 0x0000000800000000)
  region size 2048K, 2 young (4096K), 0 survivors (0K)
 Metaspace       used 9160K, committed 9280K, reserved 1064960K
  class space    used 828K, committed 896K, reserved 1048576K

Heap Regions: E=young(eden), S=young(survivor), O=old, HS=humongous(starts), HC=humongous(continues), CS=collection set, F=free, OA=open archive, CA=closed archive, TAMS=top-at-mark-start (previous, next)
|   0|0x0000000701800000, 0x0000000701800000, 0x0000000701a00000|  0%| F|  |TAMS 0x0000000701800000, 0x0000000701800000| Untracked 
|   1|0x0000000701a00000, 0x0000000701a00000, 0x0000000701c00000|  0%| F|  |TAMS 0x0000000701a00000, 0x0000000701a00000| Untracked 
|   2|0x0000000701c00000, 0x0000000701c00000, 0x0000000701e00000|  0%| F|  |TAMS 0x0000000701c00000, 0x0000000701c00000| Untracked 
|   3|0x0000000701e00000, 0x0000000701e00000, 0x0000000702000000|  0%| F|  |TAMS 0x0000000701e00000, 0x0000000701e00000| Untracked 
|   4|0x0000000702000000, 0x0000000702000000, 0x0000000702200000|  0%| F|  |TAMS 0x0000000702000000, 0x0000000702000000| Untracked 
|   5|0x0000000702200000, 0x0000000702200000, 0x0000000702400000|  0%| F|  |TAMS 0x0000000702200000, 0x0000000702200000| Untracked 
|   6|0x0000000702400000, 0x0000000702400000, 0x0000000702600000|  0%| F|  |TAMS 0x0000000702400000, 0x0000000702400000| Untracked 
|   7|0x0000000702600000, 0x0000000702600000, 0x0000000702800000|  0%| F|  |TAMS 0x0000000702600000, 0x0000000702600000| Untracked 
|   8|0x0000000702800000, 0x0000000702800000, 0x0000000702a00000|  0%| F|  |TAMS 0x0000000702800000, 0x0000000702800000| Untracked 
|   9|0x0000000702a00000, 0x0000000702a00000, 0x0000000702c00000|  0%| F|  |TAMS 0x0000000702a00000, 0x0000000702a00000| Untracked 
|  10|0x0000000702c00000, 0x0000000702c00000, 0x0000000702e00000|  0%| F|  |TAMS 0x0000000702c00000, 0x0000000702c00000| Untracked 
|  11|0x0000000702e00000, 0x0000000702e00000, 0x0000000703000000|  0%| F|  |TAMS 0x0000000702e00000, 0x0000000702e00000| Untracked 
|  12|0x0000000703000000, 0x0000000703000000, 0x0000000703200000|  0%| F|  |TAMS 0x0000000703000000, 0x0000000703000000| Untracked 
|  13|0x0000000703200000, 0x0000000703200000, 0x0000000703400000|  0%| F|  |TAMS 0x0000000703200000, 0x0000000703200000| Untracked 
|  14|0x0000000703400000, 0x0000000703400000, 0x0000000703600000|  0%| F|  |TAMS 0x0000000703400000, 0x0000000703400000| Untracked 
|  15|0x0000000703600000, 0x0000000703600000, 0x0000000703800000|  0%| F|  |TAMS 0x0000000703600000, 0x0000000703600000| Untracked 
|  16|0x0000000703800000, 0x0000000703800000, 0x0000000703a00000|  0%| F|  |TAMS 0x0000000703800000, 0x0000000703800000| Untracked 
|  17|0x0000000703a00000, 0x0000000703a00000, 0x0000000703c00000|  0%| F|  |TAMS 0x0000000703a00000, 0x0000000703a00000| Untracked 
|  18|0x0000000703c00000, 0x0000000703c00000, 0x0000000703e00000|  0%| F|  |TAMS 0x0000000703c00000, 0x0000000703c00000| Untracked 
|  19|0x0000000703e00000, 0x0000000703e00000, 0x0000000704000000|  0%| F|  |TAMS 0x0000000703e00000, 0x0000000703e00000| Untracked 
|  20|0x0000000704000000, 0x0000000704000000, 0x0000000704200000|  0%| F|  |TAMS 0x0000000704000000, 0x0000000704000000| Untracked 
|  21|0x0000000704200000, 0x0000000704200000, 0x0000000704400000|  0%| F|  |TAMS 0x0000000704200000, 0x0000000704200000| Untracked 
|  22|0x0000000704400000, 0x0000000704400000, 0x0000000704600000|  0%| F|  |TAMS 0x0000000704400000, 0x0000000704400000| Untracked 
|  23|0x0000000704600000, 0x0000000704600000, 0x0000000704800000|  0%| F|  |TAMS 0x0000000704600000, 0x0000000704600000| Untracked 
|  24|0x0000000704800000, 0x0000000704800000, 0x0000000704a00000|  0%| F|  |TAMS 0x0000000704800000, 0x0000000704800000| Untracked 
|  25|0x0000000704a00000, 0x0000000704a00000, 0x0000000704c00000|  0%| F|  |TAMS 0x0000000704a00000, 0x0000000704a00000| Untracked 
|  26|0x0000000704c00000, 0x0000000704c00000, 0x0000000704e00000|  0%| F|  |TAMS 0x0000000704c00000, 0x0000000704c00000| Untracked 
|  27|0x0000000704e00000, 0x0000000704e00000, 0x0000000705000000|  0%| F|  |TAMS 0x0000000704e00000, 0x0000000704e00000| Untracked 
|  28|0x0000000705000000, 0x0000000705000000, 0x0000000705200000|  0%| F|  |TAMS 0x0000000705000000, 0x0000000705000000| Untracked 
|  29|0x0000000705200000, 0x0000000705200000, 0x0000000705400000|  0%| F|  |TAMS 0x0000000705200000, 0x0000000705200000| Untracked 
|  30|0x0000000705400000, 0x0000000705400000, 0x0000000705600000|  0%| F|  |TAMS 0x0000000705400000, 0x0000000705400000| Untracked 
|  31|0x0000000705600000, 0x0000000705600000, 0x0000000705800000|  0%| F|  |TAMS 0x0000000705600000, 0x0000000705600000| Untracked 
|  32|0x0000000705800000, 0x0000000705800000, 0x0000000705a00000|  0%| F|  |TAMS 0x0000000705800000, 0x0000000705800000| Untracked 
|  33|0x0000000705a00000, 0x0000000705a00000, 0x0000000705c00000|  0%| F|  |TAMS 0x0000000705a00000, 0x0000000705a00000| Untracked 
|  34|0x0000000705c00000, 0x0000000705c00000, 0x0000000705e00000|  0%| F|  |TAMS 0x0000000705c00000, 0x0000000705c00000| Untracked 
|  35|0x0000000705e00000, 0x0000000705e00000, 0x0000000706000000|  0%| F|  |TAMS 0x0000000705e00000, 0x0000000705e00000| Untracked 
|  36|0x0000000706000000, 0x0000000706000000, 0x0000000706200000|  0%| F|  |TAMS 0x0000000706000000, 0x0000000706000000| Untracked 
|  37|0x0000000706200000, 0x0000000706200000, 0x0000000706400000|  0%| F|  |TAMS 0x0000000706200000, 0x0000000706200000| Untracked 
|  38|0x0000000706400000, 0x0000000706400000, 0x0000000706600000|  0%| F|  |TAMS 0x0000000706400000, 0x0000000706400000| Untracked 
|  39|0x0000000706600000, 0x0000000706600000, 0x0000000706800000|  0%| F|  |TAMS 0x0000000706600000, 0x0000000706600000| Untracked 
|  40|0x0000000706800000, 0x0000000706800000, 0x0000000706a00000|  0%| F|  |TAMS 0x0000000706800000, 0x0000000706800000| Untracked 
|  41|0x0000000706a00000, 0x0000000706a00000, 0x0000000706c00000|  0%| F|  |TAMS 0x0000000706a00000, 0x0000000706a00000| Untracked 
|  42|0x0000000706c00000, 0x0000000706c00000, 0x0000000706e00000|  0%| F|  |TAMS 0x0000000706c00000, 0x0000000706c00000| Untracked 
|  43|0x0000000706e00000, 0x0000000706e00000, 0x0000000707000000|  0%| F|  |TAMS 0x0000000706e00000, 0x0000000706e00000| Untracked 
|  44|0x0000000707000000, 0x0000000707000000, 0x0000000707200000|  0%| F|  |TAMS 0x0000000707000000, 0x0000000707000000| Untracked 
|  45|0x0000000707200000, 0x0000000707200000, 0x0000000707400000|  0%| F|  |TAMS 0x0000000707200000, 0x0000000707200000| Untracked 
|  46|0x0000000707400000, 0x0000000707400000, 0x0000000707600000|  0%| F|  |TAMS 0x0000000707400000, 0x0000000707400000| Untracked 
|  47|0x0000000707600000, 0x0000000707600000, 0x0000000707800000|  0%| F|  |TAMS 0x0000000707600000, 0x0000000707600000| Untracked 
|  48|0x0000000707800000, 0x0000000707800000, 0x0000000707a00000|  0%| F|  |TAMS 0x0000000707800000, 0x0000000707800000| Untracked 
|  49|0x0000000707a00000, 0x0000000707a00000, 0x0000000707c00000|  0%| F|  |TAMS 0x0000000707a00000, 0x0000000707a00000| Untracked 
|  50|0x0000000707c00000, 0x0000000707c00000, 0x0000000707e00000|  0%| F|  |TAMS 0x0000000707c00000, 0x0000000707c00000| Untracked 
|  51|0x0000000707e00000, 0x0000000707e00000, 0x0000000708000000|  0%| F|  |TAMS 0x0000000707e00000, 0x0000000707e00000| Untracked 
|  52|0x0000000708000000, 0x0000000708000000, 0x0000000708200000|  0%| F|  |TAMS 0x0000000708000000, 0x0000000708000000| Untracked 
|  53|0x0000000708200000, 0x0000000708200000, 0x0000000708400000|  0%| F|  |TAMS 0x0000000708200000, 0x0000000708200000| Untracked 
|  54|0x0000000708400000, 0x0000000708400000, 0x0000000708600000|  0%| F|  |TAMS 0x0000000708400000, 0x0000000708400000| Untracked 
|  55|0x0000000708600000, 0x0000000708600000, 0x0000000708800000|  0%| F|  |TAMS 0x0000000708600000, 0x0000000708600000| Untracked 
|  56|0x0000000708800000, 0x0000000708800000, 0x0000000708a00000|  0%| F|  |TAMS 0x0000000708800000, 0x0000000708800000| Untracked 
|  57|0x0000000708a00000, 0x0000000708a00000, 0x0000000708c00000|  0%| F|  |TAMS 0x0000000708a00000, 0x0000000708a00000| Untracked 
|  58|0x0000000708c00000, 0x0000000708c00000, 0x0000000708e00000|  0%| F|  |TAMS 0x0000000708c00000, 0x0000000708c00000| Untracked 
|  59|0x0000000708e00000, 0x0000000708e00000, 0x0000000709000000|  0%| F|  |TAMS 0x0000000708e00000, 0x0000000708e00000| Untracked 
|  60|0x0000000709000000, 0x0000000709000000, 0x0000000709200000|  0%| F|  |TAMS 0x0000000709000000, 0x0000000709000000| Untracked 
|  61|0x0000000709200000, 0x0000000709200000, 0x0000000709400000|  0%| F|  |TAMS 0x0000000709200000, 0x0000000709200000| Untracked 
|  62|0x0000000709400000, 0x0000000709400000, 0x0000000709600000|  0%| F|  |TAMS 0x0000000709400000, 0x0000000709400000| Untracked 
|  63|0x0000000709600000, 0x0000000709600000, 0x0000000709800000|  0%| F|  |TAMS 0x0000000709600000, 0x0000000709600000| Untracked 
|  64|0x0000000709800000, 0x0000000709800000, 0x0000000709a00000|  0%| F|  |TAMS 0x0000000709800000, 0x0000000709800000| Untracked 
|  65|0x0000000709a00000, 0x0000000709a00000, 0x0000000709c00000|  0%| F|  |TAMS 0x0000000709a00000, 0x0000000709a00000| Untracked 
|  66|0x0000000709c00000, 0x0000000709c00000, 0x0000000709e00000|  0%| F|  |TAMS 0x0000000709c00000, 0x0000000709c00000| Untracked 
|  67|0x0000000709e00000, 0x0000000709e00000, 0x000000070a000000|  0%| F|  |TAMS 0x0000000709e00000, 0x0000000709e00000| Untracked 
|  68|0x000000070a000000, 0x000000070a000000, 0x000000070a200000|  0%| F|  |TAMS 0x000000070a000000, 0x000000070a000000| Untracked 
|  69|0x000000070a200000, 0x000000070a200000, 0x000000070a400000|  0%| F|  |TAMS 0x000000070a200000, 0x000000070a200000| Untracked 
|  70|0x000000070a400000, 0x000000070a400000, 0x000000070a600000|  0%| F|  |TAMS 0x000000070a400000, 0x000000070a400000| Untracked 
|  71|0x000000070a600000, 0x000000070a600000, 0x000000070a800000|  0%| F|  |TAMS 0x000000070a600000, 0x000000070a600000| Untracked 
|  72|0x000000070a800000, 0x000000070a800000, 0x000000070aa00000|  0%| F|  |TAMS 0x000000070a800000, 0x000000070a800000| Untracked 
|  73|0x000000070aa00000, 0x000000070aa00000, 0x000000070ac00000|  0%| F|  |TAMS 0x000000070aa00000, 0x000000070aa00000| Untracked 
|  74|0x000000070ac00000, 0x000000070ac00000, 0x000000070ae00000|  0%| F|  |TAMS 0x000000070ac00000, 0x000000070ac00000| Untracked 
|  75|0x000000070ae00000, 0x000000070ae00000, 0x000000070b000000|  0%| F|  |TAMS 0x000000070ae00000, 0x000000070ae00000| Untracked 
|  76|0x000000070b000000, 0x000000070b000000, 0x000000070b200000|  0%| F|  |TAMS 0x000000070b000000, 0x000000070b000000| Untracked 
|  77|0x000000070b200000, 0x000000070b200000, 0x000000070b400000|  0%| F|  |TAMS 0x000000070b200000, 0x000000070b200000| Untracked 
|  78|0x000000070b400000, 0x000000070b400000, 0x000000070b600000|  0%| F|  |TAMS 0x000000070b400000, 0x000000070b400000| Untracked 
|  79|0x000000070b600000, 0x000000070b600000, 0x000000070b800000|  0%| F|  |TAMS 0x000000070b600000, 0x000000070b600000| Untracked 
|  80|0x000000070b800000, 0x000000070b800000, 0x000000070ba00000|  0%| F|  |TAMS 0x000000070b800000, 0x000000070b800000| Untracked 
|  81|0x000000070ba00000, 0x000000070ba00000, 0x000000070bc00000|  0%| F|  |TAMS 0x000000070ba00000, 0x000000070ba00000| Untracked 
|  82|0x000000070bc00000, 0x000000070bc00000, 0x000000070be00000|  0%| F|  |TAMS 0x000000070bc00000, 0x000000070bc00000| Untracked 
|  83|0x000000070be00000, 0x000000070be00000, 0x000000070c000000|  0%| F|  |TAMS 0x000000070be00000, 0x000000070be00000| Untracked 
|  84|0x000000070c000000, 0x000000070c000000, 0x000000070c200000|  0%| F|  |TAMS 0x000000070c000000, 0x000000070c000000| Untracked 
|  85|0x000000070c200000, 0x000000070c200000, 0x000000070c400000|  0%| F|  |TAMS 0x000000070c200000, 0x000000070c200000| Untracked 
|  86|0x000000070c400000, 0x000000070c400000, 0x000000070c600000|  0%| F|  |TAMS 0x000000070c400000, 0x000000070c400000| Untracked 
|  87|0x000000070c600000, 0x000000070c600000, 0x000000070c800000|  0%| F|  |TAMS 0x000000070c600000, 0x000000070c600000| Untracked 
|  88|0x000000070c800000, 0x000000070c800000, 0x000000070ca00000|  0%| F|  |TAMS 0x000000070c800000, 0x000000070c800000| Untracked 
|  89|0x000000070ca00000, 0x000000070ca00000, 0x000000070cc00000|  0%| F|  |TAMS 0x000000070ca00000, 0x000000070ca00000| Untracked 
|  90|0x000000070cc00000, 0x000000070cc00000, 0x000000070ce00000|  0%| F|  |TAMS 0x000000070cc00000, 0x000000070cc00000| Untracked 
|  91|0x000000070ce00000, 0x000000070ce00000, 0x000000070d000000|  0%| F|  |TAMS 0x000000070ce00000, 0x000000070ce00000| Untracked 
|  92|0x000000070d000000, 0x000000070d000000, 0x000000070d200000|  0%| F|  |TAMS 0x000000070d000000, 0x000000070d000000| Untracked 
|  93|0x000000070d200000, 0x000000070d200000, 0x000000070d400000|  0%| F|  |TAMS 0x000000070d200000, 0x000000070d200000| Untracked 
|  94|0x000000070d400000, 0x000000070d400000, 0x000000070d600000|  0%| F|  |TAMS 0x000000070d400000, 0x000000070d400000| Untracked 
|  95|0x000000070d600000, 0x000000070d600000, 0x000000070d800000|  0%| F|  |TAMS 0x000000070d600000, 0x000000070d600000| Untracked 
|  96|0x000000070d800000, 0x000000070d800000, 0x000000070da00000|  0%| F|  |TAMS 0x000000070d800000, 0x000000070d800000| Untracked 
|  97|0x000000070da00000, 0x000000070da00000, 0x000000070dc00000|  0%| F|  |TAMS 0x000000070da00000, 0x000000070da00000| Untracked 
|  98|0x000000070dc00000, 0x000000070dc00000, 0x000000070de00000|  0%| F|  |TAMS 0x000000070dc00000, 0x000000070dc00000| Untracked 
|  99|0x000000070de00000, 0x000000070de00000, 0x000000070e000000|  0%| F|  |TAMS 0x000000070de00000, 0x000000070de00000| Untracked 
| 100|0x000000070e000000, 0x000000070e000000, 0x000000070e200000|  0%| F|  |TAMS 0x000000070e000000, 0x000000070e000000| Untracked 
| 101|0x000000070e200000, 0x000000070e200000, 0x000000070e400000|  0%| F|  |TAMS 0x000000070e200000, 0x000000070e200000| Untracked 
| 102|0x000000070e400000, 0x000000070e400000, 0x000000070e600000|  0%| F|  |TAMS 0x000000070e400000, 0x000000070e400000| Untracked 
| 103|0x000000070e600000, 0x000000070e600000, 0x000000070e800000|  0%| F|  |TAMS 0x000000070e600000, 0x000000070e600000| Untracked 
| 104|0x000000070e800000, 0x000000070e800000, 0x000000070ea00000|  0%| F|  |TAMS 0x000000070e800000, 0x000000070e800000| Untracked 
| 105|0x000000070ea00000, 0x000000070ea00000, 0x000000070ec00000|  0%| F|  |TAMS 0x000000070ea00000, 0x000000070ea00000| Untracked 
| 106|0x000000070ec00000, 0x000000070ec00000, 0x000000070ee00000|  0%| F|  |TAMS 0x000000070ec00000, 0x000000070ec00000| Untracked 
| 107|0x000000070ee00000, 0x000000070ee00000, 0x000000070f000000|  0%| F|  |TAMS 0x000000070ee00000, 0x000000070ee00000| Untracked 
| 108|0x000000070f000000, 0x000000070f000000, 0x000000070f200000|  0%| F|  |TAMS 0x000000070f000000, 0x000000070f000000| Untracked 
| 109|0x000000070f200000, 0x000000070f200000, 0x000000070f400000|  0%| F|  |TAMS 0x000000070f200000, 0x000000070f200000| Untracked 
| 110|0x000000070f400000, 0x000000070f400000, 0x000000070f600000|  0%| F|  |TAMS 0x000000070f400000, 0x000000070f400000| Untracked 
| 111|0x000000070f600000, 0x000000070f600000, 0x000000070f800000|  0%| F|  |TAMS 0x000000070f600000, 0x000000070f600000| Untracked 
| 112|0x000000070f800000, 0x000000070f800000, 0x000000070fa00000|  0%| F|  |TAMS 0x000000070f800000, 0x000000070f800000| Untracked 
| 113|0x000000070fa00000, 0x000000070fa00000, 0x000000070fc00000|  0%| F|  |TAMS 0x000000070fa00000, 0x000000070fa00000| Untracked 
| 114|0x000000070fc00000, 0x000000070fc00000, 0x000000070fe00000|  0%| F|  |TAMS 0x000000070fc00000, 0x000000070fc00000| Untracked 
| 115|0x000000070fe00000, 0x000000070fe00000, 0x0000000710000000|  0%| F|  |TAMS 0x000000070fe00000, 0x000000070fe00000| Untracked 
| 116|0x0000000710000000, 0x0000000710000000, 0x0000000710200000|  0%| F|  |TAMS 0x0000000710000000, 0x0000000710000000| Untracked 
| 117|0x0000000710200000, 0x0000000710200000, 0x0000000710400000|  0%| F|  |TAMS 0x0000000710200000, 0x0000000710200000| Untracked 
| 118|0x0000000710400000, 0x0000000710400000, 0x0000000710600000|  0%| F|  |TAMS 0x0000000710400000, 0x0000000710400000| Untracked 
| 119|0x0000000710600000, 0x0000000710600000, 0x0000000710800000|  0%| F|  |TAMS 0x0000000710600000, 0x0000000710600000| Untracked 
| 120|0x0000000710800000, 0x0000000710800000, 0x0000000710a00000|  0%| F|  |TAMS 0x0000000710800000, 0x0000000710800000| Untracked 
| 121|0x0000000710a00000, 0x0000000710a00000, 0x0000000710c00000|  0%| F|  |TAMS 0x0000000710a00000, 0x0000000710a00000| Untracked 
| 122|0x0000000710c00000, 0x0000000710c00000, 0x0000000710e00000|  0%| F|  |TAMS 0x0000000710c00000, 0x0000000710c00000| Untracked 
| 123|0x0000000710e00000, 0x0000000710e00000, 0x0000000711000000|  0%| F|  |TAMS 0x0000000710e00000, 0x0000000710e00000| Untracked 
| 124|0x0000000711000000, 0x0000000711000000, 0x0000000711200000|  0%| F|  |TAMS 0x0000000711000000, 0x0000000711000000| Untracked 
| 125|0x0000000711200000, 0x0000000711200000, 0x0000000711400000|  0%| F|  |TAMS 0x0000000711200000, 0x0000000711200000| Untracked 
| 126|0x0000000711400000, 0x0000000711600000, 0x0000000711600000|100%| E|  |TAMS 0x0000000711400000, 0x0000000711400000| Complete 
| 127|0x0000000711600000, 0x0000000711800000, 0x0000000711800000|100%| E|CS|TAMS 0x0000000711600000, 0x0000000711600000| Complete 

Card table byte_map: [0x000001ab6d1c0000,0x000001ab6d9c0000] _byte_map_base: 0x000001ab699b4000

Marking Bits (Prev, Next): (CMBitMap*) 0x000001ab59f4d8d0, (CMBitMap*) 0x000001ab59f4d910
 Prev Bits: [0x000001ab6e1c0000, 0x000001ab72160000)
 Next Bits: [0x000001ab72160000, 0x000001ab76100000)

Polling page: 0x000001ab57e90000

Metaspace:

Usage:
  Non-class:      8.14 MB used.
      Class:    828.95 KB used.
       Both:      8.95 MB used.

Virtual space:
  Non-class space:       16.00 MB reserved,       8.19 MB ( 51%) committed,  2 nodes.
      Class space:        1.00 GB reserved,     896.00 KB ( <1%) committed,  1 nodes.
              Both:        1.02 GB reserved,       9.06 MB ( <1%) committed. 

Chunk freelists:
   Non-Class:  3.00 MB
       Class:  3.09 MB
        Both:  6.09 MB

MaxMetaspaceSize: 17179869184.00 GB
CompressedClassSpaceSize: 1.00 GB
 - commit_granule_bytes: 65536.
 - commit_granule_words: 8192.
 - virtual_space_node_default_size: 1048576.
 - enlarge_chunks_in_place: 1.
 - new_chunks_are_fully_committed: 0.
 - uncommit_free_chunks: 1.
 - use_allocation_guard: 0.
 - handle_deallocations: 1.


Internal statistics:

num_allocs_failed_limit: 0.
num_arena_births: 64.
num_arena_deaths: 0.
num_vsnodes_births: 3.
num_vsnodes_deaths: 0.
num_space_committed: 145.
num_space_uncommitted: 0.
num_chunks_returned_to_freelist: 0.
num_chunks_taken_from_freelist: 101.
num_chunk_merges: 0.
num_chunk_splits: 56.
num_chunks_enlarged: 27.
num_purges: 0.

CodeHeap 'non-profiled nmethods': size=120000Kb used=114Kb max_used=114Kb free=119885Kb
 bounds [0x000001ab64f40000, 0x000001ab651b0000, 0x000001ab6c470000]
CodeHeap 'profiled nmethods': size=120000Kb used=457Kb max_used=457Kb free=119542Kb
 bounds [0x000001ab5da10000, 0x000001ab5dc80000, 0x000001ab64f40000]
CodeHeap 'non-nmethods': size=5760Kb used=1162Kb max_used=1162Kb free=4597Kb
 bounds [0x000001ab5d470000, 0x000001ab5d6e0000, 0x000001ab5da10000]
 total_blobs=788 nmethods=339 adapters=362
 compilation: enabled
              stopped_count=0, restarted_count=0
 full_count=0

Compilation events (20 events):
Event: 0.197 Thread 0x000001ab7986a530  330       3       jdk.internal.org.objectweb.asm.SymbolTable::addConstantMemberReference (147 bytes)
Event: 0.198 Thread 0x000001ab7986a530 nmethod 330 0x000001ab5da7a790 code [0x000001ab5da7aa20, 0x000001ab5da7b308]
Event: 0.198 Thread 0x000001ab7986a530  333       3       java.lang.invoke.LambdaForm$Name::<init> (54 bytes)
Event: 0.198 Thread 0x000001ab7986a530 nmethod 333 0x000001ab5da7b810 code [0x000001ab5da7b9c0, 0x000001ab5da7bc98]
Event: 0.198 Thread 0x000001ab7986a530  320       3       java.lang.invoke.LambdaForm$Name::<init> (44 bytes)
Event: 0.198 Thread 0x000001ab7986a530 nmethod 320 0x000001ab5da7bd90 code [0x000001ab5da7bfc0, 0x000001ab5da7c5a8]
Event: 0.198 Thread 0x000001ab7986a530  321       3       java.lang.invoke.LambdaForm$NamedFunction::returnType (11 bytes)
Event: 0.198 Thread 0x000001ab7986a530 nmethod 321 0x000001ab5da7c890 code [0x000001ab5da7ca80, 0x000001ab5da7cf08]
Event: 0.206 Thread 0x000001ab7986a530  334       3       java.lang.invoke.MethodType::insertParameterTypes (121 bytes)
Event: 0.206 Thread 0x000001ab7986a530 nmethod 334 0x000001ab5da7d110 code [0x000001ab5da7d3e0, 0x000001ab5da7e208]
Event: 0.206 Thread 0x000001ab7986a530  336       3       sun.invoke.util.VerifyAccess::isSamePackage (32 bytes)
Event: 0.207 Thread 0x000001ab7986a530 nmethod 336 0x000001ab5da7e790 code [0x000001ab5da7eac0, 0x000001ab5da80068]
Event: 0.207 Thread 0x000001ab7986a530  335       1       java.lang.reflect.Method::getName (5 bytes)
Event: 0.207 Thread 0x000001ab7986a530 nmethod 335 0x000001ab64f5c890 code [0x000001ab64f5ca20, 0x000001ab64f5caf8]
Event: 0.216 Thread 0x000001ab7986a530  337       3       java.lang.String::toString (2 bytes)
Event: 0.216 Thread 0x000001ab7986a530 nmethod 337 0x000001ab5da80690 code [0x000001ab5da80820, 0x000001ab5da80938]
Event: 0.216 Thread 0x000001ab7986a530  338       3       java.lang.invoke.LambdaForm$BasicType::basicType (172 bytes)
Event: 0.216 Thread 0x000001ab7986a530 nmethod 338 0x000001ab5da80a10 code [0x000001ab5da80ca0, 0x000001ab5da81768]
Event: 0.217 Thread 0x000001ab7986a530  339       3       java.lang.invoke.MemberName$Factory::resolveOrFail (79 bytes)
Event: 0.217 Thread 0x000001ab7986a530 nmethod 339 0x000001ab5da81a10 code [0x000001ab5da81c40, 0x000001ab5da823d8]

GC Heap History (0 events):
No events

Deoptimization events (4 events):
Event: 0.131 Thread 0x000001ab57e6eaa0 Uncommon trap: trap_request=0xffffff45 fr.pc=0x000001ab64f481a0 relative=0x0000000000000080
Event: 0.131 Thread 0x000001ab57e6eaa0 Uncommon trap: reason=unstable_if action=reinterpret pc=0x000001ab64f481a0 method=java.lang.String.isLatin1()Z @ 10 c2
Event: 0.131 Thread 0x000001ab57e6eaa0 DEOPT PACKING pc=0x000001ab64f481a0 sp=0x000000a0d3bfef20
Event: 0.131 Thread 0x000001ab57e6eaa0 DEOPT UNPACKING pc=0x000001ab5d4bd72e sp=0x000000a0d3bfee60 mode 2

Classes unloaded (0 events):
No events

Classes redefined (0 events):
No events

Internal exceptions (8 events):
Event: 0.108 Thread 0x000001ab57e6eaa0 Exception <a 'java/lang/NoSuchMethodError'{0x000000071171de48}: 'void java.lang.invoke.DirectMethodHandle$Holder.invokeVirtual(java.lang.Object, java.lang.Object)'> (0x000000071171de48) 
thrown [t:\workspace\open\src\hotspot\share\interpreter\linkResolver.cpp, line 790]
Event: 0.143 Thread 0x000001ab57e6eaa0 Exception <a 'java/lang/NoSuchMethodError'{0x00000007114488c0}: 'void java.lang.invoke.DirectMethodHandle$Holder.invokeSpecial(java.lang.Object, java.lang.Object, java.lang.Object)'> (0x00000007114488c0) 
thrown [t:\workspace\open\src\hotspot\share\interpreter\linkResolver.cpp, line 790]
Event: 0.148 Thread 0x000001ab57e6eaa0 Exception <a 'sun/nio/fs/WindowsException'{0x0000000711455dd0}> (0x0000000711455dd0) 
thrown [t:\workspace\open\src\hotspot\share\prims\jni.cpp, line 579]
Event: 0.153 Thread 0x000001ab57e6eaa0 Exception <a 'java/lang/ClassNotFoundException'{0x000000071145c050}: sun/awt/resources/spi/awtProvider> (0x000000071145c050) 
thrown [t:\workspace\open\src\hotspot\share\classfile\systemDictionary.cpp, line 256]
Event: 0.170 Thread 0x000001ab57e6eaa0 Exception <a 'java/io/FileNotFoundException'{0x00000007114b17f0}> (0x00000007114b17f0) 
thrown [t:\workspace\open\src\hotspot\share\prims\jni.cpp, line 579]
Event: 0.176 Thread 0x000001ab57e6eaa0 Exception <a 'java/io/FileNotFoundException'{0x00000007114e0330}> (0x00000007114e0330) 
thrown [t:\workspace\open\src\hotspot\share\prims\jni.cpp, line 579]
Event: 0.177 Thread 0x000001ab57e6eaa0 Exception <a 'java/lang/NoSuchMethodError'{0x00000007114e1568}: 'java.lang.Object java.lang.invoke.DirectMethodHandle$Holder.invokeStatic(java.lang.Object)'> (0x00000007114e1568) 
thrown [t:\workspace\open\src\hotspot\share\interpreter\linkResolver.cpp, line 790]
Event: 0.217 Thread 0x000001ab79b1af80 Exception <a 'java/lang/NoSuchMethodError'{0x000000071158fcc8}: 'java.lang.Object java.lang.invoke.DirectMethodHandle$Holder.invokeStaticInit(java.lang.Object)'> (0x000000071158fcc8) 
thrown [t:\workspace\open\src\hotspot\share\interpreter\linkResolver.cpp, line 790]

Events (20 events):
Event: 0.215 loading class java/beans/ChangeListenerMap done
Event: 0.215 loading class java/beans/PropertyChangeSupport$PropertyChangeListenerMap done
Event: 0.215 loading class java/beans/PropertyChangeListener
Event: 0.215 loading class java/beans/PropertyChangeListener done
Event: 0.215 loading class sun/awt/SunToolkit$ModalityListenerList
Event: 0.215 loading class sun/awt/ModalityListener
Event: 0.215 loading class sun/awt/ModalityListener done
Event: 0.215 loading class sun/awt/SunToolkit$ModalityListenerList done
Event: 0.215 loading class sun/awt/util/PerformanceLogger
Event: 0.216 loading class sun/awt/util/PerformanceLogger done
Event: 0.216 loading class sun/awt/util/PerformanceLogger$TimeData
Event: 0.216 loading class sun/awt/util/PerformanceLogger$TimeData done
Event: 0.216 loading class sun/awt/windows/WToolkit$ToolkitDisposer
Event: 0.216 loading class sun/java2d/DisposerRecord
Event: 0.216 loading class sun/java2d/DisposerRecord done
Event: 0.216 loading class sun/awt/windows/WToolkit$ToolkitDisposer done
Event: 0.216 loading class sun/java2d/Disposer
Event: 0.216 loading class sun/java2d/Disposer done
Event: 0.216 loading class sun/java2d/Disposer$1
Event: 0.216 loading class sun/java2d/Disposer$1 done


Dynamic libraries:
0x00007ff680870000 - 0x00007ff68087e000 	C:\Users\surya\.p2\pool\plugins\org.eclipse.justj.openjdk.hotspot.jre.full.win32.x86_64_16.0.1.v20210528-1205\jre\bin\javaw.exe
0x00007ffc99150000 - 0x00007ffc99345000 	C:\WINDOWS\SYSTEM32\ntdll.dll
0x00007ffc97ed0000 - 0x00007ffc97f8d000 	C:\WINDOWS\System32\KERNEL32.DLL
0x00007ffc96a90000 - 0x00007ffc96d59000 	C:\WINDOWS\System32\KERNELBASE.dll
0x00007ffc96f70000 - 0x00007ffc97070000 	C:\WINDOWS\System32\ucrtbase.dll
0x00007ffc8fe80000 - 0x00007ffc8fe98000 	C:\Users\surya\.p2\pool\plugins\org.eclipse.justj.openjdk.hotspot.jre.full.win32.x86_64_16.0.1.v20210528-1205\jre\bin\jli.dll
0x00007ffc733b0000 - 0x00007ffc733c9000 	C:\Users\surya\.p2\pool\plugins\org.eclipse.justj.openjdk.hotspot.jre.full.win32.x86_64_16.0.1.v20210528-1205\jre\bin\VCRUNTIME140.dll
0x00007ffc981c0000 - 0x00007ffc98360000 	C:\WINDOWS\System32\USER32.dll
0x00007ffc95cb0000 - 0x00007ffc95f4a000 	C:\WINDOWS\WinSxS\amd64_microsoft.windows.common-controls_6595b64144ccf1df_6.0.19041.1110_none_60b5254171f9507e\COMCTL32.dll
0x00007ffc97190000 - 0x00007ffc971b2000 	C:\WINDOWS\System32\win32u.dll
0x00007ffc97620000 - 0x00007ffc976be000 	C:\WINDOWS\System32\msvcrt.dll
0x00007ffc98360000 - 0x00007ffc9838a000 	C:\WINDOWS\System32\GDI32.dll
0x00007ffc96920000 - 0x00007ffc96a2b000 	C:\WINDOWS\System32\gdi32full.dll
0x00007ffc970c0000 - 0x00007ffc9715d000 	C:\WINDOWS\System32\msvcp_win.dll
0x00007ffc98390000 - 0x00007ffc983c0000 	C:\WINDOWS\System32\IMM32.DLL
0x00007ffc93ba0000 - 0x00007ffc93bac000 	C:\Users\surya\.p2\pool\plugins\org.eclipse.justj.openjdk.hotspot.jre.full.win32.x86_64_16.0.1.v20210528-1205\jre\bin\vcruntime140_1.dll
0x00007ffc63de0000 - 0x00007ffc63e71000 	C:\Users\surya\.p2\pool\plugins\org.eclipse.justj.openjdk.hotspot.jre.full.win32.x86_64_16.0.1.v20210528-1205\jre\bin\msvcp140.dll
0x00007ffc1c080000 - 0x00007ffc1cc2b000 	C:\Users\surya\.p2\pool\plugins\org.eclipse.justj.openjdk.hotspot.jre.full.win32.x86_64_16.0.1.v20210528-1205\jre\bin\server\jvm.dll
0x00007ffc98110000 - 0x00007ffc981bc000 	C:\WINDOWS\System32\ADVAPI32.dll
0x00007ffc98550000 - 0x00007ffc985eb000 	C:\WINDOWS\System32\sechost.dll
0x00007ffc976c0000 - 0x00007ffc977ea000 	C:\WINDOWS\System32\RPCRT4.dll
0x00007ffc985f0000 - 0x00007ffc985f8000 	C:\WINDOWS\System32\PSAPI.DLL
0x00007ffc93670000 - 0x00007ffc9367a000 	C:\WINDOWS\SYSTEM32\VERSION.dll
0x00007ffc86f40000 - 0x00007ffc86f67000 	C:\WINDOWS\SYSTEM32\WINMM.dll
0x00007ffc8bf20000 - 0x00007ffc8bf29000 	C:\WINDOWS\SYSTEM32\WSOCK32.dll
0x00007ffc98600000 - 0x00007ffc9866b000 	C:\WINDOWS\System32\WS2_32.dll
0x00007ffc93af0000 - 0x00007ffc93b02000 	C:\WINDOWS\SYSTEM32\kernel.appcore.dll
0x00007ffc6b950000 - 0x00007ffc6b95a000 	C:\Users\surya\.p2\pool\plugins\org.eclipse.justj.openjdk.hotspot.jre.full.win32.x86_64_16.0.1.v20210528-1205\jre\bin\jimage.dll
0x00007ffc962c0000 - 0x00007ffc964a4000 	C:\WINDOWS\SYSTEM32\DBGHELP.DLL
0x00007ffc96070000 - 0x00007ffc9609c000 	C:\WINDOWS\SYSTEM32\dbgcore.DLL
0x00007ffc96890000 - 0x00007ffc96913000 	C:\WINDOWS\System32\bcryptPrimitives.dll
0x00007ffc554a0000 - 0x00007ffc554c5000 	C:\Users\surya\.p2\pool\plugins\org.eclipse.justj.openjdk.hotspot.jre.full.win32.x86_64_16.0.1.v20210528-1205\jre\bin\java.dll
0x00007ffc6b930000 - 0x00007ffc6b948000 	C:\Users\surya\.p2\pool\plugins\org.eclipse.justj.openjdk.hotspot.jre.full.win32.x86_64_16.0.1.v20210528-1205\jre\bin\zip.dll
0x00007ffc98670000 - 0x00007ffc98daf000 	C:\WINDOWS\System32\SHELL32.dll
0x00007ffc94370000 - 0x00007ffc94b01000 	C:\WINDOWS\SYSTEM32\windows.storage.dll
0x00007ffc98db0000 - 0x00007ffc99105000 	C:\WINDOWS\System32\combase.dll
0x00007ffc95c10000 - 0x00007ffc95c3c000 	C:\WINDOWS\SYSTEM32\Wldp.dll
0x00007ffc984a0000 - 0x00007ffc9854e000 	C:\WINDOWS\System32\SHCORE.dll
0x00007ffc98020000 - 0x00007ffc98075000 	C:\WINDOWS\System32\shlwapi.dll
0x00007ffc967d0000 - 0x00007ffc967ef000 	C:\WINDOWS\SYSTEM32\profapi.dll
0x00007ffc55fd0000 - 0x00007ffc55fe9000 	C:\Users\surya\.p2\pool\plugins\org.eclipse.justj.openjdk.hotspot.jre.full.win32.x86_64_16.0.1.v20210528-1205\jre\bin\net.dll
0x00007ffc87940000 - 0x00007ffc87a4a000 	C:\WINDOWS\SYSTEM32\WINHTTP.dll
0x00007ffc95ae0000 - 0x00007ffc95b4a000 	C:\WINDOWS\system32\mswsock.dll
0x00007ffc55480000 - 0x00007ffc55493000 	C:\Users\surya\.p2\pool\plugins\org.eclipse.justj.openjdk.hotspot.jre.full.win32.x86_64_16.0.1.v20210528-1205\jre\bin\nio.dll
0x00007ffc1bce0000 - 0x00007ffc1be5f000 	C:\Users\surya\.p2\pool\plugins\org.eclipse.justj.openjdk.hotspot.jre.full.win32.x86_64_16.0.1.v20210528-1205\jre\bin\awt.dll
0x00007ffc97c70000 - 0x00007ffc97d3d000 	C:\WINDOWS\System32\OLEAUT32.dll
0x00007ffc93410000 - 0x00007ffc934a0000 	C:\WINDOWS\SYSTEM32\apphelp.dll
0x00007ffc938e0000 - 0x00007ffc9390f000 	C:\WINDOWS\system32\DWMAPI.DLL
0x00007ffc93550000 - 0x00007ffc935ee000 	C:\WINDOWS\system32\uxtheme.dll
0x00007ffc611f0000 - 0x00007ffc61315000 	C:\WINDOWS\system32\opengl32.dll
0x00007ffc66fa0000 - 0x00007ffc66fcc000 	C:\WINDOWS\SYSTEM32\GLU32.dll

dbghelp: loaded successfully - version: 4.0.5 - missing functions: none
symbol engine: initialized successfully - sym options: 0x614 - pdb path: .;C:\Users\surya\.p2\pool\plugins\org.eclipse.justj.openjdk.hotspot.jre.full.win32.x86_64_16.0.1.v20210528-1205\jre\bin;C:\WINDOWS\SYSTEM32;C:\WINDOWS\WinSxS\amd64_microsoft.windows.common-controls_6595b64144ccf1df_6.0.19041.1110_none_60b5254171f9507e;C:\Users\surya\.p2\pool\plugins\org.eclipse.justj.openjdk.hotspot.jre.full.win32.x86_64_16.0.1.v20210528-1205\jre\bin\server

VM Arguments:
jvm_args: -Dfile.encoding=Cp1252 --module-path=C:\Users\surya\OneDrive\Desktop\Projects\Surchessake\Eclipse Project\bin -XX:+ShowCodeDetailsInExceptionMessages -Djdk.module.main=surya 
java_command: surya/main.surchessake
java_class_path (initial): <not set>
Launcher Type: SUN_STANDARD

[Global flags]
     intx CICompilerCount                          = 4                                         {product} {ergonomic}
     uint ConcGCThreads                            = 3                                         {product} {ergonomic}
     uint G1ConcRefinementThreads                  = 10                                        {product} {ergonomic}
   size_t G1HeapRegionSize                         = 2097152                                   {product} {ergonomic}
    uintx GCDrainStackTargetSize                   = 64                                        {product} {ergonomic}
   size_t InitialHeapSize                          = 268435456                                 {product} {ergonomic}
   size_t MarkStackSize                            = 4194304                                   {product} {ergonomic}
   size_t MaxHeapSize                              = 4269801472                                {product} {ergonomic}
   size_t MaxNewSize                               = 2560622592                                {product} {ergonomic}
   size_t MinHeapDeltaBytes                        = 2097152                                   {product} {ergonomic}
   size_t MinHeapSize                              = 8388608                                   {product} {ergonomic}
    uintx NonNMethodCodeHeapSize                   = 5839372                                {pd product} {ergonomic}
    uintx NonProfiledCodeHeapSize                  = 122909434                              {pd product} {ergonomic}
    uintx ProfiledCodeHeapSize                     = 122909434                              {pd product} {ergonomic}
    uintx ReservedCodeCacheSize                    = 251658240                              {pd product} {ergonomic}
     bool SegmentedCodeCache                       = true                                      {product} {ergonomic}
     bool ShowCodeDetailsInExceptionMessages       = true                                   {manageable} {command line}
   size_t SoftMaxHeapSize                          = 4269801472                             {manageable} {ergonomic}
     bool UseCompressedClassPointers               = true                           {product lp64_product} {ergonomic}
     bool UseCompressedOops                        = true                           {product lp64_product} {ergonomic}
     bool UseG1GC                                  = true                                      {product} {ergonomic}
     bool UseLargePagesIndividualAllocation        = false                                  {pd product} {ergonomic}

Logging:
Log output configuration:
 #0: stdout all=warning uptime,level,tags
 #1: stderr all=off uptime,level,tags

Environment Variables:
PATH=C:/Users/surya/.p2/pool/plugins/org.eclipse.justj.openjdk.hotspot.jre.full.win32.x86_64_16.0.1.v20210528-1205/jre/bin/server;C:/Users/surya/.p2/pool/plugins/org.eclipse.justj.openjdk.hotspot.jre.full.win32.x86_64_16.0.1.v20210528-1205/jre/bin;C:\Program Files\Common Files\Oracle\Java\javapath;C:\Program Files (x86)\Common Files\Oracle\Java\javapath;C:\Program Files (x86)\Razer Chroma SDK\bin;C:\Program Files\Razer Chroma SDK\bin;C:\Program Files (x86)\Razer\ChromaBroadcast\bin;C:\Program Files\Razer\ChromaBroadcast\bin;C:\Python39\Scripts;C:\Windows\system32;C:\Windows;C:\Windows\System32\Wbem;C:\Windows\System32\WindowsPowerShell\v1.0\;C:\Windows\System32\OpenSSH\;C:\Program Files\NVIDIA Corporation\NVIDIA NvDLISR;C:\Program Files (x86)\NVIDIA Corporation\PhysX\Common;C:\Windows\system32\config\systemprofile\AppData\Local\Microsoft\WindowsApps;C:\Program Files (x86)\Windows Kits\10\Windows Performance Toolkit\;C:\Program Files\Git\cmd;C:\WINDOWS\system32;C:\WINDOWS;C:\WINDOWS\System32\Wbem;C:\WINDOWS\System32\WindowsPowerShell\v1.0\;C:\WINDOWS\System32\OpenSSH\;C:\WINDOWS\system32\config\systemprofile\AppData\Local\Programs\Python\Python39;C:\WINDOWS\system32\config\systemprofile\AppData\Local\Programs\Python\Python39\Scripts;C:\WINDOWS\system32\config\systemprofile\AppData\Local\Programs\Python\Launcher;C:\Program Files\Common Files\Oracle\Java\javapath;C:\Program Files (x86)\Common Files\Oracle\Java\javapath;C:\Program Files (x86)\Razer Chroma SDK\bin;C:\Program Files\Razer Chroma SDK\bin;C:\Program Files (x86)\Razer\ChromaBroadcast\bin;C:\Program Files\Razer\ChromaBroadcast\bin;C:\Windows\system32;C:\Windows;C:\Python39\Scripts;C:\Windows\System32\Wbem;C:\Windows\System32\WindowsPowerShell\v1.0\;C:\Windows\System32\OpenSSH\;C:\Program Files\NVIDIA Corporation\NVIDIA NvDLISR;C:\Program Files (x86)\NVIDIA Corporation\PhysX\Common;C:\Windows\system32\config\systemprofile\AppData\Local\Microsoft\WindowsApps;C:\Program Files (x86)\Windows Kits\10\Windows Performanc
USERNAME=surya
OS=Windows_NT
PROCESSOR_IDENTIFIER=Intel64 Family 6 Model 158 Stepping 10, GenuineIntel



---------------  S Y S T E M  ---------------

OS:
 Windows 10 , 64 bit Build 19041 (10.0.19041.1023)
OS uptime: 0 days 7:07 hours

CPU: total 12 (initial active 12) (6 cores per cpu, 2 threads per core) family 6 model 158 stepping 10 microcode 0xb4, cx8, cmov, fxsr, ht, mmx, 3dnowpref, sse, sse2, sse3, ssse3, sse4.1, sse4.2, popcnt, lzcnt, tsc, tscinvbit, avx, avx2, aes, erms, clmul, bmi1, bmi2, adx, fma, vzeroupper, clflush, clflushopt

Memory: 4k page, system-wide physical 16284M (8447M free)
TotalPageFile size 32568M (AvailPageFile size 21703M)
current process WorkingSet (physical memory assigned to process): 43M, peak: 43M
current process commit charge ("private bytes"): 348M, peak: 348M

vm_info: OpenJDK 64-Bit Server VM (16.0.1+9-24) for windows-amd64 JRE (16.0.1+9-24), built on Mar 26 2021 19:30:07 by "mach5one" with MS VC++ 16.7 (VS2019)

END.
