#
# A fatal error has been detected by the Java Runtime Environment:
#
#  EXCEPTION_ACCESS_VIOLATION (0xc0000005) at pc=0x00007ff94925825b, pid=15944, tid=6844
#
# JRE version: OpenJDK Runtime Environment (16.0.1+9) (build 16.0.1+9-24)
# Java VM: OpenJDK 64-Bit Server VM (16.0.1+9-24, mixed mode, tiered, compressed oops, compressed class ptrs, g1 gc, windows-amd64)
# Problematic frame:
# C  [awt.dll+0x2825b]
#
# No core dump will be written. Minidumps are not enabled by default on client versions of Windows
#
# If you would like to submit a bug report, please visit:
#   https://bugreport.java.com/bugreport/crash.jsp
# The crash happened outside the Java Virtual Machine in native code.
# See problematic frame for where to report the bug.
#

---------------  S U M M A R Y ------------

Command Line: -Dfile.encoding=Cp1252 --module-path=C:\Users\surya\OneDrive\Desktop\Projects\Surchessake\Eclipse Project\bin -XX:+ShowCodeDetailsInExceptionMessages -Djdk.module.main=surya surya/main.surchessake

Host: Intel(R) Core(TM) i7-8750H CPU @ 2.20GHz, 12 cores, 15G,  Windows 10 , 64 bit Build 19041 (10.0.19041.1023)
Time: Thu Jul 22 02:36:20 2021 Central Daylight Time elapsed time: 23754.740787 seconds (0d 6h 35m 54s)

---------------  T H R E A D  ---------------

Current thread (0x0000023b20f090b0):  JavaThread "Thread-0" [_thread_in_native, id=6844, stack(0x000000a32af00000,0x000000a32b000000)]

Stack: [0x000000a32af00000,0x000000a32b000000],  sp=0x000000a32affee98,  free space=1019k
Native frames: (J=compiled Java code, j=interpreted, Vv=VM code, C=native code)
C  [awt.dll+0x2825b]

Java frames: (J=compiled Java code, j=interpreted, Vv=VM code)
J 993  sun.awt.windows.WMouseInfoPeer.fillPointWithCoords(Ljava/awt/Point;)I java.desktop@16.0.1 (0 bytes) @ 0x0000023b0c3b4d77 [0x0000023b0c3b4d20+0x0000000000000057]
J 2116% c2 main.chessboard.run()V surya (1145 bytes) @ 0x0000023b0c5c46e4 [0x0000023b0c5c41e0+0x0000000000000504]
j  java.lang.Thread.run()V+11 java.base@16.0.1
v  ~StubRoutines::call_stub

siginfo: EXCEPTION_ACCESS_VIOLATION (0xc0000005), reading address 0x0000000000000000


Register to memory mapping:

RIP=0x00007ff94925825b awt.dll
RAX=0x0 is NULL
RBX=0x0000023b212a8040 points into unknown readable memory: 0x0000000000000000 | 00 00 00 00 00 00 00 00
RCX=0x0 is NULL
RDX=0x0 is NULL
RSP=0x000000a32affee98 is pointing into the stack for thread: 0x0000023b20f090b0
RBP=0x0000000000000001 is an unknown value
RSI=0x0000000006ca09df is an unknown value
RDI=0x0 is NULL
R8 =0x0000000000000001 is an unknown value
R9 =0x000000a32affef70 is pointing into the stack for thread: 0x0000023b20f090b0
R10=0x0 is NULL
R11=0x000000a32affee50 is pointing into the stack for thread: 0x0000023b20f090b0
R12=0x0 is NULL
R13=0x0000000000000020 is an unknown value
R14=0x000000a32affef38 is pointing into the stack for thread: 0x0000023b20f090b0
R15=0x0000023b20f090b0 is a thread


Registers:
RAX=0x0000000000000000, RBX=0x0000023b212a8040, RCX=0x0000000000000000, RDX=0x0000000000000000
RSP=0x000000a32affee98, RBP=0x0000000000000001, RSI=0x0000000006ca09df, RDI=0x0000000000000000
R8 =0x0000000000000001, R9 =0x000000a32affef70, R10=0x0000000000000000, R11=0x000000a32affee50
R12=0x0000000000000000, R13=0x0000000000000020, R14=0x000000a32affef38, R15=0x0000023b20f090b0
RIP=0x00007ff94925825b, EFLAGS=0x0000000000010297

Top of Stack: (sp=0x000000a32affee98)
0x000000a32affee98:   00007ff949302870 00007ff94935c838
0x000000a32affeea8:   0000023b20f093c0 0000000000000000
0x000000a32affeeb8:   0000043800000780 00000000e0394fd1
0x000000a32affeec8:   00007ff949287174 00000000e0392981
0x000000a32affeed8:   0000023b212a8040 0000023b20f093c0
0x000000a32affeee8:   0000000000000000 000000a32affef70
0x000000a32affeef8:   00000000e0394fd1 0000000701d588d8
0x000000a32affef08:   0000023b0c3b4e13 00000000e0392981
0x000000a32affef18:   000000a32affef70 0000023b20f090b0
0x000000a32affef28:   00000000000004ea 0000000701c94c08
0x000000a32affef38:   000000070d56c530 00000000e03801d5
0x000000a32affef48:   0000023b0499eaad 00000000000b81e0
0x000000a32affef58:   0000000701d588d8 00000000e0394fd1
0x000000a32affef68:   00000000e0394fd1 00000000000b81e0
0x000000a32affef78:   0000023b0c5c46e4 0000023b20f090b0
0x000000a32affef88:   000000a32affef50 0000023b048a9663 

Instructions: (pc=0x00007ff94925825b)
0x00007ff94925815b:   8b c5 48 89 5c 24 20 8b d6 48 8b cf e8 e0 fd ff
0x00007ff94925816b:   ff 4c 8b c0 48 85 c0 74 63 8b 54 24 4c 83 ea 01
0x00007ff94925817b:   74 24 83 ea 01 74 11 83 fa 02 75 24 8b 84 24 20
0x00007ff94925818b:   01 00 00 41 89 00 eb 18 0f b7 84 24 20 01 00 00
0x00007ff94925819b:   66 41 89 00 eb 0a 8a 84 24 20 01 00 00 41 88 00
0x00007ff9492581ab:   48 8b 43 10 48 85 c0 74 0d 4c 8d 44 24 30 48 8b
0x00007ff9492581bb:   d3 48 8b cf ff d0 48 8b 43 18 48 85 c0 74 0d 4c
0x00007ff9492581cb:   8d 44 24 30 48 8b d3 48 8b cf ff d0 48 8b 8c 24
0x00007ff9492581db:   d0 00 00 00 48 33 cc e8 99 93 0b 00 48 8b 9c 24
0x00007ff9492581eb:   08 01 00 00 48 81 c4 e0 00 00 00 5f 5e 5d c3 cc
0x00007ff9492581fb:   cc cc cc cc cc 40 53 48 83 ec 20 48 8b d9 48 8d
0x00007ff94925820b:   0d 28 46 10 00 48 8b 05 21 46 10 00 ff 10 ff 43
0x00007ff94925821b:   08 48 8d 0d 15 46 10 00 48 8b 05 0e 46 10 00 ff
0x00007ff94925822b:   50 10 90 48 83 c4 20 5b c3 cc cc cc cc cc cc cc
0x00007ff94925823b:   cc cc cc cc cc 48 8b c1 85 d2 78 05 3b 51 0c 7c
0x00007ff94925824b:   0a 45 85 c0 75 03 33 c0 c3 33 d2 48 8b 00 8b ca
0x00007ff94925825b:   48 8b 04 c8 c3 48 89 5c 24 08 57 48 83 ec 20 8b
0x00007ff94925826b:   c2 48 8b f9 85 d2 78 05 3b 51 0c 7c 07 33 c0 45
0x00007ff94925827b:   85 c0 74 36 8b c8 48 8b 07 48 8b 1c c8 48 85 db
0x00007ff94925828b:   74 25 48 8d 0d a4 45 10 00 48 8b 15 9d 45 10 00
0x00007ff94925829b:   ff 12 ff 47 08 48 8d 0d 91 45 10 00 48 8b 15 8a
0x00007ff9492582ab:   45 10 00 ff 52 10 90 48 8b c3 48 8b 5c 24 30 48
0x00007ff9492582bb:   83 c4 20 5f c3 48 89 5c 24 10 57 48 83 ec 20 48
0x00007ff9492582cb:   8d 3d 67 45 10 00 48 89 7c 24 30 48 8b cf 48 8b
0x00007ff9492582db:   05 58 45 10 00 ff 10 90 48 8b 1d 9e dc 10 00 48
0x00007ff9492582eb:   85 db 74 24 48 8b cf 48 8b 05 3f 45 10 00 ff 10
0x00007ff9492582fb:   ff 43 08 48 8b cf 48 8b 05 30 45 10 00 ff 50 10
0x00007ff94925830b:   90 48 8b 1d 75 dc 10 00 48 8b cf 48 8b 15 1b 45
0x00007ff94925831b:   10 00 ff 52 10 90 48 8b c3 48 8b 5c 24 38 48 83
0x00007ff94925832b:   c4 20 5f c3 cc 48 89 5c 24 18 57 48 81 ec a0 00
0x00007ff94925833b:   00 00 48 8b 05 64 c4 10 00 48 33 c4 48 89 84 24
0x00007ff94925834b:   90 00 00 00 48 8b da 48 8b f9 48 85 c9 74 3a 48 


Stack slot to memory mapping:
stack at sp + 0 slots: 0x00007ff949302870 awt.dll
stack at sp + 1 slots: 0x00007ff94935c838 awt.dll
stack at sp + 2 slots: 0x0000023b20f093c0 points into unknown readable memory: 0x00007ff95a0a33d0 | d0 33 0a 5a f9 7f 00 00
stack at sp + 3 slots: 0x0 is NULL
stack at sp + 4 slots: 0x0000043800000780 is an unknown value
stack at sp + 5 slots: 3761852369 is a compressed pointer to object: java.awt.Cursor 
{0x0000000701ca7e88} - klass: 'java/awt/Cursor'
stack at sp + 6 slots: 0x00007ff949287174 awt.dll
stack at sp + 7 slots: 3761842561 is a compressed pointer to object: sun.awt.windows.WMouseInfoPeer 
{0x0000000701c94c08} - klass: 'sun/awt/windows/WMouseInfoPeer'


---------------  P R O C E S S  ---------------

Threads class SMR info:
_java_thread_list=0x0000023b2133a0f0, length=19, elements={
0x0000023b20c34010, 0x0000023b20c35190, 0x0000023b20c1f7a0, 0x0000023b20c20ed0,
0x0000023b20c22080, 0x0000023b20c647b0, 0x0000023b20c7b790, 0x0000023b20c81dc0,
0x0000023b20c8a810, 0x0000023b20d97e00, 0x0000023b20ef8670, 0x0000023b20f090b0,
0x0000023b7febc330, 0x0000023b212b1ef0, 0x0000023b212b3420, 0x0000023b212b6400,
0x0000023b213873b0, 0x0000023b2138a810, 0x0000023b213fde10
}

Java Threads: ( => current thread )
  0x0000023b20c34010 JavaThread "Reference Handler" daemon [_thread_blocked, id=1792, stack(0x000000a32a300000,0x000000a32a400000)]
  0x0000023b20c35190 JavaThread "Finalizer" daemon [_thread_blocked, id=10052, stack(0x000000a32a400000,0x000000a32a500000)]
  0x0000023b20c1f7a0 JavaThread "Signal Dispatcher" daemon [_thread_blocked, id=7488, stack(0x000000a32a500000,0x000000a32a600000)]
  0x0000023b20c20ed0 JavaThread "Attach Listener" daemon [_thread_blocked, id=4992, stack(0x000000a32a600000,0x000000a32a700000)]
  0x0000023b20c22080 JavaThread "Service Thread" daemon [_thread_blocked, id=1712, stack(0x000000a32a700000,0x000000a32a800000)]
  0x0000023b20c647b0 JavaThread "Monitor Deflation Thread" daemon [_thread_blocked, id=16776, stack(0x000000a32a800000,0x000000a32a900000)]
  0x0000023b20c7b790 JavaThread "C2 CompilerThread0" daemon [_thread_blocked, id=1480, stack(0x000000a32a900000,0x000000a32aa00000)]
  0x0000023b20c81dc0 JavaThread "C1 CompilerThread0" daemon [_thread_blocked, id=6016, stack(0x000000a32aa00000,0x000000a32ab00000)]
  0x0000023b20c8a810 JavaThread "Sweeper thread" daemon [_thread_blocked, id=7084, stack(0x000000a32ab00000,0x000000a32ac00000)]
  0x0000023b20d97e00 JavaThread "Common-Cleaner" daemon [_thread_blocked, id=18628, stack(0x000000a32ac00000,0x000000a32ad00000)]
  0x0000023b20ef8670 JavaThread "Notification Thread" daemon [_thread_blocked, id=10068, stack(0x000000a32ad00000,0x000000a32ae00000)]
=>0x0000023b20f090b0 JavaThread "Thread-0" [_thread_in_native, id=6844, stack(0x000000a32af00000,0x000000a32b000000)]
  0x0000023b7febc330 JavaThread "DestroyJavaVM" [_thread_blocked, id=4980, stack(0x000000a329c00000,0x000000a329d00000)]
  0x0000023b212b1ef0 JavaThread "Java2D Disposer" daemon [_thread_blocked, id=20076, stack(0x000000a32b000000,0x000000a32b100000)]
  0x0000023b212b3420 JavaThread "AWT-Shutdown" [_thread_blocked, id=20040, stack(0x000000a32b100000,0x000000a32b200000)]
  0x0000023b212b6400 JavaThread "AWT-Windows" daemon [_thread_in_native, id=13296, stack(0x000000a32b200000,0x000000a32b300000)]
  0x0000023b213873b0 JavaThread "Timer-0" [_thread_blocked, id=13592, stack(0x000000a32b300000,0x000000a32b400000)]
  0x0000023b2138a810 JavaThread "Timer-1" [_thread_blocked, id=16180, stack(0x000000a32b400000,0x000000a32b500000)]
  0x0000023b213fde10 JavaThread "AWT-EventQueue-0" [_thread_blocked, id=20200, stack(0x000000a32b600000,0x000000a32b700000)]

Other Threads:
  0x0000023b201ce680 VMThread "VM Thread" [stack: 0x000000a32a200000,0x000000a32a300000] [id=17056]
  0x0000023b7febd140 WatcherThread [stack: 0x000000a32ae00000,0x000000a32af00000] [id=19656]
  0x0000023b7ff0abb0 GCTaskThread "GC Thread#0" [stack: 0x000000a329d00000,0x000000a329e00000] [id=3252]
  0x0000023b21570fa0 GCTaskThread "GC Thread#1" [stack: 0x000000a32b700000,0x000000a32b800000] [id=19928]
  0x0000023b21501760 GCTaskThread "GC Thread#2" [stack: 0x000000a32b800000,0x000000a32b900000] [id=20224]
  0x0000023b21501a70 GCTaskThread "GC Thread#3" [stack: 0x000000a32b900000,0x000000a32ba00000] [id=7164]
  0x0000023b21501d80 GCTaskThread "GC Thread#4" [stack: 0x000000a32ba00000,0x000000a32bb00000] [id=13388]
  0x0000023b215024a0 GCTaskThread "GC Thread#5" [stack: 0x000000a32bb00000,0x000000a32bc00000] [id=10040]
  0x0000023b2177d400 GCTaskThread "GC Thread#6" [stack: 0x000000a32bc00000,0x000000a32bd00000] [id=12836]
  0x0000023b2177d710 GCTaskThread "GC Thread#7" [stack: 0x000000a32bd00000,0x000000a32be00000] [id=18032]
  0x0000023b2177da20 GCTaskThread "GC Thread#8" [stack: 0x000000a32be00000,0x000000a32bf00000] [id=16276]
  0x0000023b215f97a0 GCTaskThread "GC Thread#9" [stack: 0x000000a32bf00000,0x000000a32c000000] [id=9624]
  0x0000023b7ff1db10 ConcurrentGCThread "G1 Main Marker" [stack: 0x000000a329e00000,0x000000a329f00000] [id=3576]
  0x0000023b7ff1eda0 ConcurrentGCThread "G1 Conc#0" [stack: 0x000000a329f00000,0x000000a32a000000] [id=14016]
  0x0000023b7ff9db10 ConcurrentGCThread "G1 Refine#0" [stack: 0x000000a32a000000,0x000000a32a100000] [id=9448]
  0x0000023b7ff9e220 ConcurrentGCThread "G1 Service" [stack: 0x000000a32a100000,0x000000a32a200000] [id=17816]

Threads with active compile tasks:

VM state: not at safepoint (normal execution)

VM Mutex/Monitor currently owned by a thread: None

Heap address: 0x0000000701800000, size: 4072 MB, Compressed Oops mode: Zero based, Oop shift amount: 3

CDS disabled.
Compressed class space mapped at: 0x0000000800000000-0x0000000840000000, reserved size: 1073741824
Narrow klass base: 0x0000000800000000, Narrow klass shift: 0, Narrow klass range: 0x40000000

GC Precious Log:
 CPUs: 12 total, 12 available
 Memory: 16284M
 Large Page Support: Disabled
 NUMA Support: Disabled
 Compressed Oops: Enabled (Zero based)
 Heap Region Size: 2M
 Heap Min Capacity: 8M
 Heap Initial Capacity: 256M
 Heap Max Capacity: 4072M
 Pre-touch: Disabled
 Parallel Workers: 10
 Concurrent Workers: 3
 Concurrent Refinement Workers: 10
 Periodic GC: Disabled

Heap:
 garbage-first heap   total 262144K, used 75112K [0x0000000701800000, 0x0000000800000000)
  region size 2048K, 35 young (71680K), 1 survivors (2048K)
 Metaspace       used 16083K, committed 16256K, reserved 1064960K
  class space    used 1490K, committed 1536K, reserved 1048576K

Heap Regions: E=young(eden), S=young(survivor), O=old, HS=humongous(starts), HC=humongous(continues), CS=collection set, F=free, OA=open archive, CA=closed archive, TAMS=top-at-mark-start (previous, next)
|   0|0x0000000701800000, 0x0000000701a00000, 0x0000000701a00000|100%|HS|  |TAMS 0x0000000701800000, 0x0000000701800000| Complete 
|   1|0x0000000701a00000, 0x0000000701c00000, 0x0000000701c00000|100%|HC|  |TAMS 0x0000000701a00000, 0x0000000701a00000| Complete 
|   2|0x0000000701c00000, 0x0000000701e00000, 0x0000000701e00000|100%| O|  |TAMS 0x0000000701c00000, 0x0000000701c00000| Untracked 
|   3|0x0000000701e00000, 0x0000000701f56800, 0x0000000702000000| 66%| O|  |TAMS 0x0000000701e00000, 0x0000000701e00000| Untracked 
|   4|0x0000000702000000, 0x0000000702000000, 0x0000000702200000|  0%| F|  |TAMS 0x0000000702000000, 0x0000000702000000| Untracked 
|   5|0x0000000702200000, 0x0000000702200000, 0x0000000702400000|  0%| F|  |TAMS 0x0000000702200000, 0x0000000702200000| Untracked 
|   6|0x0000000702400000, 0x0000000702400000, 0x0000000702600000|  0%| F|  |TAMS 0x0000000702400000, 0x0000000702400000| Untracked 
|   7|0x0000000702600000, 0x0000000702600000, 0x0000000702800000|  0%| F|  |TAMS 0x0000000702600000, 0x0000000702600000| Untracked 
|   8|0x0000000702800000, 0x0000000702800000, 0x0000000702a00000|  0%| F|  |TAMS 0x0000000702800000, 0x0000000702800000| Untracked 
|   9|0x0000000702a00000, 0x0000000702a00000, 0x0000000702c00000|  0%| F|  |TAMS 0x0000000702a00000, 0x0000000702a00000| Untracked 
|  10|0x0000000702c00000, 0x0000000702c00000, 0x0000000702e00000|  0%| F|  |TAMS 0x0000000702c00000, 0x0000000702c00000| Untracked 
|  11|0x0000000702e00000, 0x0000000702e00000, 0x0000000703000000|  0%| F|  |TAMS 0x0000000702e00000, 0x0000000702e00000| Untracked 
|  12|0x0000000703000000, 0x0000000703000000, 0x0000000703200000|  0%| F|  |TAMS 0x0000000703000000, 0x0000000703000000| Untracked 
|  13|0x0000000703200000, 0x0000000703200000, 0x0000000703400000|  0%| F|  |TAMS 0x0000000703200000, 0x0000000703200000| Untracked 
|  14|0x0000000703400000, 0x0000000703400000, 0x0000000703600000|  0%| F|  |TAMS 0x0000000703400000, 0x0000000703400000| Untracked 
|  15|0x0000000703600000, 0x0000000703600000, 0x0000000703800000|  0%| F|  |TAMS 0x0000000703600000, 0x0000000703600000| Untracked 
|  16|0x0000000703800000, 0x0000000703800000, 0x0000000703a00000|  0%| F|  |TAMS 0x0000000703800000, 0x0000000703800000| Untracked 
|  17|0x0000000703a00000, 0x0000000703a00000, 0x0000000703c00000|  0%| F|  |TAMS 0x0000000703a00000, 0x0000000703a00000| Untracked 
|  18|0x0000000703c00000, 0x0000000703c00000, 0x0000000703e00000|  0%| F|  |TAMS 0x0000000703c00000, 0x0000000703c00000| Untracked 
|  19|0x0000000703e00000, 0x0000000703e00000, 0x0000000704000000|  0%| F|  |TAMS 0x0000000703e00000, 0x0000000703e00000| Untracked 
|  20|0x0000000704000000, 0x0000000704000000, 0x0000000704200000|  0%| F|  |TAMS 0x0000000704000000, 0x0000000704000000| Untracked 
|  21|0x0000000704200000, 0x0000000704200000, 0x0000000704400000|  0%| F|  |TAMS 0x0000000704200000, 0x0000000704200000| Untracked 
|  22|0x0000000704400000, 0x0000000704400000, 0x0000000704600000|  0%| F|  |TAMS 0x0000000704400000, 0x0000000704400000| Untracked 
|  23|0x0000000704600000, 0x0000000704600000, 0x0000000704800000|  0%| F|  |TAMS 0x0000000704600000, 0x0000000704600000| Untracked 
|  24|0x0000000704800000, 0x0000000704800000, 0x0000000704a00000|  0%| F|  |TAMS 0x0000000704800000, 0x0000000704800000| Untracked 
|  25|0x0000000704a00000, 0x0000000704a00000, 0x0000000704c00000|  0%| F|  |TAMS 0x0000000704a00000, 0x0000000704a00000| Untracked 
|  26|0x0000000704c00000, 0x0000000704c00000, 0x0000000704e00000|  0%| F|  |TAMS 0x0000000704c00000, 0x0000000704c00000| Untracked 
|  27|0x0000000704e00000, 0x0000000704e00000, 0x0000000705000000|  0%| F|  |TAMS 0x0000000704e00000, 0x0000000704e00000| Untracked 
|  28|0x0000000705000000, 0x0000000705000000, 0x0000000705200000|  0%| F|  |TAMS 0x0000000705000000, 0x0000000705000000| Untracked 
|  29|0x0000000705200000, 0x0000000705200000, 0x0000000705400000|  0%| F|  |TAMS 0x0000000705200000, 0x0000000705200000| Untracked 
|  30|0x0000000705400000, 0x0000000705400000, 0x0000000705600000|  0%| F|  |TAMS 0x0000000705400000, 0x0000000705400000| Untracked 
|  31|0x0000000705600000, 0x0000000705600000, 0x0000000705800000|  0%| F|  |TAMS 0x0000000705600000, 0x0000000705600000| Untracked 
|  32|0x0000000705800000, 0x0000000705800000, 0x0000000705a00000|  0%| F|  |TAMS 0x0000000705800000, 0x0000000705800000| Untracked 
|  33|0x0000000705a00000, 0x0000000705a00000, 0x0000000705c00000|  0%| F|  |TAMS 0x0000000705a00000, 0x0000000705a00000| Untracked 
|  34|0x0000000705c00000, 0x0000000705c00000, 0x0000000705e00000|  0%| F|  |TAMS 0x0000000705c00000, 0x0000000705c00000| Untracked 
|  35|0x0000000705e00000, 0x0000000705e00000, 0x0000000706000000|  0%| F|  |TAMS 0x0000000705e00000, 0x0000000705e00000| Untracked 
|  36|0x0000000706000000, 0x0000000706000000, 0x0000000706200000|  0%| F|  |TAMS 0x0000000706000000, 0x0000000706000000| Untracked 
|  37|0x0000000706200000, 0x0000000706200000, 0x0000000706400000|  0%| F|  |TAMS 0x0000000706200000, 0x0000000706200000| Untracked 
|  38|0x0000000706400000, 0x0000000706400000, 0x0000000706600000|  0%| F|  |TAMS 0x0000000706400000, 0x0000000706400000| Untracked 
|  39|0x0000000706600000, 0x0000000706600000, 0x0000000706800000|  0%| F|  |TAMS 0x0000000706600000, 0x0000000706600000| Untracked 
|  40|0x0000000706800000, 0x0000000706800000, 0x0000000706a00000|  0%| F|  |TAMS 0x0000000706800000, 0x0000000706800000| Untracked 
|  41|0x0000000706a00000, 0x0000000706a00000, 0x0000000706c00000|  0%| F|  |TAMS 0x0000000706a00000, 0x0000000706a00000| Untracked 
|  42|0x0000000706c00000, 0x0000000706c00000, 0x0000000706e00000|  0%| F|  |TAMS 0x0000000706c00000, 0x0000000706c00000| Untracked 
|  43|0x0000000706e00000, 0x0000000706e00000, 0x0000000707000000|  0%| F|  |TAMS 0x0000000706e00000, 0x0000000706e00000| Untracked 
|  44|0x0000000707000000, 0x0000000707000000, 0x0000000707200000|  0%| F|  |TAMS 0x0000000707000000, 0x0000000707000000| Untracked 
|  45|0x0000000707200000, 0x0000000707200000, 0x0000000707400000|  0%| F|  |TAMS 0x0000000707200000, 0x0000000707200000| Untracked 
|  46|0x0000000707400000, 0x0000000707400000, 0x0000000707600000|  0%| F|  |TAMS 0x0000000707400000, 0x0000000707400000| Untracked 
|  47|0x0000000707600000, 0x0000000707600000, 0x0000000707800000|  0%| F|  |TAMS 0x0000000707600000, 0x0000000707600000| Untracked 
|  48|0x0000000707800000, 0x0000000707800000, 0x0000000707a00000|  0%| F|  |TAMS 0x0000000707800000, 0x0000000707800000| Untracked 
|  49|0x0000000707a00000, 0x0000000707a00000, 0x0000000707c00000|  0%| F|  |TAMS 0x0000000707a00000, 0x0000000707a00000| Untracked 
|  50|0x0000000707c00000, 0x0000000707c00000, 0x0000000707e00000|  0%| F|  |TAMS 0x0000000707c00000, 0x0000000707c00000| Untracked 
|  51|0x0000000707e00000, 0x0000000707e03870, 0x0000000708000000|  0%| S|CS|TAMS 0x0000000707e00000, 0x0000000707e00000| Complete 
|  52|0x0000000708000000, 0x0000000708000000, 0x0000000708200000|  0%| F|  |TAMS 0x0000000708000000, 0x0000000708000000| Untracked 
|  53|0x0000000708200000, 0x0000000708200000, 0x0000000708400000|  0%| F|  |TAMS 0x0000000708200000, 0x0000000708200000| Untracked 
|  54|0x0000000708400000, 0x0000000708400000, 0x0000000708600000|  0%| F|  |TAMS 0x0000000708400000, 0x0000000708400000| Untracked 
|  55|0x0000000708600000, 0x0000000708600000, 0x0000000708800000|  0%| F|  |TAMS 0x0000000708600000, 0x0000000708600000| Untracked 
|  56|0x0000000708800000, 0x0000000708800000, 0x0000000708a00000|  0%| F|  |TAMS 0x0000000708800000, 0x0000000708800000| Untracked 
|  57|0x0000000708a00000, 0x0000000708a00000, 0x0000000708c00000|  0%| F|  |TAMS 0x0000000708a00000, 0x0000000708a00000| Untracked 
|  58|0x0000000708c00000, 0x0000000708c00000, 0x0000000708e00000|  0%| F|  |TAMS 0x0000000708c00000, 0x0000000708c00000| Untracked 
|  59|0x0000000708e00000, 0x0000000708e00000, 0x0000000709000000|  0%| F|  |TAMS 0x0000000708e00000, 0x0000000708e00000| Untracked 
|  60|0x0000000709000000, 0x0000000709000000, 0x0000000709200000|  0%| F|  |TAMS 0x0000000709000000, 0x0000000709000000| Untracked 
|  61|0x0000000709200000, 0x0000000709200000, 0x0000000709400000|  0%| F|  |TAMS 0x0000000709200000, 0x0000000709200000| Untracked 
|  62|0x0000000709400000, 0x0000000709400000, 0x0000000709600000|  0%| F|  |TAMS 0x0000000709400000, 0x0000000709400000| Untracked 
|  63|0x0000000709600000, 0x0000000709600000, 0x0000000709800000|  0%| F|  |TAMS 0x0000000709600000, 0x0000000709600000| Untracked 
|  64|0x0000000709800000, 0x0000000709800000, 0x0000000709a00000|  0%| F|  |TAMS 0x0000000709800000, 0x0000000709800000| Untracked 
|  65|0x0000000709a00000, 0x0000000709a00000, 0x0000000709c00000|  0%| F|  |TAMS 0x0000000709a00000, 0x0000000709a00000| Untracked 
|  66|0x0000000709c00000, 0x0000000709c00000, 0x0000000709e00000|  0%| F|  |TAMS 0x0000000709c00000, 0x0000000709c00000| Untracked 
|  67|0x0000000709e00000, 0x0000000709e00000, 0x000000070a000000|  0%| F|  |TAMS 0x0000000709e00000, 0x0000000709e00000| Untracked 
|  68|0x000000070a000000, 0x000000070a000000, 0x000000070a200000|  0%| F|  |TAMS 0x000000070a000000, 0x000000070a000000| Untracked 
|  69|0x000000070a200000, 0x000000070a200000, 0x000000070a400000|  0%| F|  |TAMS 0x000000070a200000, 0x000000070a200000| Untracked 
|  70|0x000000070a400000, 0x000000070a400000, 0x000000070a600000|  0%| F|  |TAMS 0x000000070a400000, 0x000000070a400000| Untracked 
|  71|0x000000070a600000, 0x000000070a600000, 0x000000070a800000|  0%| F|  |TAMS 0x000000070a600000, 0x000000070a600000| Untracked 
|  72|0x000000070a800000, 0x000000070a800000, 0x000000070aa00000|  0%| F|  |TAMS 0x000000070a800000, 0x000000070a800000| Untracked 
|  73|0x000000070aa00000, 0x000000070aa00000, 0x000000070ac00000|  0%| F|  |TAMS 0x000000070aa00000, 0x000000070aa00000| Untracked 
|  74|0x000000070ac00000, 0x000000070ac00000, 0x000000070ae00000|  0%| F|  |TAMS 0x000000070ac00000, 0x000000070ac00000| Untracked 
|  75|0x000000070ae00000, 0x000000070ae00000, 0x000000070b000000|  0%| F|  |TAMS 0x000000070ae00000, 0x000000070ae00000| Untracked 
|  76|0x000000070b000000, 0x000000070b000000, 0x000000070b200000|  0%| F|  |TAMS 0x000000070b000000, 0x000000070b000000| Untracked 
|  77|0x000000070b200000, 0x000000070b200000, 0x000000070b400000|  0%| F|  |TAMS 0x000000070b200000, 0x000000070b200000| Untracked 
|  78|0x000000070b400000, 0x000000070b400000, 0x000000070b600000|  0%| F|  |TAMS 0x000000070b400000, 0x000000070b400000| Untracked 
|  79|0x000000070b600000, 0x000000070b600000, 0x000000070b800000|  0%| F|  |TAMS 0x000000070b600000, 0x000000070b600000| Untracked 
|  80|0x000000070b800000, 0x000000070b800000, 0x000000070ba00000|  0%| F|  |TAMS 0x000000070b800000, 0x000000070b800000| Untracked 
|  81|0x000000070ba00000, 0x000000070ba00000, 0x000000070bc00000|  0%| F|  |TAMS 0x000000070ba00000, 0x000000070ba00000| Untracked 
|  82|0x000000070bc00000, 0x000000070bc00000, 0x000000070be00000|  0%| F|  |TAMS 0x000000070bc00000, 0x000000070bc00000| Untracked 
|  83|0x000000070be00000, 0x000000070be00000, 0x000000070c000000|  0%| F|  |TAMS 0x000000070be00000, 0x000000070be00000| Untracked 
|  84|0x000000070c000000, 0x000000070c000000, 0x000000070c200000|  0%| F|  |TAMS 0x000000070c000000, 0x000000070c000000| Untracked 
|  85|0x000000070c200000, 0x000000070c200000, 0x000000070c400000|  0%| F|  |TAMS 0x000000070c200000, 0x000000070c200000| Untracked 
|  86|0x000000070c400000, 0x000000070c400000, 0x000000070c600000|  0%| F|  |TAMS 0x000000070c400000, 0x000000070c400000| Untracked 
|  87|0x000000070c600000, 0x000000070c600000, 0x000000070c800000|  0%| F|  |TAMS 0x000000070c600000, 0x000000070c600000| Untracked 
|  88|0x000000070c800000, 0x000000070c800000, 0x000000070ca00000|  0%| F|  |TAMS 0x000000070c800000, 0x000000070c800000| Untracked 
|  89|0x000000070ca00000, 0x000000070ca00000, 0x000000070cc00000|  0%| F|  |TAMS 0x000000070ca00000, 0x000000070ca00000| Untracked 
|  90|0x000000070cc00000, 0x000000070cc00000, 0x000000070ce00000|  0%| F|  |TAMS 0x000000070cc00000, 0x000000070cc00000| Untracked 
|  91|0x000000070ce00000, 0x000000070ce00000, 0x000000070d000000|  0%| F|  |TAMS 0x000000070ce00000, 0x000000070ce00000| Untracked 
|  92|0x000000070d000000, 0x000000070d000000, 0x000000070d200000|  0%| F|  |TAMS 0x000000070d000000, 0x000000070d000000| Untracked 
|  93|0x000000070d200000, 0x000000070d200000, 0x000000070d400000|  0%| F|  |TAMS 0x000000070d200000, 0x000000070d200000| Untracked 
|  94|0x000000070d400000, 0x000000070d600000, 0x000000070d600000|100%| E|  |TAMS 0x000000070d400000, 0x000000070d400000| Complete 
|  95|0x000000070d600000, 0x000000070d800000, 0x000000070d800000|100%| E|CS|TAMS 0x000000070d600000, 0x000000070d600000| Complete 
|  96|0x000000070d800000, 0x000000070da00000, 0x000000070da00000|100%| E|CS|TAMS 0x000000070d800000, 0x000000070d800000| Complete 
|  97|0x000000070da00000, 0x000000070dc00000, 0x000000070dc00000|100%| E|CS|TAMS 0x000000070da00000, 0x000000070da00000| Complete 
|  98|0x000000070dc00000, 0x000000070de00000, 0x000000070de00000|100%| E|CS|TAMS 0x000000070dc00000, 0x000000070dc00000| Complete 
|  99|0x000000070de00000, 0x000000070e000000, 0x000000070e000000|100%| E|CS|TAMS 0x000000070de00000, 0x000000070de00000| Complete 
| 100|0x000000070e000000, 0x000000070e200000, 0x000000070e200000|100%| E|CS|TAMS 0x000000070e000000, 0x000000070e000000| Complete 
| 101|0x000000070e200000, 0x000000070e400000, 0x000000070e400000|100%| E|CS|TAMS 0x000000070e200000, 0x000000070e200000| Complete 
| 102|0x000000070e400000, 0x000000070e600000, 0x000000070e600000|100%| E|CS|TAMS 0x000000070e400000, 0x000000070e400000| Complete 
| 103|0x000000070e600000, 0x000000070e800000, 0x000000070e800000|100%| E|CS|TAMS 0x000000070e600000, 0x000000070e600000| Complete 
| 104|0x000000070e800000, 0x000000070ea00000, 0x000000070ea00000|100%| E|CS|TAMS 0x000000070e800000, 0x000000070e800000| Complete 
| 105|0x000000070ea00000, 0x000000070ec00000, 0x000000070ec00000|100%| E|CS|TAMS 0x000000070ea00000, 0x000000070ea00000| Complete 
| 106|0x000000070ec00000, 0x000000070ee00000, 0x000000070ee00000|100%| E|CS|TAMS 0x000000070ec00000, 0x000000070ec00000| Complete 
| 107|0x000000070ee00000, 0x000000070f000000, 0x000000070f000000|100%| E|CS|TAMS 0x000000070ee00000, 0x000000070ee00000| Complete 
| 108|0x000000070f000000, 0x000000070f200000, 0x000000070f200000|100%| E|CS|TAMS 0x000000070f000000, 0x000000070f000000| Complete 
| 109|0x000000070f200000, 0x000000070f400000, 0x000000070f400000|100%| E|CS|TAMS 0x000000070f200000, 0x000000070f200000| Complete 
| 110|0x000000070f400000, 0x000000070f600000, 0x000000070f600000|100%| E|CS|TAMS 0x000000070f400000, 0x000000070f400000| Complete 
| 111|0x000000070f600000, 0x000000070f800000, 0x000000070f800000|100%| E|CS|TAMS 0x000000070f600000, 0x000000070f600000| Complete 
| 112|0x000000070f800000, 0x000000070fa00000, 0x000000070fa00000|100%| E|CS|TAMS 0x000000070f800000, 0x000000070f800000| Complete 
| 113|0x000000070fa00000, 0x000000070fc00000, 0x000000070fc00000|100%| E|CS|TAMS 0x000000070fa00000, 0x000000070fa00000| Complete 
| 114|0x000000070fc00000, 0x000000070fe00000, 0x000000070fe00000|100%| E|CS|TAMS 0x000000070fc00000, 0x000000070fc00000| Complete 
| 115|0x000000070fe00000, 0x0000000710000000, 0x0000000710000000|100%| E|CS|TAMS 0x000000070fe00000, 0x000000070fe00000| Complete 
| 116|0x0000000710000000, 0x0000000710200000, 0x0000000710200000|100%| E|CS|TAMS 0x0000000710000000, 0x0000000710000000| Complete 
| 117|0x0000000710200000, 0x0000000710400000, 0x0000000710400000|100%| E|CS|TAMS 0x0000000710200000, 0x0000000710200000| Complete 
| 118|0x0000000710400000, 0x0000000710600000, 0x0000000710600000|100%| E|CS|TAMS 0x0000000710400000, 0x0000000710400000| Complete 
| 119|0x0000000710600000, 0x0000000710800000, 0x0000000710800000|100%| E|CS|TAMS 0x0000000710600000, 0x0000000710600000| Complete 
| 120|0x0000000710800000, 0x0000000710a00000, 0x0000000710a00000|100%| E|CS|TAMS 0x0000000710800000, 0x0000000710800000| Complete 
| 121|0x0000000710a00000, 0x0000000710c00000, 0x0000000710c00000|100%| E|CS|TAMS 0x0000000710a00000, 0x0000000710a00000| Complete 
| 122|0x0000000710c00000, 0x0000000710e00000, 0x0000000710e00000|100%| E|CS|TAMS 0x0000000710c00000, 0x0000000710c00000| Complete 
| 123|0x0000000710e00000, 0x0000000711000000, 0x0000000711000000|100%| E|CS|TAMS 0x0000000710e00000, 0x0000000710e00000| Complete 
| 124|0x0000000711000000, 0x0000000711200000, 0x0000000711200000|100%| E|CS|TAMS 0x0000000711000000, 0x0000000711000000| Complete 
| 125|0x0000000711200000, 0x0000000711400000, 0x0000000711400000|100%| E|CS|TAMS 0x0000000711200000, 0x0000000711200000| Complete 
| 126|0x0000000711400000, 0x0000000711600000, 0x0000000711600000|100%| E|CS|TAMS 0x0000000711400000, 0x0000000711400000| Complete 
| 127|0x0000000711600000, 0x0000000711800000, 0x0000000711800000|100%| E|CS|TAMS 0x0000000711600000, 0x0000000711600000| Complete 

Card table byte_map: [0x0000023b145f0000,0x0000023b14df0000] _byte_map_base: 0x0000023b10de4000

Marking Bits (Prev, Next): (CMBitMap*) 0x0000023b7ff0c230, (CMBitMap*) 0x0000023b7ff0c270
 Prev Bits: [0x0000023b155f0000, 0x0000023b19590000)
 Next Bits: [0x0000023b19590000, 0x0000023b1d530000)

Polling page: 0x0000023b7f210000

Metaspace:

Usage:
  Non-class:     14.25 MB used.
      Class:      1.46 MB used.
       Both:     15.71 MB used.

Virtual space:
  Non-class space:       16.00 MB reserved,      14.38 MB ( 90%) committed,  2 nodes.
      Class space:        1.00 GB reserved,       1.50 MB ( <1%) committed,  1 nodes.
              Both:        1.02 GB reserved,      15.88 MB (  2%) committed. 

Chunk freelists:
   Non-Class:  992.00 KB
       Class:  2.51 MB
        Both:  3.48 MB

MaxMetaspaceSize: 17179869184.00 GB
CompressedClassSpaceSize: 1.00 GB
 - commit_granule_bytes: 65536.
 - commit_granule_words: 8192.
 - virtual_space_node_default_size: 1048576.
 - enlarge_chunks_in_place: 1.
 - new_chunks_are_fully_committed: 0.
 - uncommit_free_chunks: 1.
 - use_allocation_guard: 0.
 - handle_deallocations: 1.


Internal statistics:

num_allocs_failed_limit: 0.
num_arena_births: 126.
num_arena_deaths: 0.
num_vsnodes_births: 3.
num_vsnodes_deaths: 0.
num_space_committed: 254.
num_space_uncommitted: 0.
num_chunks_returned_to_freelist: 0.
num_chunks_taken_from_freelist: 209.
num_chunk_merges: 0.
num_chunk_splits: 109.
num_chunks_enlarged: 49.
num_purges: 0.

CodeHeap 'non-profiled nmethods': size=120000Kb used=3112Kb max_used=3112Kb free=116887Kb
 bounds [0x0000023b0c370000, 0x0000023b0c680000, 0x0000023b138a0000]
CodeHeap 'profiled nmethods': size=120000Kb used=4841Kb max_used=4841Kb free=115158Kb
 bounds [0x0000023b04e40000, 0x0000023b05300000, 0x0000023b0c370000]
CodeHeap 'non-nmethods': size=5760Kb used=1270Kb max_used=1412Kb free=4489Kb
 bounds [0x0000023b048a0000, 0x0000023b04b10000, 0x0000023b04e40000]
 total_blobs=3015 nmethods=2433 adapters=494
 compilation: enabled
              stopped_count=0, restarted_count=0
 full_count=0

Compilation events (20 events):
Event: 5358.359 Thread 0x0000023b20c7b790 2448       4       sun.util.calendar.BaseCalendar::getFixedDate (324 bytes)
Event: 5358.360 Thread 0x0000023b20c7b790 nmethod 2448 0x0000023b0c66fd10 code [0x0000023b0c66fea0, 0x0000023b0c66ffb8]
Event: 5364.361 Thread 0x0000023b20c7b790 2449       4       sun.util.calendar.ZoneInfo::getOffsets (336 bytes)
Event: 5364.364 Thread 0x0000023b20c7b790 nmethod 2449 0x0000023b0c670190 code [0x0000023b0c670320, 0x0000023b0c6705f8]
Event: 5366.358 Thread 0x0000023b20c7b790 2450       4       java.util.GregorianCalendar::computeFields (1585 bytes)
Event: 5366.369 Thread 0x0000023b20c7b790 nmethod 2450 0x0000023b0c670a10 code [0x0000023b0c670c00, 0x0000023b0c671a08]
Event: 5369.358 Thread 0x0000023b20c7b790 2451   !   4       java.awt.Container::mixOnHiding (56 bytes)
Event: 5369.367 Thread 0x0000023b20c7b790 nmethod 2451 0x0000023b0c672990 code [0x0000023b0c672be0, 0x0000023b0c674110]
Event: 5375.359 Thread 0x0000023b20c7b790 2452   !   4       java.awt.KeyboardFocusManager::getPermanentFocusOwner (42 bytes)
Event: 5375.360 Thread 0x0000023b20c7b790 nmethod 2452 0x0000023b0c674910 code [0x0000023b0c674aa0, 0x0000023b0c674cf8]
Event: 5504.359 Thread 0x0000023b20c7b790 2453   !   4       java.awt.Component::removeNotify (338 bytes)
Event: 5504.382 Thread 0x0000023b20c7b790 nmethod 2453 0x0000023b0c674e10 code [0x0000023b0c675140, 0x0000023b0c6770f0]
Event: 8342.359 Thread 0x0000023b20c7b790 2454   !   4       java.util.concurrent.locks.AbstractQueuedSynchronizer::acquire (407 bytes)
Event: 8342.372 Thread 0x0000023b20c7b790 nmethod 2454 0x0000023b0c678510 code [0x0000023b0c678700, 0x0000023b0c679910]
Event: 15135.358 Thread 0x0000023b20c81dc0 2455 % !   3       java.util.TimerThread::mainLoop @ 0 (232 bytes)
Event: 15135.360 Thread 0x0000023b20c81dc0 nmethod 2455% 0x0000023b052f7090 code [0x0000023b052f7340, 0x0000023b052f82d8]
Event: 15392.359 Thread 0x0000023b20c81dc0 2456   !   3       java.util.TimerThread::mainLoop (232 bytes)
Event: 15392.360 Thread 0x0000023b20c81dc0 nmethod 2456 0x0000023b052f8b10 code [0x0000023b052f8dc0, 0x0000023b052f9c78]
Event: 15442.362 Thread 0x0000023b20c7b790 2457       4       java.util.TaskQueue::fixDown (108 bytes)
Event: 15442.363 Thread 0x0000023b20c7b790 nmethod 2457 0x0000023b0c679f10 code [0x0000023b0c67a0a0, 0x0000023b0c67a158]

GC Heap History (20 events):
Event: 23613.472 GC heap before
{Heap before GC invocations=1529 (full 0):
 garbage-first heap   total 262144K, used 161126K [0x0000000701800000, 0x0000000800000000)
  region size 2048K, 76 young (155648K), 1 survivors (2048K)
 Metaspace       used 16083K, committed 16256K, reserved 1064960K
  class space    used 1490K, committed 1536K, reserved 1048576K
}
Event: 23613.473 GC heap after
{Heap after GC invocations=1530 (full 0):
 garbage-first heap   total 262144K, used 7526K [0x0000000701800000, 0x0000000800000000)
  region size 2048K, 1 young (2048K), 1 survivors (2048K)
 Metaspace       used 16083K, committed 16256K, reserved 1064960K
  class space    used 1490K, committed 1536K, reserved 1048576K
}
Event: 23628.359 GC heap before
{Heap before GC invocations=1530 (full 0):
 garbage-first heap   total 262144K, used 161126K [0x0000000701800000, 0x0000000800000000)
  region size 2048K, 76 young (155648K), 1 survivors (2048K)
 Metaspace       used 16083K, committed 16256K, reserved 1064960K
  class space    used 1490K, committed 1536K, reserved 1048576K
}
Event: 23628.360 GC heap after
{Heap after GC invocations=1531 (full 0):
 garbage-first heap   total 262144K, used 7526K [0x0000000701800000, 0x0000000800000000)
  region size 2048K, 1 young (2048K), 1 survivors (2048K)
 Metaspace       used 16083K, committed 16256K, reserved 1064960K
  class space    used 1490K, committed 1536K, reserved 1048576K
}
Event: 23643.273 GC heap before
{Heap before GC invocations=1531 (full 0):
 garbage-first heap   total 262144K, used 161126K [0x0000000701800000, 0x0000000800000000)
  region size 2048K, 76 young (155648K), 1 survivors (2048K)
 Metaspace       used 16083K, committed 16256K, reserved 1064960K
  class space    used 1490K, committed 1536K, reserved 1048576K
}
Event: 23643.274 GC heap after
{Heap after GC invocations=1532 (full 0):
 garbage-first heap   total 262144K, used 7526K [0x0000000701800000, 0x0000000800000000)
  region size 2048K, 1 young (2048K), 1 survivors (2048K)
 Metaspace       used 16083K, committed 16256K, reserved 1064960K
  class space    used 1490K, committed 1536K, reserved 1048576K
}
Event: 23658.207 GC heap before
{Heap before GC invocations=1532 (full 0):
 garbage-first heap   total 262144K, used 161126K [0x0000000701800000, 0x0000000800000000)
  region size 2048K, 76 young (155648K), 1 survivors (2048K)
 Metaspace       used 16083K, committed 16256K, reserved 1064960K
  class space    used 1490K, committed 1536K, reserved 1048576K
}
Event: 23658.208 GC heap after
{Heap after GC invocations=1533 (full 0):
 garbage-first heap   total 262144K, used 7530K [0x0000000701800000, 0x0000000800000000)
  region size 2048K, 1 young (2048K), 1 survivors (2048K)
 Metaspace       used 16083K, committed 16256K, reserved 1064960K
  class space    used 1490K, committed 1536K, reserved 1048576K
}
Event: 23673.130 GC heap before
{Heap before GC invocations=1533 (full 0):
 garbage-first heap   total 262144K, used 161130K [0x0000000701800000, 0x0000000800000000)
  region size 2048K, 76 young (155648K), 1 survivors (2048K)
 Metaspace       used 16083K, committed 16256K, reserved 1064960K
  class space    used 1490K, committed 1536K, reserved 1048576K
}
Event: 23673.131 GC heap after
{Heap after GC invocations=1534 (full 0):
 garbage-first heap   total 262144K, used 7524K [0x0000000701800000, 0x0000000800000000)
  region size 2048K, 1 young (2048K), 1 survivors (2048K)
 Metaspace       used 16083K, committed 16256K, reserved 1064960K
  class space    used 1490K, committed 1536K, reserved 1048576K
}
Event: 23688.147 GC heap before
{Heap before GC invocations=1534 (full 0):
 garbage-first heap   total 262144K, used 161124K [0x0000000701800000, 0x0000000800000000)
  region size 2048K, 76 young (155648K), 1 survivors (2048K)
 Metaspace       used 16083K, committed 16256K, reserved 1064960K
  class space    used 1490K, committed 1536K, reserved 1048576K
}
Event: 23688.148 GC heap after
{Heap after GC invocations=1535 (full 0):
 garbage-first heap   total 262144K, used 7528K [0x0000000701800000, 0x0000000800000000)
  region size 2048K, 1 young (2048K), 1 survivors (2048K)
 Metaspace       used 16083K, committed 16256K, reserved 1064960K
  class space    used 1490K, committed 1536K, reserved 1048576K
}
Event: 23703.135 GC heap before
{Heap before GC invocations=1535 (full 0):
 garbage-first heap   total 262144K, used 161128K [0x0000000701800000, 0x0000000800000000)
  region size 2048K, 76 young (155648K), 1 survivors (2048K)
 Metaspace       used 16083K, committed 16256K, reserved 1064960K
  class space    used 1490K, committed 1536K, reserved 1048576K
}
Event: 23703.136 GC heap after
{Heap after GC invocations=1536 (full 0):
 garbage-first heap   total 262144K, used 7522K [0x0000000701800000, 0x0000000800000000)
  region size 2048K, 1 young (2048K), 1 survivors (2048K)
 Metaspace       used 16083K, committed 16256K, reserved 1064960K
  class space    used 1490K, committed 1536K, reserved 1048576K
}
Event: 23718.126 GC heap before
{Heap before GC invocations=1536 (full 0):
 garbage-first heap   total 262144K, used 161122K [0x0000000701800000, 0x0000000800000000)
  region size 2048K, 76 young (155648K), 1 survivors (2048K)
 Metaspace       used 16083K, committed 16256K, reserved 1064960K
  class space    used 1490K, committed 1536K, reserved 1048576K
}
Event: 23718.127 GC heap after
{Heap after GC invocations=1537 (full 0):
 garbage-first heap   total 262144K, used 7526K [0x0000000701800000, 0x0000000800000000)
  region size 2048K, 1 young (2048K), 1 survivors (2048K)
 Metaspace       used 16083K, committed 16256K, reserved 1064960K
  class space    used 1490K, committed 1536K, reserved 1048576K
}
Event: 23733.093 GC heap before
{Heap before GC invocations=1537 (full 0):
 garbage-first heap   total 262144K, used 161126K [0x0000000701800000, 0x0000000800000000)
  region size 2048K, 76 young (155648K), 1 survivors (2048K)
 Metaspace       used 16083K, committed 16256K, reserved 1064960K
  class space    used 1490K, committed 1536K, reserved 1048576K
}
Event: 23733.094 GC heap after
{Heap after GC invocations=1538 (full 0):
 garbage-first heap   total 262144K, used 7528K [0x0000000701800000, 0x0000000800000000)
  region size 2048K, 1 young (2048K), 1 survivors (2048K)
 Metaspace       used 16083K, committed 16256K, reserved 1064960K
  class space    used 1490K, committed 1536K, reserved 1048576K
}
Event: 23748.024 GC heap before
{Heap before GC invocations=1538 (full 0):
 garbage-first heap   total 262144K, used 161128K [0x0000000701800000, 0x0000000800000000)
  region size 2048K, 76 young (155648K), 1 survivors (2048K)
 Metaspace       used 16083K, committed 16256K, reserved 1064960K
  class space    used 1490K, committed 1536K, reserved 1048576K
}
Event: 23748.025 GC heap after
{Heap after GC invocations=1539 (full 0):
 garbage-first heap   total 262144K, used 7528K [0x0000000701800000, 0x0000000800000000)
  region size 2048K, 1 young (2048K), 1 survivors (2048K)
 Metaspace       used 16083K, committed 16256K, reserved 1064960K
  class space    used 1490K, committed 1536K, reserved 1048576K
}

Deoptimization events (20 events):
Event: 21.795 Thread 0x0000023b213fde10 Uncommon trap: trap_request=0xffffff45 fr.pc=0x0000023b0c5d41d4 relative=0x0000000000002e54
Event: 21.795 Thread 0x0000023b213fde10 Uncommon trap: reason=unstable_if action=reinterpret pc=0x0000023b0c5d41d4 method=java.awt.EventQueue.setCurrentEventAndMostRecentTimeImpl(Ljava/awt/AWTEvent;)V @ 137 c2
Event: 21.795 Thread 0x0000023b213fde10 DEOPT PACKING pc=0x0000023b0c5d41d4 sp=0x000000a32b6fee50
Event: 21.795 Thread 0x0000023b213fde10 DEOPT UNPACKING pc=0x0000023b048ed72e sp=0x000000a32b6fed80 mode 2
Event: 129.358 Thread 0x0000023b213fde10 Uncommon trap: trap_request=0xffffff45 fr.pc=0x0000023b0c62ad34 relative=0x0000000000001b14
Event: 129.358 Thread 0x0000023b213fde10 Uncommon trap: reason=unstable_if action=reinterpret pc=0x0000023b0c62ad34 method=sun.java2d.pipe.Region.isInsideQuickCheck(Lsun/java2d/pipe/Region;)Z @ 26 c2
Event: 129.358 Thread 0x0000023b213fde10 DEOPT PACKING pc=0x0000023b0c62ad34 sp=0x000000a32b6fea50
Event: 129.358 Thread 0x0000023b213fde10 DEOPT UNPACKING pc=0x0000023b048ed72e sp=0x000000a32b6fe8b0 mode 2
Event: 129.358 Thread 0x0000023b213fde10 Uncommon trap: trap_request=0xffffff45 fr.pc=0x0000023b0c628718 relative=0x0000000000000178
Event: 129.358 Thread 0x0000023b213fde10 Uncommon trap: reason=unstable_if action=reinterpret pc=0x0000023b0c628718 method=sun.java2d.pipe.Region.isInsideQuickCheck(Lsun/java2d/pipe/Region;)Z @ 26 c2
Event: 129.359 Thread 0x0000023b213fde10 DEOPT PACKING pc=0x0000023b0c628718 sp=0x000000a32b6fe8f0
Event: 129.359 Thread 0x0000023b213fde10 DEOPT UNPACKING pc=0x0000023b048ed72e sp=0x000000a32b6fe828 mode 2
Event: 3226.362 Thread 0x0000023b213fde10 Uncommon trap: trap_request=0xffffff45 fr.pc=0x0000023b0c63bf64 relative=0x0000000000000e04
Event: 3226.362 Thread 0x0000023b213fde10 Uncommon trap: reason=unstable_if action=reinterpret pc=0x0000023b0c63bf64 method=java.util.concurrent.locks.ReentrantLock$NonfairSync.tryAcquire(I)Z @ 13 c2
Event: 3226.362 Thread 0x0000023b213fde10 DEOPT PACKING pc=0x0000023b0c63bf64 sp=0x000000a32b6fedc0
Event: 3226.362 Thread 0x0000023b213fde10 DEOPT UNPACKING pc=0x0000023b048ed72e sp=0x000000a32b6fece8 mode 2
Event: 3682.359 Thread 0x0000023b213fde10 Uncommon trap: trap_request=0xffffff45 fr.pc=0x0000023b0c63a60c relative=0x000000000000016c
Event: 3682.359 Thread 0x0000023b213fde10 Uncommon trap: reason=unstable_if action=reinterpret pc=0x0000023b0c63a60c method=java.util.concurrent.locks.ReentrantLock$NonfairSync.tryAcquire(I)Z @ 13 c2
Event: 3682.359 Thread 0x0000023b213fde10 DEOPT PACKING pc=0x0000023b0c63a60c sp=0x000000a32b6fed30
Event: 3682.359 Thread 0x0000023b213fde10 DEOPT UNPACKING pc=0x0000023b048ed72e sp=0x000000a32b6fece0 mode 2

Classes unloaded (0 events):
No events

Classes redefined (0 events):
No events

Internal exceptions (20 events):
Event: 0.143 Thread 0x0000023b7febc330 Exception <a 'java/lang/NoSuchMethodError'{0x0000000711448a18}: 'void java.lang.invoke.DirectMethodHandle$Holder.invokeSpecial(java.lang.Object, java.lang.Object, java.lang.Object)'> (0x0000000711448a18) 
thrown [t:\workspace\open\src\hotspot\share\interpreter\linkResolver.cpp, line 790]
Event: 0.149 Thread 0x0000023b7febc330 Exception <a 'sun/nio/fs/WindowsException'{0x0000000711455f08}> (0x0000000711455f08) 
thrown [t:\workspace\open\src\hotspot\share\prims\jni.cpp, line 579]
Event: 0.153 Thread 0x0000023b7febc330 Exception <a 'java/lang/ClassNotFoundException'{0x000000071145c188}: sun/awt/resources/spi/awtProvider> (0x000000071145c188) 
thrown [t:\workspace\open\src\hotspot\share\classfile\systemDictionary.cpp, line 256]
Event: 0.171 Thread 0x0000023b7febc330 Exception <a 'java/io/FileNotFoundException'{0x00000007114b1938}> (0x00000007114b1938) 
thrown [t:\workspace\open\src\hotspot\share\prims\jni.cpp, line 579]
Event: 0.177 Thread 0x0000023b7febc330 Exception <a 'java/io/FileNotFoundException'{0x00000007114e0388}> (0x00000007114e0388) 
thrown [t:\workspace\open\src\hotspot\share\prims\jni.cpp, line 579]
Event: 0.178 Thread 0x0000023b7febc330 Exception <a 'java/lang/NoSuchMethodError'{0x00000007114e15c0}: 'java.lang.Object java.lang.invoke.DirectMethodHandle$Holder.invokeStatic(java.lang.Object)'> (0x00000007114e15c0) 
thrown [t:\workspace\open\src\hotspot\share\interpreter\linkResolver.cpp, line 790]
Event: 0.221 Thread 0x0000023b20f090b0 Exception <a 'java/lang/NoSuchMethodError'{0x0000000711590188}: 'java.lang.Object java.lang.invoke.DirectMethodHandle$Holder.invokeStaticInit(java.lang.Object)'> (0x0000000711590188) 
thrown [t:\workspace\open\src\hotspot\share\interpreter\linkResolver.cpp, line 790]
Event: 0.268 Thread 0x0000023b20f090b0 Exception <a 'java/lang/NoSuchMethodError'{0x00000007112af180}: 'java.lang.Object java.lang.invoke.DirectMethodHandle$Holder.newInvokeSpecial(java.lang.Object, java.lang.Object, java.lang.Object, java.lang.Object, java.lang.Object)'> (0x00000007112af180) 
thrown [t:\workspace\open\src\hotspot\share\interpreter\linkResolver.cpp, line 790]
Event: 0.269 Thread 0x0000023b20f090b0 Exception <a 'java/lang/NoSuchMethodError'{0x00000007112bac68}: 'java.lang.Object java.lang.invoke.DirectMethodHandle$Holder.invokeStatic(java.lang.Object, int, java.lang.Object, java.lang.Object, java.lang.Object, java.lang.Object)'> (0x00000007112bac68) 
thrown [t:\workspace\open\src\hotspot\share\interpreter\linkResolver.cpp, line 790]
Event: 0.273 Thread 0x0000023b20f090b0 Exception <a 'java/lang/NoSuchMethodError'{0x00000007112e0d30}: 'java.lang.Object java.lang.invoke.DirectMethodHandle$Holder.invokeStatic(java.lang.Object, int, java.lang.Object)'> (0x00000007112e0d30) 
thrown [t:\workspace\open\src\hotspot\share\interpreter\linkResolver.cpp, line 790]
Event: 0.294 Thread 0x0000023b20f090b0 Exception <a 'java/lang/ClassNotFoundException'{0x0000000711399060}: com/sun/swing/internal/plaf/metal/resources/spi/metalProvider> (0x0000000711399060) 
thrown [t:\workspace\open\src\hotspot\share\classfile\systemDictionary.cpp, line 256]
Event: 0.295 Thread 0x0000023b20f090b0 Exception <a 'java/lang/ClassNotFoundException'{0x000000071139d4a8}: com/sun/swing/internal/plaf/basic/resources/spi/basicProvider> (0x000000071139d4a8) 
thrown [t:\workspace\open\src\hotspot\share\classfile\systemDictionary.cpp, line 256]
Event: 0.367 Thread 0x0000023b21390d30 Exception <a 'java/lang/NoSuchMethodError'{0x0000000710e12db0}: 'java.lang.Object java.lang.invoke.DirectMethodHandle$Holder.newInvokeSpecial(java.lang.Object, java.lang.Object, java.lang.Object, int, int, int, int, int)'> (0x0000000710e12db0) 
thrown [t:\workspace\open\src\hotspot\share\interpreter\linkResolver.cpp, line 790]
Event: 0.412 Thread 0x0000023b20f090b0 Exception <a 'java/lang/NoSuchMethodError'{0x0000000710eaf078}: 'void java.lang.invoke.DirectMethodHandle$Holder.invokeStaticInit(java.lang.Object)'> (0x0000000710eaf078) 
thrown [t:\workspace\open\src\hotspot\share\interpreter\linkResolver.cpp, line 790]
Event: 0.439 Thread 0x0000023b20f090b0 Exception <a 'sun/nio/fs/WindowsException'{0x0000000710ff3dc8}> (0x0000000710ff3dc8) 
thrown [t:\workspace\open\src\hotspot\share\prims\jni.cpp, line 579]
Event: 0.466 Thread 0x0000023b20f090b0 Implicit null exception at 0x0000023b0c3aa950 to 0x0000023b0c3aa9b2
Event: 1.721 Thread 0x0000023b213fde10 Implicit null exception at 0x0000023b0c3c0564 to 0x0000023b0c3c0af8
Event: 6.731 Thread 0x0000023b20f090b0 Implicit null exception at 0x0000023b0c447ee6 to 0x0000023b0c4483d0
Event: 11.369 Thread 0x0000023b213fde10 Implicit null exception at 0x0000023b0c4cbb0c to 0x0000023b0c4cc944
Event: 18.358 Thread 0x0000023b213873b0 Implicit null exception at 0x0000023b0c3e23c0 to 0x0000023b0c3e2c00

Events (20 events):
Event: 23613.471 Executing  VM operation: G1CollectForAllocation
Event: 23613.473 Executing  VM operation: G1CollectForAllocation done
Event: 23628.358 Executing  VM operation: G1CollectForAllocation
Event: 23628.360 Executing  VM operation: G1CollectForAllocation done
Event: 23643.273 Executing  VM operation: G1CollectForAllocation
Event: 23643.274 Executing  VM operation: G1CollectForAllocation done
Event: 23658.207 Executing  VM operation: G1CollectForAllocation
Event: 23658.208 Executing  VM operation: G1CollectForAllocation done
Event: 23673.130 Executing  VM operation: G1CollectForAllocation
Event: 23673.131 Executing  VM operation: G1CollectForAllocation done
Event: 23688.147 Executing  VM operation: G1CollectForAllocation
Event: 23688.148 Executing  VM operation: G1CollectForAllocation done
Event: 23703.135 Executing  VM operation: G1CollectForAllocation
Event: 23703.136 Executing  VM operation: G1CollectForAllocation done
Event: 23718.126 Executing  VM operation: G1CollectForAllocation
Event: 23718.127 Executing  VM operation: G1CollectForAllocation done
Event: 23733.093 Executing  VM operation: G1CollectForAllocation
Event: 23733.094 Executing  VM operation: G1CollectForAllocation done
Event: 23748.024 Executing  VM operation: G1CollectForAllocation
Event: 23748.025 Executing  VM operation: G1CollectForAllocation done


Dynamic libraries:
0x00007ff7eab50000 - 0x00007ff7eab5e000 	C:\Users\surya\.p2\pool\plugins\org.eclipse.justj.openjdk.hotspot.jre.full.win32.x86_64_16.0.1.v20210528-1205\jre\bin\javaw.exe
0x00007ff9a2d50000 - 0x00007ff9a2f45000 	C:\WINDOWS\SYSTEM32\ntdll.dll
0x00007ff9a26f0000 - 0x00007ff9a27ad000 	C:\WINDOWS\System32\KERNEL32.DLL
0x00007ff9a07e0000 - 0x00007ff9a0aa9000 	C:\WINDOWS\System32\KERNELBASE.dll
0x00007ff9a0520000 - 0x00007ff9a0620000 	C:\WINDOWS\System32\ucrtbase.dll
0x00007ff99bfd0000 - 0x00007ff99bfe8000 	C:\Users\surya\.p2\pool\plugins\org.eclipse.justj.openjdk.hotspot.jre.full.win32.x86_64_16.0.1.v20210528-1205\jre\bin\jli.dll
0x00007ff99aa00000 - 0x00007ff99aa19000 	C:\Users\surya\.p2\pool\plugins\org.eclipse.justj.openjdk.hotspot.jre.full.win32.x86_64_16.0.1.v20210528-1205\jre\bin\VCRUNTIME140.dll
0x00007ff9a2550000 - 0x00007ff9a26f0000 	C:\WINDOWS\System32\USER32.dll
0x00007ff9a0b30000 - 0x00007ff9a0b52000 	C:\WINDOWS\System32\win32u.dll
0x00007ff984af0000 - 0x00007ff984d8a000 	C:\WINDOWS\WinSxS\amd64_microsoft.windows.common-controls_6595b64144ccf1df_6.0.19041.1110_none_60b5254171f9507e\COMCTL32.dll
0x00007ff9a2350000 - 0x00007ff9a237a000 	C:\WINDOWS\System32\GDI32.dll
0x00007ff9a0620000 - 0x00007ff9a072b000 	C:\WINDOWS\System32\gdi32full.dll
0x00007ff9a1530000 - 0x00007ff9a15ce000 	C:\WINDOWS\System32\msvcrt.dll
0x00007ff9a0b60000 - 0x00007ff9a0bfd000 	C:\WINDOWS\System32\msvcp_win.dll
0x00007ff9a1500000 - 0x00007ff9a1530000 	C:\WINDOWS\System32\IMM32.DLL
0x00007ff99bfa0000 - 0x00007ff99bfac000 	C:\Users\surya\.p2\pool\plugins\org.eclipse.justj.openjdk.hotspot.jre.full.win32.x86_64_16.0.1.v20210528-1205\jre\bin\vcruntime140_1.dll
0x00007ff980eb0000 - 0x00007ff980f41000 	C:\Users\surya\.p2\pool\plugins\org.eclipse.justj.openjdk.hotspot.jre.full.win32.x86_64_16.0.1.v20210528-1205\jre\bin\msvcp140.dll
0x00007ff959630000 - 0x00007ff95a1db000 	C:\Users\surya\.p2\pool\plugins\org.eclipse.justj.openjdk.hotspot.jre.full.win32.x86_64_16.0.1.v20210528-1205\jre\bin\server\jvm.dll
0x00007ff9a2090000 - 0x00007ff9a213c000 	C:\WINDOWS\System32\ADVAPI32.dll
0x00007ff9a1d10000 - 0x00007ff9a1dab000 	C:\WINDOWS\System32\sechost.dll
0x00007ff9a21c0000 - 0x00007ff9a22ea000 	C:\WINDOWS\System32\RPCRT4.dll
0x00007ff9a24d0000 - 0x00007ff9a24d8000 	C:\WINDOWS\System32\PSAPI.DLL
0x00007ff998190000 - 0x00007ff99819a000 	C:\WINDOWS\SYSTEM32\VERSION.dll
0x00007ff98ace0000 - 0x00007ff98ad07000 	C:\WINDOWS\SYSTEM32\WINMM.dll
0x00007ff99bf80000 - 0x00007ff99bf89000 	C:\WINDOWS\SYSTEM32\WSOCK32.dll
0x00007ff9a24e0000 - 0x00007ff9a254b000 	C:\WINDOWS\System32\WS2_32.dll
0x00007ff99e3c0000 - 0x00007ff99e3d2000 	C:\WINDOWS\SYSTEM32\kernel.appcore.dll
0x00007ff99b2a0000 - 0x00007ff99b2aa000 	C:\Users\surya\.p2\pool\plugins\org.eclipse.justj.openjdk.hotspot.jre.full.win32.x86_64_16.0.1.v20210528-1205\jre\bin\jimage.dll
0x00007ff9885e0000 - 0x00007ff9887c4000 	C:\WINDOWS\SYSTEM32\DBGHELP.DLL
0x00007ff988510000 - 0x00007ff98853c000 	C:\WINDOWS\SYSTEM32\dbgcore.DLL
0x00007ff9a0490000 - 0x00007ff9a0513000 	C:\WINDOWS\System32\bcryptPrimitives.dll
0x00007ff975f90000 - 0x00007ff975fb5000 	C:\Users\surya\.p2\pool\plugins\org.eclipse.justj.openjdk.hotspot.jre.full.win32.x86_64_16.0.1.v20210528-1205\jre\bin\java.dll
0x00007ff98d980000 - 0x00007ff98d998000 	C:\Users\surya\.p2\pool\plugins\org.eclipse.justj.openjdk.hotspot.jre.full.win32.x86_64_16.0.1.v20210528-1205\jre\bin\zip.dll
0x00007ff9a15d0000 - 0x00007ff9a1d0f000 	C:\WINDOWS\System32\SHELL32.dll
0x00007ff99e5c0000 - 0x00007ff99ed51000 	C:\WINDOWS\SYSTEM32\windows.storage.dll
0x00007ff9a2920000 - 0x00007ff9a2c75000 	C:\WINDOWS\System32\combase.dll
0x00007ff99ff00000 - 0x00007ff99ff2c000 	C:\WINDOWS\SYSTEM32\Wldp.dll
0x00007ff9a2870000 - 0x00007ff9a291e000 	C:\WINDOWS\System32\SHCORE.dll
0x00007ff9a14a0000 - 0x00007ff9a14f5000 	C:\WINDOWS\System32\shlwapi.dll
0x00007ff9a03d0000 - 0x00007ff9a03ef000 	C:\WINDOWS\SYSTEM32\profapi.dll
0x00007ff980d20000 - 0x00007ff980d39000 	C:\Users\surya\.p2\pool\plugins\org.eclipse.justj.openjdk.hotspot.jre.full.win32.x86_64_16.0.1.v20210528-1205\jre\bin\net.dll
0x00007ff98e8c0000 - 0x00007ff98e9ca000 	C:\WINDOWS\SYSTEM32\WINHTTP.dll
0x00007ff99fc60000 - 0x00007ff99fcca000 	C:\WINDOWS\system32\mswsock.dll
0x00007ff97f7c0000 - 0x00007ff97f7d3000 	C:\Users\surya\.p2\pool\plugins\org.eclipse.justj.openjdk.hotspot.jre.full.win32.x86_64_16.0.1.v20210528-1205\jre\bin\nio.dll
0x00007ff949230000 - 0x00007ff9493af000 	C:\Users\surya\.p2\pool\plugins\org.eclipse.justj.openjdk.hotspot.jre.full.win32.x86_64_16.0.1.v20210528-1205\jre\bin\awt.dll
0x00007ff9a1ee0000 - 0x00007ff9a1fad000 	C:\WINDOWS\System32\OLEAUT32.dll
0x00007ff99dd70000 - 0x00007ff99de00000 	C:\WINDOWS\SYSTEM32\apphelp.dll
0x00007ff99e0d0000 - 0x00007ff99e0ff000 	C:\WINDOWS\system32\DWMAPI.DLL
0x00007ff99df00000 - 0x00007ff99df9e000 	C:\WINDOWS\system32\uxtheme.dll
0x00007ff971c30000 - 0x00007ff971d55000 	C:\WINDOWS\system32\opengl32.dll
0x00007ff973070000 - 0x00007ff97309c000 	C:\WINDOWS\SYSTEM32\GLU32.dll
0x00007ff9a2380000 - 0x00007ff9a2495000 	C:\WINDOWS\System32\MSCTF.dll
0x00007ff965260000 - 0x00007ff96536e000 	C:\Program Files (x86)\Razer\Razer Cortex\x64\k_fps64.dll
0x00007ff938db0000 - 0x00007ff93901f000 	C:\Program Files (x86)\Razer\Razer Cortex\x64\D3DCOMPILER_43.dll
0x00007ff939020000 - 0x00007ff939283000 	C:\Program Files (x86)\Razer\Razer Cortex\x64\d3dx9_43.dll
0x00007ff939290000 - 0x00007ff9392e7000 	C:\Program Files (x86)\Razer\Razer Cortex\x64\EasyHook64.dll
0x00007ff9392f0000 - 0x00007ff93936f000 	C:\Program Files (x86)\Razer\Razer Cortex\x64\d3dx10_43.dll
0x00007ff9a1db0000 - 0x00007ff9a1eda000 	C:\WINDOWS\System32\ole32.dll
0x00007ff94aaa0000 - 0x00007ff94ab29000 	C:\Users\surya\.p2\pool\plugins\org.eclipse.justj.openjdk.hotspot.jre.full.win32.x86_64_16.0.1.v20210528-1205\jre\bin\freetype.dll
0x00007ff940060000 - 0x00007ff940156000 	C:\Users\surya\.p2\pool\plugins\org.eclipse.justj.openjdk.hotspot.jre.full.win32.x86_64_16.0.1.v20210528-1205\jre\bin\harfbuzz.dll
0x00007ff9546d0000 - 0x00007ff9546e2000 	C:\Users\surya\.p2\pool\plugins\org.eclipse.justj.openjdk.hotspot.jre.full.win32.x86_64_16.0.1.v20210528-1205\jre\bin\fontmanager.dll
0x00007ff9946e0000 - 0x00007ff9947d9000 	C:\WINDOWS\SYSTEM32\textinputframework.dll
0x00007ff99d6b0000 - 0x00007ff99da0e000 	C:\WINDOWS\System32\CoreUIComponents.dll
0x00007ff99da10000 - 0x00007ff99db02000 	C:\WINDOWS\System32\CoreMessaging.dll
0x00007ff99f1c0000 - 0x00007ff99f1f3000 	C:\WINDOWS\SYSTEM32\ntmarta.dll
0x00007ff99c350000 - 0x00007ff99c4a4000 	C:\WINDOWS\SYSTEM32\wintypes.dll

dbghelp: loaded successfully - version: 4.0.5 - missing functions: none
symbol engine: initialized successfully - sym options: 0x614 - pdb path: .;C:\Users\surya\.p2\pool\plugins\org.eclipse.justj.openjdk.hotspot.jre.full.win32.x86_64_16.0.1.v20210528-1205\jre\bin;C:\WINDOWS\SYSTEM32;C:\WINDOWS\WinSxS\amd64_microsoft.windows.common-controls_6595b64144ccf1df_6.0.19041.1110_none_60b5254171f9507e;C:\Users\surya\.p2\pool\plugins\org.eclipse.justj.openjdk.hotspot.jre.full.win32.x86_64_16.0.1.v20210528-1205\jre\bin\server;C:\Program Files (x86)\Razer\Razer Cortex\x64

VM Arguments:
jvm_args: -Dfile.encoding=Cp1252 --module-path=C:\Users\surya\OneDrive\Desktop\Projects\Surchessake\Eclipse Project\bin -XX:+ShowCodeDetailsInExceptionMessages -Djdk.module.main=surya 
java_command: surya/main.surchessake
java_class_path (initial): <not set>
Launcher Type: SUN_STANDARD

[Global flags]
     intx CICompilerCount                          = 4                                         {product} {ergonomic}
     uint ConcGCThreads                            = 3                                         {product} {ergonomic}
     uint G1ConcRefinementThreads                  = 10                                        {product} {ergonomic}
   size_t G1HeapRegionSize                         = 2097152                                   {product} {ergonomic}
    uintx GCDrainStackTargetSize                   = 64                                        {product} {ergonomic}
   size_t InitialHeapSize                          = 268435456                                 {product} {ergonomic}
   size_t MarkStackSize                            = 4194304                                   {product} {ergonomic}
   size_t MaxHeapSize                              = 4269801472                                {product} {ergonomic}
   size_t MaxNewSize                               = 2560622592                                {product} {ergonomic}
   size_t MinHeapDeltaBytes                        = 2097152                                   {product} {ergonomic}
   size_t MinHeapSize                              = 8388608                                   {product} {ergonomic}
    uintx NonNMethodCodeHeapSize                   = 5839372                                {pd product} {ergonomic}
    uintx NonProfiledCodeHeapSize                  = 122909434                              {pd product} {ergonomic}
    uintx ProfiledCodeHeapSize                     = 122909434                              {pd product} {ergonomic}
    uintx ReservedCodeCacheSize                    = 251658240                              {pd product} {ergonomic}
     bool SegmentedCodeCache                       = true                                      {product} {ergonomic}
     bool ShowCodeDetailsInExceptionMessages       = true                                   {manageable} {command line}
   size_t SoftMaxHeapSize                          = 4269801472                             {manageable} {ergonomic}
     bool UseCompressedClassPointers               = true                           {product lp64_product} {ergonomic}
     bool UseCompressedOops                        = true                           {product lp64_product} {ergonomic}
     bool UseG1GC                                  = true                                      {product} {ergonomic}
     bool UseLargePagesIndividualAllocation        = false                                  {pd product} {ergonomic}

Logging:
Log output configuration:
 #0: stdout all=warning uptime,level,tags
 #1: stderr all=off uptime,level,tags

Environment Variables:
PATH=C:/Users/surya/.p2/pool/plugins/org.eclipse.justj.openjdk.hotspot.jre.full.win32.x86_64_16.0.1.v20210528-1205/jre/bin/server;C:/Users/surya/.p2/pool/plugins/org.eclipse.justj.openjdk.hotspot.jre.full.win32.x86_64_16.0.1.v20210528-1205/jre/bin;C:\Program Files\Common Files\Oracle\Java\javapath;C:\Program Files (x86)\Common Files\Oracle\Java\javapath;C:\Program Files (x86)\Razer Chroma SDK\bin;C:\Program Files\Razer Chroma SDK\bin;C:\Program Files (x86)\Razer\ChromaBroadcast\bin;C:\Program Files\Razer\ChromaBroadcast\bin;C:\Python39\Scripts;C:\Windows\system32;C:\Windows;C:\Windows\System32\Wbem;C:\Windows\System32\WindowsPowerShell\v1.0\;C:\Windows\System32\OpenSSH\;C:\Program Files\NVIDIA Corporation\NVIDIA NvDLISR;C:\Program Files (x86)\NVIDIA Corporation\PhysX\Common;C:\Windows\system32\config\systemprofile\AppData\Local\Microsoft\WindowsApps;C:\Program Files (x86)\Windows Kits\10\Windows Performance Toolkit\;C:\Program Files\Git\cmd;C:\WINDOWS\system32;C:\WINDOWS;C:\WINDOWS\System32\Wbem;C:\WINDOWS\System32\WindowsPowerShell\v1.0\;C:\WINDOWS\System32\OpenSSH\;C:\Users\surya\AppData\Local\Programs\Python\Python39;C:\Users\surya\AppData\Local\Programs\Python\Python39\Scripts;C:\Users\surya\AppData\Local\Programs\Python\Launcher;C:\Program Files\Common Files\Oracle\Java\javapath;C:\Program Files (x86)\Common Files\Oracle\Java\javapath;C:\Program Files (x86)\Razer Chroma SDK\bin;C:\Program Files\Razer Chroma SDK\bin;C:\Program Files (x86)\Razer\ChromaBroadcast\bin;C:\Program Files\Razer\ChromaBroadcast\bin;C:\Windows\system32;C:\Windows;C:\Python39\Scripts;C:\Windows\System32\Wbem;C:\Windows\System32\WindowsPowerShell\v1.0\;C:\Windows\System32\OpenSSH\;C:\Program Files\NVIDIA Corporation\NVIDIA NvDLISR;C:\Program Files (x86)\NVIDIA Corporation\PhysX\Common;C:\Windows\system32\config\systemprofile\AppData\Local\Microsoft\WindowsApps;C:\Program Files (x86)\Windows Kits\10\Windows Performance Toolkit\;C:\Program Files\Git\cmd;C:\WINDOWS\system32;C:\WINDOWS;C:\WINDOWS\
USERNAME=surya
OS=Windows_NT
PROCESSOR_IDENTIFIER=Intel64 Family 6 Model 158 Stepping 10, GenuineIntel



---------------  S Y S T E M  ---------------

OS:
 Windows 10 , 64 bit Build 19041 (10.0.19041.1023)
OS uptime: 0 days 23:56 hours

CPU: total 12 (initial active 12) (6 cores per cpu, 2 threads per core) family 6 model 158 stepping 10 microcode 0xb4, cx8, cmov, fxsr, ht, mmx, 3dnowpref, sse, sse2, sse3, ssse3, sse4.1, sse4.2, popcnt, lzcnt, tsc, tscinvbit, avx, avx2, aes, erms, clmul, bmi1, bmi2, adx, fma, vzeroupper, clflush, clflushopt

Memory: 4k page, system-wide physical 16284M (9667M free)
TotalPageFile size 32568M (AvailPageFile size 20165M)
current process WorkingSet (physical memory assigned to process): 188M, peak: 334M
current process commit charge ("private bytes"): 367M, peak: 474M

vm_info: OpenJDK 64-Bit Server VM (16.0.1+9-24) for windows-amd64 JRE (16.0.1+9-24), built on Mar 26 2021 19:30:07 by "mach5one" with MS VC++ 16.7 (VS2019)

END.
