#
# A fatal error has been detected by the Java Runtime Environment:
#
#  EXCEPTION_ACCESS_VIOLATION (0xc0000005) at pc=0x00007ffe0906eea4, pid=16740, tid=17552
#
# JRE version: OpenJDK Runtime Environment (16.0.1+9) (build 16.0.1+9-24)
# Java VM: OpenJDK 64-Bit Server VM (16.0.1+9-24, mixed mode, tiered, compressed oops, compressed class ptrs, g1 gc, windows-amd64)
# Problematic frame:
# C  [ntdll.dll+0x1eea4]
#
# No core dump will be written. Minidumps are not enabled by default on client versions of Windows
#
# If you would like to submit a bug report, please visit:
#   https://bugreport.java.com/bugreport/crash.jsp
#

---------------  S U M M A R Y ------------

Command Line: -Dfile.encoding=Cp1252 --module-path=C:\Users\surya\OneDrive\Desktop\Projects\Surchessake\Eclipse Project\bin -XX:+ShowCodeDetailsInExceptionMessages -Djdk.module.main=surya surya/main.surchessake

Host: Intel(R) Core(TM) i7-8750H CPU @ 2.20GHz, 12 cores, 15G,  Windows 10 , 64 bit Build 19041 (10.0.19041.1023)
Time: Mon Jul 26 15:55:05 2021 Central Daylight Time elapsed time: 5.236547 seconds (0d 0h 0m 5s)

---------------  T H R E A D  ---------------

Current thread (0x000002011534db70):  WatcherThread [stack: 0x000000adab400000,0x000000adab500000] [id=17552]

Stack: [0x000000adab400000,0x000000adab500000],  sp=0x000000adab4ff600,  free space=1021k
Native frames: (J=compiled Java code, j=interpreted, Vv=VM code, C=native code)
C  [ntdll.dll+0x1eea4]
C  [ntdll.dll+0xec08]
C  [ntdll.dll+0xeaaa]
C  [ntdll.dll+0x1e7f7]
C  [ntdll.dll+0x265f6]
C  [ntdll.dll+0x25b74]
C  [ntdll.dll+0x247b1]
C  [ucrtbase.dll+0xf05b]
V  [jvm.dll+0xae54f]
V  [jvm.dll+0x74bedd]
V  [jvm.dll+0x780164]
V  [jvm.dll+0x779b4a]
V  [jvm.dll+0x667666]
C  [ucrtbase.dll+0x21bb2]
C  [KERNEL32.DLL+0x17034]
C  [ntdll.dll+0x52651]


siginfo: EXCEPTION_ACCESS_VIOLATION (0xc0000005), reading address 0x000002013964aff8


Register to memory mapping:

RIP=0x00007ffe0906eea4 ntdll.dll
RAX=0x0000020138040ad8 points into unknown readable memory: 0x0000000000000000 | 00 00 00 00 00 00 00 00
RBX=0x0 is NULL
RCX=0x0000000000250000 is an unknown value
RDX=0x0000020138040a80 points into unknown readable memory: 0x0000000000000000 | 00 00 00 00 00 00 00 00
RSP=0x000000adab4ff600 points into unknown readable memory: 0x0000020134ee89f0 | f0 89 ee 34 01 02 00 00
RBP=0x000000adab4ff660 points into unknown readable memory: 0x000000000010e2a0 | a0 e2 10 00 00 00 00 00
RSI=0x00000201130500f0 points into unknown readable memory: 0x000002013dbb9fd0 | d0 9f bb 3d 01 02 00 00
RDI=0x000002013964afd0 is an unknown value
R8 =0x0 is NULL
R9 =0x00000000000000ff is an unknown value
R10=0x0000020113050000 points into unknown readable memory: 0x0000000000000000 | 00 00 00 00 00 00 00 00
R11=0x0000000000000200 is an unknown value
R12=0x00000000000000ff is an unknown value
R13=0x0000000000250000 is an unknown value
R14=0x0000020138040a80 points into unknown readable memory: 0x0000000000000000 | 00 00 00 00 00 00 00 00
R15=0x0000020113050000 points into unknown readable memory: 0x0000000000000000 | 00 00 00 00 00 00 00 00


Registers:
RAX=0x0000020138040ad8, RBX=0x0000000000000000, RCX=0x0000000000250000, RDX=0x0000020138040a80
RSP=0x000000adab4ff600, RBP=0x000000adab4ff660, RSI=0x00000201130500f0, RDI=0x000002013964afd0
R8 =0x0000000000000000, R9 =0x00000000000000ff, R10=0x0000020113050000, R11=0x0000000000000200
R12=0x00000000000000ff, R13=0x0000000000250000, R14=0x0000020138040a80, R15=0x0000020113050000
RIP=0x00007ffe0906eea4, EFLAGS=0x0000000000010246

Top of Stack: (sp=0x000000adab4ff600)
0x000000adab4ff600:   0000020134ee89f0 00007ffd0908efee
0x000000adab4ff610:   0000020138040a80 00007ffe02000002
0x000000adab4ff620:   000000000000009c 0000020169088fee
0x000000adab4ff630:   0000000000008fee 0000020113050150
0x000000adab4ff640:   0000000000008fee 0000000000008fee
0x000000adab4ff650:   0000000000008fee 0000020139080435
0x000000adab4ff660:   000000000010e2a0 0000000000000226
0x000000adab4ff670:   00000000000ff000 000000007ffe0380
0x000000adab4ff680:   0000020113050000 0000020139ae0000
0x000000adab4ff690:   000000adab4ff789 00007ffe0905ec08
0x000000adab4ff6a0:   0000000000250000 000000adab4ff789
0x000000adab4ff6b0:   0000020139ae0000 00000201000000ff
0x000000adab4ff6c0:   0000000000250000 0000000000142000
0x000000adab4ff6d0:   0000020113050000 00007ffe0905eaaa
0x000000adab4ff6e0:   000002013a034fd0 00007ffe09059b1a
0x000000adab4ff6f0:   00000201384bc300 000002013a1a7930 

Instructions: (pc=0x00007ffe0906eea4)
0x00007ffe0906eda4:   48 8b 9c 24 a0 00 00 00 48 83 c4 60 41 5f 41 5e
0x00007ffe0906edb4:   41 5d 41 5c 5f 5e 5d c3 cc 48 8b de eb df 45 8b
0x00007ffe0906edc4:   56 08 45 8b c4 45 2b 56 18 41 83 e4 1f 49 8b 46
0x00007ffe0906edd4:   28 83 ca ff 41 c1 e8 05 41 8a cc 41 c1 ea 05 41
0x00007ffe0906ede4:   ff ca d3 e2 4e 8d 0c 80 41 23 11 74 39 8b ca 66
0x00007ffe0906edf4:   85 d2 74 4e 84 d2 48 8d 15 0f 62 10 00 74 5f 0f
0x00007ffe0906ee04:   b6 c1 0f b6 0c 10 41 c1 e0 05 41 03 c8 41 39 5e
0x00007ffe0906ee14:   0c 8d 04 09 0f 44 c1 8b c8 49 8b 46 30 48 8b 1c
0x00007ffe0906ee24:   c8 e9 77 ff ff ff 45 3b c2 77 0e 49 83 c1 04 41
0x00007ffe0906ee34:   ff c0 41 8b 11 85 d2 74 ed 85 d2 75 b0 e9 5b ff
0x00007ffe0906ee44:   ff ff f7 c2 00 00 ff 00 48 8d 15 bd 61 10 00 75
0x00007ffe0906ee54:   1d 48 c1 e9 18 0f b6 0c 11 83 c1 18 eb a8 48 c1
0x00007ffe0906ee64:   e9 08 0f b6 c1 0f b6 0c 10 83 c1 08 eb 98 48 c1
0x00007ffe0906ee74:   e9 10 0f b6 c1 0f b6 0c 10 83 c1 10 eb 88 48 8b
0x00007ffe0906ee84:   1e e9 17 ff ff ff 4c 8b 6d 60 41 8b cd 2b 48 28
0x00007ffe0906ee94:   e9 1e fe ff ff 2b 78 28 e9 6d fe ff ff 41 8b cd
0x00007ffe0906eea4:   2b 4f 28 e9 e4 fe ff ff cc cc cc cc cc cc cc cc
0x00007ffe0906eeb4:   48 89 5c 24 08 48 89 6c 24 10 48 89 74 24 18 57
0x00007ffe0906eec4:   41 54 41 55 41 56 41 57 48 83 ec 40 44 0f b7 52
0x00007ffe0906eed4:   0c 48 8b fa 0f b7 81 8c 00 00 00 45 33 ed 4c 33
0x00007ffe0906eee4:   d0 45 8a f9 49 c1 e2 04 4d 8b e0 49 2b fa 48 8b
0x00007ffe0906eef4:   da 48 8b f1 48 3b fa 74 13 8b 41 7c c1 e8 14 22
0x00007ffe0906ef04:   81 8a 00 00 00 32 47 0a a8 01 74 76 49 8b 3c 24
0x00007ffe0906ef14:   48 c1 e7 04 48 03 fb 44 39 6e 7c 74 2c 8b 47 08
0x00007ffe0906ef24:   8b 96 88 00 00 00 33 d0 89 44 24 38 8b ca 89 54
0x00007ffe0906ef34:   24 38 c1 e9 10 8b c2 c1 e8 08 32 c8 32 ca c1 ea
0x00007ffe0906ef44:   18 3a d1 0f 85 7d 09 09 00 8b 46 7c c1 e8 14 22
0x00007ffe0906ef54:   86 8a 00 00 00 32 47 0a a8 01 0f 84 c9 01 00 00
0x00007ffe0906ef64:   4c 8d 5c 24 40 48 8b c3 49 8b 5b 30 49 8b 6b 38
0x00007ffe0906ef74:   49 8b 73 40 49 8b e3 41 5f 41 5e 41 5d 41 5c 5f
0x00007ffe0906ef84:   c3 cc 44 39 69 7c 74 1b 8b 81 88 00 00 00 31 47
0x00007ffe0906ef94:   08 8a 47 0a 32 47 09 32 47 08 38 47 0b 0f 85 77 


Stack slot to memory mapping:
stack at sp + 0 slots: 0x0000020134ee89f0 points into unknown readable memory: 0x00000201132212c0 | c0 12 22 13 01 02 00 00
stack at sp + 1 slots: 0x00007ffd0908efee is an unknown value
stack at sp + 2 slots: 0x0000020138040a80 points into unknown readable memory: 0x0000000000000000 | 00 00 00 00 00 00 00 00
stack at sp + 3 slots: 0x00007ffe02000002 is an unknown value
stack at sp + 4 slots: 0x000000000000009c is an unknown value
stack at sp + 5 slots: 0x0000020169088fee is an unknown value
stack at sp + 6 slots: 0x0000000000008fee is an unknown value
stack at sp + 7 slots: 0x0000020113050150 points into unknown readable memory: 0x000002013b8ddfb0 | b0 df 8d 3b 01 02 00 00


---------------  P R O C E S S  ---------------

Threads class SMR info:
_java_thread_list=0x0000020139362e80, length=20, elements={
0x00000201341fea40, 0x0000020134c369b0, 0x0000020134c6f010, 0x0000020134c6fa20,
0x0000020134c73440, 0x0000020134c73e40, 0x0000020134c7e0d0, 0x0000020134c80b20,
0x0000020134c81560, 0x0000020134197a70, 0x0000020134f02d30, 0x0000020134ffea40,
0x00000201352a5500, 0x000002013521b5b0, 0x0000020135300c90, 0x00000201353cf780,
0x00000201353d57d0, 0x000002011534cd60, 0x00000201355fca80, 0x0000020135859090
}

Java Threads: ( => current thread )
  0x00000201341fea40 JavaThread "Reference Handler" daemon [_thread_blocked, id=10156, stack(0x000000adaa900000,0x000000adaaa00000)]
  0x0000020134c369b0 JavaThread "Finalizer" daemon [_thread_blocked, id=19432, stack(0x000000adaaa00000,0x000000adaab00000)]
  0x0000020134c6f010 JavaThread "Signal Dispatcher" daemon [_thread_blocked, id=12988, stack(0x000000adaab00000,0x000000adaac00000)]
  0x0000020134c6fa20 JavaThread "Attach Listener" daemon [_thread_blocked, id=15376, stack(0x000000adaac00000,0x000000adaad00000)]
  0x0000020134c73440 JavaThread "Service Thread" daemon [_thread_blocked, id=15508, stack(0x000000adaad00000,0x000000adaae00000)]
  0x0000020134c73e40 JavaThread "Monitor Deflation Thread" daemon [_thread_blocked, id=19424, stack(0x000000adaae00000,0x000000adaaf00000)]
  0x0000020134c7e0d0 JavaThread "C2 CompilerThread0" daemon [_thread_blocked, id=7948, stack(0x000000adaaf00000,0x000000adab000000)]
  0x0000020134c80b20 JavaThread "C1 CompilerThread0" daemon [_thread_blocked, id=11032, stack(0x000000adab000000,0x000000adab100000)]
  0x0000020134c81560 JavaThread "Sweeper thread" daemon [_thread_blocked, id=17732, stack(0x000000adab100000,0x000000adab200000)]
  0x0000020134197a70 JavaThread "Common-Cleaner" daemon [_thread_blocked, id=9532, stack(0x000000adab200000,0x000000adab300000)]
  0x0000020134f02d30 JavaThread "Notification Thread" daemon [_thread_blocked, id=16248, stack(0x000000adab300000,0x000000adab400000)]
  0x0000020134ffea40 JavaThread "Java2D Disposer" daemon [_thread_blocked, id=2372, stack(0x000000adab500000,0x000000adab600000)]
  0x00000201352a5500 JavaThread "AWT-Shutdown" [_thread_blocked, id=13332, stack(0x000000adab600000,0x000000adab700000)]
  0x000002013521b5b0 JavaThread "AWT-Windows" daemon [_thread_in_native, id=16388, stack(0x000000adab700000,0x000000adab800000)]
  0x0000020135300c90 JavaThread "AWT-EventQueue-0" [_thread_in_vm, id=5656, stack(0x000000adab800000,0x000000adab900000)]
  0x00000201353cf780 JavaThread "Timer-0" [_thread_blocked, id=8860, stack(0x000000adab900000,0x000000adaba00000)]
  0x00000201353d57d0 JavaThread "Timer-1" [_thread_blocked, id=15008, stack(0x000000adaba00000,0x000000adabb00000)]
  0x000002011534cd60 JavaThread "DestroyJavaVM" [_thread_blocked, id=10056, stack(0x000000adaa200000,0x000000adaa300000)]
  0x00000201355fca80 JavaThread "Image Fetcher 0" daemon [_thread_blocked, id=4604, stack(0x000000adabb00000,0x000000adabc00000)]
  0x0000020135859090 JavaThread "Thread-0" [_thread_in_native, id=17364, stack(0x000000adabd00000,0x000000adabe00000)]

Other Threads:
  0x00000201341fe170 VMThread "VM Thread" [stack: 0x000000adaa800000,0x000000adaa900000] [id=14644]
=>0x000002011534db70 WatcherThread [stack: 0x000000adab400000,0x000000adab500000] [id=17552]
  0x000002011539af30 GCTaskThread "GC Thread#0" [stack: 0x000000adaa300000,0x000000adaa400000] [id=3896]
  0x0000020135857730 GCTaskThread "GC Thread#1" [stack: 0x000000adabe00000,0x000000adabf00000] [id=9776]
  0x0000020137e8c260 GCTaskThread "GC Thread#2" [stack: 0x000000adabf00000,0x000000adac000000] [id=792]
  0x000002013839a720 GCTaskThread "GC Thread#3" [stack: 0x000000adac000000,0x000000adac100000] [id=18924]
  0x000002013839aa30 GCTaskThread "GC Thread#4" [stack: 0x000000adac100000,0x000000adac200000] [id=5304]
  0x0000020137e254e0 GCTaskThread "GC Thread#5" [stack: 0x000000adac200000,0x000000adac300000] [id=8776]
  0x0000020137e257f0 GCTaskThread "GC Thread#6" [stack: 0x000000adac300000,0x000000adac400000] [id=4228]
  0x0000020137dbc410 GCTaskThread "GC Thread#7" [stack: 0x000000adac400000,0x000000adac500000] [id=9144]
  0x0000020137dbc720 GCTaskThread "GC Thread#8" [stack: 0x000000adac500000,0x000000adac600000] [id=4756]
  0x0000020138cd9920 GCTaskThread "GC Thread#9" [stack: 0x000000adac600000,0x000000adac700000] [id=11436]
  0x00000201153aeab0 ConcurrentGCThread "G1 Main Marker" [stack: 0x000000adaa400000,0x000000adaa500000] [id=6936]
  0x00000201153b05b0 ConcurrentGCThread "G1 Conc#0" [stack: 0x000000adaa500000,0x000000adaa600000] [id=9480]
  0x000002011542d700 ConcurrentGCThread "G1 Refine#0" [stack: 0x000000adaa600000,0x000000adaa700000] [id=6356]
  0x000002011542e200 ConcurrentGCThread "G1 Service" [stack: 0x000000adaa700000,0x000000adaa800000] [id=9196]

Threads with active compile tasks:

VM state: not at safepoint (normal execution)

VM Mutex/Monitor currently owned by a thread:  ([mutex/lock_event])
[0x000002011534a220] PeriodicTask_lock - owner thread: 0x000002011534db70

Heap address: 0x0000000701800000, size: 4072 MB, Compressed Oops mode: Zero based, Oop shift amount: 3

CDS disabled.
Compressed class space mapped at: 0x0000000800000000-0x0000000840000000, reserved size: 1073741824
Narrow klass base: 0x0000000800000000, Narrow klass shift: 0, Narrow klass range: 0x40000000

GC Precious Log:
 CPUs: 12 total, 12 available
 Memory: 16284M
 Large Page Support: Disabled
 NUMA Support: Disabled
 Compressed Oops: Enabled (Zero based)
 Heap Region Size: 2M
 Heap Min Capacity: 8M
 Heap Initial Capacity: 256M
 Heap Max Capacity: 4072M
 Pre-touch: Disabled
 Parallel Workers: 10
 Concurrent Workers: 3
 Concurrent Refinement Workers: 10
 Periodic GC: Disabled

Heap:
 garbage-first heap   total 262144K, used 35915K [0x0000000701800000, 0x0000000800000000)
  region size 2048K, 17 young (34816K), 2 survivors (4096K)
 Metaspace       used 16390K, committed 16768K, reserved 1064960K
  class space    used 1570K, committed 1728K, reserved 1048576K

Heap Regions: E=young(eden), S=young(survivor), O=old, HS=humongous(starts), HC=humongous(continues), CS=collection set, F=free, OA=open archive, CA=closed archive, TAMS=top-at-mark-start (previous, next)
|   0|0x0000000701800000, 0x0000000701a00000, 0x0000000701a00000|100%|HS|  |TAMS 0x0000000701800000, 0x0000000701800000| Complete 
|   1|0x0000000701a00000, 0x0000000701c00000, 0x0000000701c00000|100%|HC|  |TAMS 0x0000000701a00000, 0x0000000701a00000| Complete 
|   2|0x0000000701c00000, 0x0000000701c00000, 0x0000000701e00000|  0%| F|  |TAMS 0x0000000701c00000, 0x0000000701c00000| Untracked 
|   3|0x0000000701e00000, 0x0000000701e00000, 0x0000000702000000|  0%| F|  |TAMS 0x0000000701e00000, 0x0000000701e00000| Untracked 
|   4|0x0000000702000000, 0x0000000702000000, 0x0000000702200000|  0%| F|  |TAMS 0x0000000702000000, 0x0000000702000000| Untracked 
|   5|0x0000000702200000, 0x0000000702200000, 0x0000000702400000|  0%| F|  |TAMS 0x0000000702200000, 0x0000000702200000| Untracked 
|   6|0x0000000702400000, 0x0000000702400000, 0x0000000702600000|  0%| F|  |TAMS 0x0000000702400000, 0x0000000702400000| Untracked 
|   7|0x0000000702600000, 0x0000000702600000, 0x0000000702800000|  0%| F|  |TAMS 0x0000000702600000, 0x0000000702600000| Untracked 
|   8|0x0000000702800000, 0x0000000702800000, 0x0000000702a00000|  0%| F|  |TAMS 0x0000000702800000, 0x0000000702800000| Untracked 
|   9|0x0000000702a00000, 0x0000000702a00000, 0x0000000702c00000|  0%| F|  |TAMS 0x0000000702a00000, 0x0000000702a00000| Untracked 
|  10|0x0000000702c00000, 0x0000000702c00000, 0x0000000702e00000|  0%| F|  |TAMS 0x0000000702c00000, 0x0000000702c00000| Untracked 
|  11|0x0000000702e00000, 0x0000000702e00000, 0x0000000703000000|  0%| F|  |TAMS 0x0000000702e00000, 0x0000000702e00000| Untracked 
|  12|0x0000000703000000, 0x0000000703000000, 0x0000000703200000|  0%| F|  |TAMS 0x0000000703000000, 0x0000000703000000| Untracked 
|  13|0x0000000703200000, 0x0000000703200000, 0x0000000703400000|  0%| F|  |TAMS 0x0000000703200000, 0x0000000703200000| Untracked 
|  14|0x0000000703400000, 0x0000000703400000, 0x0000000703600000|  0%| F|  |TAMS 0x0000000703400000, 0x0000000703400000| Untracked 
|  15|0x0000000703600000, 0x0000000703600000, 0x0000000703800000|  0%| F|  |TAMS 0x0000000703600000, 0x0000000703600000| Untracked 
|  16|0x0000000703800000, 0x0000000703800000, 0x0000000703a00000|  0%| F|  |TAMS 0x0000000703800000, 0x0000000703800000| Untracked 
|  17|0x0000000703a00000, 0x0000000703a00000, 0x0000000703c00000|  0%| F|  |TAMS 0x0000000703a00000, 0x0000000703a00000| Untracked 
|  18|0x0000000703c00000, 0x0000000703c00000, 0x0000000703e00000|  0%| F|  |TAMS 0x0000000703c00000, 0x0000000703c00000| Untracked 
|  19|0x0000000703e00000, 0x0000000703e00000, 0x0000000704000000|  0%| F|  |TAMS 0x0000000703e00000, 0x0000000703e00000| Untracked 
|  20|0x0000000704000000, 0x0000000704000000, 0x0000000704200000|  0%| F|  |TAMS 0x0000000704000000, 0x0000000704000000| Untracked 
|  21|0x0000000704200000, 0x0000000704200000, 0x0000000704400000|  0%| F|  |TAMS 0x0000000704200000, 0x0000000704200000| Untracked 
|  22|0x0000000704400000, 0x0000000704400000, 0x0000000704600000|  0%| F|  |TAMS 0x0000000704400000, 0x0000000704400000| Untracked 
|  23|0x0000000704600000, 0x0000000704600000, 0x0000000704800000|  0%| F|  |TAMS 0x0000000704600000, 0x0000000704600000| Untracked 
|  24|0x0000000704800000, 0x0000000704800000, 0x0000000704a00000|  0%| F|  |TAMS 0x0000000704800000, 0x0000000704800000| Untracked 
|  25|0x0000000704a00000, 0x0000000704a00000, 0x0000000704c00000|  0%| F|  |TAMS 0x0000000704a00000, 0x0000000704a00000| Untracked 
|  26|0x0000000704c00000, 0x0000000704c00000, 0x0000000704e00000|  0%| F|  |TAMS 0x0000000704c00000, 0x0000000704c00000| Untracked 
|  27|0x0000000704e00000, 0x0000000704e00000, 0x0000000705000000|  0%| F|  |TAMS 0x0000000704e00000, 0x0000000704e00000| Untracked 
|  28|0x0000000705000000, 0x0000000705000000, 0x0000000705200000|  0%| F|  |TAMS 0x0000000705000000, 0x0000000705000000| Untracked 
|  29|0x0000000705200000, 0x0000000705200000, 0x0000000705400000|  0%| F|  |TAMS 0x0000000705200000, 0x0000000705200000| Untracked 
|  30|0x0000000705400000, 0x0000000705400000, 0x0000000705600000|  0%| F|  |TAMS 0x0000000705400000, 0x0000000705400000| Untracked 
|  31|0x0000000705600000, 0x0000000705600000, 0x0000000705800000|  0%| F|  |TAMS 0x0000000705600000, 0x0000000705600000| Untracked 
|  32|0x0000000705800000, 0x0000000705800000, 0x0000000705a00000|  0%| F|  |TAMS 0x0000000705800000, 0x0000000705800000| Untracked 
|  33|0x0000000705a00000, 0x0000000705a00000, 0x0000000705c00000|  0%| F|  |TAMS 0x0000000705a00000, 0x0000000705a00000| Untracked 
|  34|0x0000000705c00000, 0x0000000705c00000, 0x0000000705e00000|  0%| F|  |TAMS 0x0000000705c00000, 0x0000000705c00000| Untracked 
|  35|0x0000000705e00000, 0x0000000705e00000, 0x0000000706000000|  0%| F|  |TAMS 0x0000000705e00000, 0x0000000705e00000| Untracked 
|  36|0x0000000706000000, 0x0000000706000000, 0x0000000706200000|  0%| F|  |TAMS 0x0000000706000000, 0x0000000706000000| Untracked 
|  37|0x0000000706200000, 0x0000000706200000, 0x0000000706400000|  0%| F|  |TAMS 0x0000000706200000, 0x0000000706200000| Untracked 
|  38|0x0000000706400000, 0x0000000706400000, 0x0000000706600000|  0%| F|  |TAMS 0x0000000706400000, 0x0000000706400000| Untracked 
|  39|0x0000000706600000, 0x0000000706600000, 0x0000000706800000|  0%| F|  |TAMS 0x0000000706600000, 0x0000000706600000| Untracked 
|  40|0x0000000706800000, 0x0000000706800000, 0x0000000706a00000|  0%| F|  |TAMS 0x0000000706800000, 0x0000000706800000| Untracked 
|  41|0x0000000706a00000, 0x0000000706a00000, 0x0000000706c00000|  0%| F|  |TAMS 0x0000000706a00000, 0x0000000706a00000| Untracked 
|  42|0x0000000706c00000, 0x0000000706c00000, 0x0000000706e00000|  0%| F|  |TAMS 0x0000000706c00000, 0x0000000706c00000| Untracked 
|  43|0x0000000706e00000, 0x0000000706e00000, 0x0000000707000000|  0%| F|  |TAMS 0x0000000706e00000, 0x0000000706e00000| Untracked 
|  44|0x0000000707000000, 0x0000000707000000, 0x0000000707200000|  0%| F|  |TAMS 0x0000000707000000, 0x0000000707000000| Untracked 
|  45|0x0000000707200000, 0x0000000707200000, 0x0000000707400000|  0%| F|  |TAMS 0x0000000707200000, 0x0000000707200000| Untracked 
|  46|0x0000000707400000, 0x0000000707400000, 0x0000000707600000|  0%| F|  |TAMS 0x0000000707400000, 0x0000000707400000| Untracked 
|  47|0x0000000707600000, 0x0000000707600000, 0x0000000707800000|  0%| F|  |TAMS 0x0000000707600000, 0x0000000707600000| Untracked 
|  48|0x0000000707800000, 0x0000000707800000, 0x0000000707a00000|  0%| F|  |TAMS 0x0000000707800000, 0x0000000707800000| Untracked 
|  49|0x0000000707a00000, 0x0000000707a00000, 0x0000000707c00000|  0%| F|  |TAMS 0x0000000707a00000, 0x0000000707a00000| Untracked 
|  50|0x0000000707c00000, 0x0000000707c00000, 0x0000000707e00000|  0%| F|  |TAMS 0x0000000707c00000, 0x0000000707c00000| Untracked 
|  51|0x0000000707e00000, 0x0000000707e00000, 0x0000000708000000|  0%| F|  |TAMS 0x0000000707e00000, 0x0000000707e00000| Untracked 
|  52|0x0000000708000000, 0x0000000708000000, 0x0000000708200000|  0%| F|  |TAMS 0x0000000708000000, 0x0000000708000000| Untracked 
|  53|0x0000000708200000, 0x0000000708200000, 0x0000000708400000|  0%| F|  |TAMS 0x0000000708200000, 0x0000000708200000| Untracked 
|  54|0x0000000708400000, 0x0000000708400000, 0x0000000708600000|  0%| F|  |TAMS 0x0000000708400000, 0x0000000708400000| Untracked 
|  55|0x0000000708600000, 0x0000000708600000, 0x0000000708800000|  0%| F|  |TAMS 0x0000000708600000, 0x0000000708600000| Untracked 
|  56|0x0000000708800000, 0x0000000708800000, 0x0000000708a00000|  0%| F|  |TAMS 0x0000000708800000, 0x0000000708800000| Untracked 
|  57|0x0000000708a00000, 0x0000000708a00000, 0x0000000708c00000|  0%| F|  |TAMS 0x0000000708a00000, 0x0000000708a00000| Untracked 
|  58|0x0000000708c00000, 0x0000000708c00000, 0x0000000708e00000|  0%| F|  |TAMS 0x0000000708c00000, 0x0000000708c00000| Untracked 
|  59|0x0000000708e00000, 0x0000000708e00000, 0x0000000709000000|  0%| F|  |TAMS 0x0000000708e00000, 0x0000000708e00000| Untracked 
|  60|0x0000000709000000, 0x0000000709000000, 0x0000000709200000|  0%| F|  |TAMS 0x0000000709000000, 0x0000000709000000| Untracked 
|  61|0x0000000709200000, 0x0000000709200000, 0x0000000709400000|  0%| F|  |TAMS 0x0000000709200000, 0x0000000709200000| Untracked 
|  62|0x0000000709400000, 0x0000000709400000, 0x0000000709600000|  0%| F|  |TAMS 0x0000000709400000, 0x0000000709400000| Untracked 
|  63|0x0000000709600000, 0x0000000709600000, 0x0000000709800000|  0%| F|  |TAMS 0x0000000709600000, 0x0000000709600000| Untracked 
|  64|0x0000000709800000, 0x0000000709800000, 0x0000000709a00000|  0%| F|  |TAMS 0x0000000709800000, 0x0000000709800000| Untracked 
|  65|0x0000000709a00000, 0x0000000709a00000, 0x0000000709c00000|  0%| F|  |TAMS 0x0000000709a00000, 0x0000000709a00000| Untracked 
|  66|0x0000000709c00000, 0x0000000709c00000, 0x0000000709e00000|  0%| F|  |TAMS 0x0000000709c00000, 0x0000000709c00000| Untracked 
|  67|0x0000000709e00000, 0x0000000709e00000, 0x000000070a000000|  0%| F|  |TAMS 0x0000000709e00000, 0x0000000709e00000| Untracked 
|  68|0x000000070a000000, 0x000000070a000000, 0x000000070a200000|  0%| F|  |TAMS 0x000000070a000000, 0x000000070a000000| Untracked 
|  69|0x000000070a200000, 0x000000070a200000, 0x000000070a400000|  0%| F|  |TAMS 0x000000070a200000, 0x000000070a200000| Untracked 
|  70|0x000000070a400000, 0x000000070a400000, 0x000000070a600000|  0%| F|  |TAMS 0x000000070a400000, 0x000000070a400000| Untracked 
|  71|0x000000070a600000, 0x000000070a600000, 0x000000070a800000|  0%| F|  |TAMS 0x000000070a600000, 0x000000070a600000| Untracked 
|  72|0x000000070a800000, 0x000000070a800000, 0x000000070aa00000|  0%| F|  |TAMS 0x000000070a800000, 0x000000070a800000| Untracked 
|  73|0x000000070aa00000, 0x000000070aa00000, 0x000000070ac00000|  0%| F|  |TAMS 0x000000070aa00000, 0x000000070aa00000| Untracked 
|  74|0x000000070ac00000, 0x000000070ac00000, 0x000000070ae00000|  0%| F|  |TAMS 0x000000070ac00000, 0x000000070ac00000| Untracked 
|  75|0x000000070ae00000, 0x000000070ae00000, 0x000000070b000000|  0%| F|  |TAMS 0x000000070ae00000, 0x000000070ae00000| Untracked 
|  76|0x000000070b000000, 0x000000070b000000, 0x000000070b200000|  0%| F|  |TAMS 0x000000070b000000, 0x000000070b000000| Untracked 
|  77|0x000000070b200000, 0x000000070b200000, 0x000000070b400000|  0%| F|  |TAMS 0x000000070b200000, 0x000000070b200000| Untracked 
|  78|0x000000070b400000, 0x000000070b400000, 0x000000070b600000|  0%| F|  |TAMS 0x000000070b400000, 0x000000070b400000| Untracked 
|  79|0x000000070b600000, 0x000000070b600000, 0x000000070b800000|  0%| F|  |TAMS 0x000000070b600000, 0x000000070b600000| Untracked 
|  80|0x000000070b800000, 0x000000070b800000, 0x000000070ba00000|  0%| F|  |TAMS 0x000000070b800000, 0x000000070b800000| Untracked 
|  81|0x000000070ba00000, 0x000000070ba00000, 0x000000070bc00000|  0%| F|  |TAMS 0x000000070ba00000, 0x000000070ba00000| Untracked 
|  82|0x000000070bc00000, 0x000000070bc00000, 0x000000070be00000|  0%| F|  |TAMS 0x000000070bc00000, 0x000000070bc00000| Untracked 
|  83|0x000000070be00000, 0x000000070be00000, 0x000000070c000000|  0%| F|  |TAMS 0x000000070be00000, 0x000000070be00000| Untracked 
|  84|0x000000070c000000, 0x000000070c000000, 0x000000070c200000|  0%| F|  |TAMS 0x000000070c000000, 0x000000070c000000| Untracked 
|  85|0x000000070c200000, 0x000000070c200000, 0x000000070c400000|  0%| F|  |TAMS 0x000000070c200000, 0x000000070c200000| Untracked 
|  86|0x000000070c400000, 0x000000070c400000, 0x000000070c600000|  0%| F|  |TAMS 0x000000070c400000, 0x000000070c400000| Untracked 
|  87|0x000000070c600000, 0x000000070c600000, 0x000000070c800000|  0%| F|  |TAMS 0x000000070c600000, 0x000000070c600000| Untracked 
|  88|0x000000070c800000, 0x000000070c800000, 0x000000070ca00000|  0%| F|  |TAMS 0x000000070c800000, 0x000000070c800000| Untracked 
|  89|0x000000070ca00000, 0x000000070ca00000, 0x000000070cc00000|  0%| F|  |TAMS 0x000000070ca00000, 0x000000070ca00000| Untracked 
|  90|0x000000070cc00000, 0x000000070cc00000, 0x000000070ce00000|  0%| F|  |TAMS 0x000000070cc00000, 0x000000070cc00000| Untracked 
|  91|0x000000070ce00000, 0x000000070ce00000, 0x000000070d000000|  0%| F|  |TAMS 0x000000070ce00000, 0x000000070ce00000| Untracked 
|  92|0x000000070d000000, 0x000000070d000000, 0x000000070d200000|  0%| F|  |TAMS 0x000000070d000000, 0x000000070d000000| Untracked 
|  93|0x000000070d200000, 0x000000070d200000, 0x000000070d400000|  0%| F|  |TAMS 0x000000070d200000, 0x000000070d200000| Untracked 
|  94|0x000000070d400000, 0x000000070d400000, 0x000000070d600000|  0%| F|  |TAMS 0x000000070d400000, 0x000000070d400000| Untracked 
|  95|0x000000070d600000, 0x000000070d600000, 0x000000070d800000|  0%| F|  |TAMS 0x000000070d600000, 0x000000070d600000| Untracked 
|  96|0x000000070d800000, 0x000000070d800000, 0x000000070da00000|  0%| F|  |TAMS 0x000000070d800000, 0x000000070d800000| Untracked 
|  97|0x000000070da00000, 0x000000070da00000, 0x000000070dc00000|  0%| F|  |TAMS 0x000000070da00000, 0x000000070da00000| Untracked 
|  98|0x000000070dc00000, 0x000000070dc00000, 0x000000070de00000|  0%| F|  |TAMS 0x000000070dc00000, 0x000000070dc00000| Untracked 
|  99|0x000000070de00000, 0x000000070de00000, 0x000000070e000000|  0%| F|  |TAMS 0x000000070de00000, 0x000000070de00000| Untracked 
| 100|0x000000070e000000, 0x000000070e000000, 0x000000070e200000|  0%| F|  |TAMS 0x000000070e000000, 0x000000070e000000| Untracked 
| 101|0x000000070e200000, 0x000000070e200000, 0x000000070e400000|  0%| F|  |TAMS 0x000000070e200000, 0x000000070e200000| Untracked 
| 102|0x000000070e400000, 0x000000070e400000, 0x000000070e600000|  0%| F|  |TAMS 0x000000070e400000, 0x000000070e400000| Untracked 
| 103|0x000000070e600000, 0x000000070e600000, 0x000000070e800000|  0%| F|  |TAMS 0x000000070e600000, 0x000000070e600000| Untracked 
| 104|0x000000070e800000, 0x000000070e800000, 0x000000070ea00000|  0%| F|  |TAMS 0x000000070e800000, 0x000000070e800000| Untracked 
| 105|0x000000070ea00000, 0x000000070ea00000, 0x000000070ec00000|  0%| F|  |TAMS 0x000000070ea00000, 0x000000070ea00000| Untracked 
| 106|0x000000070ec00000, 0x000000070ec00000, 0x000000070ee00000|  0%| F|  |TAMS 0x000000070ec00000, 0x000000070ec00000| Untracked 
| 107|0x000000070ee00000, 0x000000070ee00000, 0x000000070f000000|  0%| F|  |TAMS 0x000000070ee00000, 0x000000070ee00000| Untracked 
| 108|0x000000070f000000, 0x000000070f000000, 0x000000070f200000|  0%| F|  |TAMS 0x000000070f000000, 0x000000070f000000| Untracked 
| 109|0x000000070f200000, 0x000000070f200000, 0x000000070f400000|  0%| F|  |TAMS 0x000000070f200000, 0x000000070f200000| Untracked 
| 110|0x000000070f400000, 0x000000070f400000, 0x000000070f600000|  0%| F|  |TAMS 0x000000070f400000, 0x000000070f400000| Untracked 
| 111|0x000000070f600000, 0x000000070f7d5428, 0x000000070f800000| 91%| E|  |TAMS 0x000000070f600000, 0x000000070f600000| Complete 
| 112|0x000000070f800000, 0x000000070fa00000, 0x000000070fa00000|100%| E|CS|TAMS 0x000000070f800000, 0x000000070f800000| Complete 
| 113|0x000000070fa00000, 0x000000070fc00000, 0x000000070fc00000|100%| E|CS|TAMS 0x000000070fa00000, 0x000000070fa00000| Complete 
| 114|0x000000070fc00000, 0x000000070fe00000, 0x000000070fe00000|100%| E|CS|TAMS 0x000000070fc00000, 0x000000070fc00000| Complete 
| 115|0x000000070fe00000, 0x000000070ff12d48, 0x0000000710000000| 53%| S|CS|TAMS 0x000000070fe00000, 0x000000070fe00000| Complete 
| 116|0x0000000710000000, 0x0000000710200000, 0x0000000710200000|100%| S|CS|TAMS 0x0000000710000000, 0x0000000710000000| Complete 
| 117|0x0000000710200000, 0x0000000710400000, 0x0000000710400000|100%| E|CS|TAMS 0x0000000710200000, 0x0000000710200000| Complete 
| 118|0x0000000710400000, 0x0000000710600000, 0x0000000710600000|100%| E|CS|TAMS 0x0000000710400000, 0x0000000710400000| Complete 
| 119|0x0000000710600000, 0x0000000710800000, 0x0000000710800000|100%| E|CS|TAMS 0x0000000710600000, 0x0000000710600000| Complete 
| 120|0x0000000710800000, 0x0000000710a00000, 0x0000000710a00000|100%| E|CS|TAMS 0x0000000710800000, 0x0000000710800000| Complete 
| 121|0x0000000710a00000, 0x0000000710c00000, 0x0000000710c00000|100%| E|CS|TAMS 0x0000000710a00000, 0x0000000710a00000| Complete 
| 122|0x0000000710c00000, 0x0000000710e00000, 0x0000000710e00000|100%| E|CS|TAMS 0x0000000710c00000, 0x0000000710c00000| Complete 
| 123|0x0000000710e00000, 0x0000000711000000, 0x0000000711000000|100%| E|CS|TAMS 0x0000000710e00000, 0x0000000710e00000| Complete 
| 124|0x0000000711000000, 0x0000000711200000, 0x0000000711200000|100%| E|CS|TAMS 0x0000000711000000, 0x0000000711000000| Complete 
| 125|0x0000000711200000, 0x0000000711400000, 0x0000000711400000|100%| E|CS|TAMS 0x0000000711200000, 0x0000000711200000| Complete 
| 126|0x0000000711400000, 0x0000000711600000, 0x0000000711600000|100%| E|CS|TAMS 0x0000000711400000, 0x0000000711400000| Complete 
| 127|0x0000000711600000, 0x0000000711800000, 0x0000000711800000|100%| E|CS|TAMS 0x0000000711600000, 0x0000000711600000| Complete 

Card table byte_map: [0x0000020128620000,0x0000020128e20000] _byte_map_base: 0x0000020124e14000

Marking Bits (Prev, Next): (CMBitMap*) 0x000002011539b620, (CMBitMap*) 0x000002011539b660
 Prev Bits: [0x0000020129620000, 0x000002012d5c0000)
 Next Bits: [0x000002012d5c0000, 0x0000020131560000)

Polling page: 0x0000020113300000

Metaspace:

Usage:
  Non-class:     14.47 MB used.
      Class:      1.53 MB used.
       Both:     16.01 MB used.

Virtual space:
  Non-class space:       16.00 MB reserved,      14.69 MB ( 92%) committed,  2 nodes.
      Class space:        1.00 GB reserved,       1.69 MB ( <1%) committed,  1 nodes.
              Both:        1.02 GB reserved,      16.38 MB (  2%) committed. 

Chunk freelists:
   Non-Class:  1008.00 KB
       Class:  2.12 MB
        Both:  3.11 MB

MaxMetaspaceSize: 17179869184.00 GB
CompressedClassSpaceSize: 1.00 GB
 - commit_granule_bytes: 65536.
 - commit_granule_words: 8192.
 - virtual_space_node_default_size: 1048576.
 - enlarge_chunks_in_place: 1.
 - new_chunks_are_fully_committed: 0.
 - uncommit_free_chunks: 1.
 - use_allocation_guard: 0.
 - handle_deallocations: 1.


Internal statistics:

num_allocs_failed_limit: 0.
num_arena_births: 402.
num_arena_deaths: 0.
num_vsnodes_births: 3.
num_vsnodes_deaths: 0.
num_space_committed: 262.
num_space_uncommitted: 0.
num_chunks_returned_to_freelist: 0.
num_chunks_taken_from_freelist: 549.
num_chunk_merges: 0.
num_chunk_splits: 332.
num_chunks_enlarged: 158.
num_purges: 0.

CodeHeap 'non-profiled nmethods': size=120000Kb used=1787Kb max_used=1787Kb free=118212Kb
 bounds [0x0000020120390000, 0x0000020120600000, 0x00000201278c0000]
CodeHeap 'profiled nmethods': size=120000Kb used=3868Kb max_used=3868Kb free=116131Kb
 bounds [0x0000020118e60000, 0x0000020119230000, 0x0000020120390000]
CodeHeap 'non-nmethods': size=5760Kb used=1298Kb max_used=1488Kb free=4461Kb
 bounds [0x00000201188c0000, 0x0000020118b30000, 0x0000020118e60000]
 total_blobs=2761 nmethods=2143 adapters=530
 compilation: enabled
              stopped_count=0, restarted_count=0
 full_count=0

Compilation events (20 events):
Event: 4.446 Thread 0x0000020134c80b20 nmethod 2137 0x0000020119227010 code [0x00000201192271c0, 0x0000020119227308]
Event: 4.515 Thread 0x0000020134c7e0d0 nmethod 2130 0x000002012051fa10 code [0x000002012051ff20, 0x0000020120527a90]
Event: 4.515 Thread 0x0000020134c7e0d0 2133       4       java.util.IdentityHashMap$IdentityHashMapIterator::hasNext (50 bytes)
Event: 4.519 Thread 0x0000020134c7e0d0 nmethod 2133 0x000002012052aa90 code [0x000002012052ac20, 0x000002012052ae18]
Event: 4.519 Thread 0x0000020134c7e0d0 2136       4       java.awt.EventQueue::coalesceEvent (86 bytes)
Event: 4.523 Thread 0x0000020134c7e0d0 nmethod 2136 0x000002012052af10 code [0x000002012052b0c0, 0x000002012052b5d8]
Event: 4.609 Thread 0x0000020134c7e0d0 2139       4       javax.swing.JRootPane$RootLayout::invalidateLayout (1 bytes)
Event: 4.609 Thread 0x0000020134c7e0d0 nmethod 2139 0x000002012052b890 code [0x000002012052ba00, 0x000002012052ba78]
Event: 4.660 Thread 0x00000201380a5780 nmethod 2131 0x000002012052bb90 code [0x000002012052c300, 0x00000201205366e8]
Event: 4.667 Thread 0x0000020135597a50 nmethod 2132 0x000002012053b710 code [0x000002012053bec0, 0x0000020120546980]
Event: 4.773 Thread 0x0000020134c7e0d0 2140       4       sun.java2d.SunGraphics2D::getCompClip (19 bytes)
Event: 4.773 Thread 0x0000020134c7e0d0 nmethod 2140 0x000002012054ba90 code [0x000002012054bc20, 0x000002012054bcd8]
Event: 4.998 Thread 0x0000020134c7e0d0 2141       4       java.awt.EventQueue::getNextEventPrivate (76 bytes)
Event: 5.003 Thread 0x0000020134c7e0d0 nmethod 2141 0x000002012054bd90 code [0x000002012054bf20, 0x000002012054c438]
Event: 5.031 Thread 0x0000020134c7e0d0 2142       4       sun.awt.SunToolkit::executeOnEventHandlerThread (14 bytes)
Event: 5.043 Thread 0x0000020134c7e0d0 nmethod 2142 0x000002012054c690 code [0x000002012054c8c0, 0x000002012054d910]
Event: 5.052 Thread 0x0000020134c7e0d0 2143       4       java.awt.Container::invalidate (29 bytes)
Event: 5.054 Thread 0x0000020134c7e0d0 nmethod 2143 0x000002012054e090 code [0x000002012054e240, 0x000002012054e718]
Event: 5.178 Thread 0x0000020134c7e0d0 2144       4       javax.swing.JComponent$$Lambda$156/0x000000080017b218::run (8 bytes)
Event: 5.178 Thread 0x0000020134c7e0d0 nmethod 2144 0x000002012054e910 code [0x000002012054eaa0, 0x000002012054eb88]

GC Heap History (2 events):
Event: 3.257 GC heap before
{Heap before GC invocations=0 (full 0):
 garbage-first heap   total 262144K, used 26624K [0x0000000701800000, 0x0000000800000000)
  region size 2048K, 11 young (22528K), 0 survivors (0K)
 Metaspace       used 15959K, committed 16192K, reserved 1064960K
  class space    used 1546K, committed 1664K, reserved 1048576K
}
Event: 3.261 GC heap after
{Heap after GC invocations=1 (full 0):
 garbage-first heap   total 262144K, used 7243K [0x0000000701800000, 0x0000000800000000)
  region size 2048K, 2 young (4096K), 2 survivors (4096K)
 Metaspace       used 15959K, committed 16192K, reserved 1064960K
  class space    used 1546K, committed 1664K, reserved 1048576K
}

Deoptimization events (20 events):
Event: 3.648 Thread 0x0000020135300c90 Uncommon trap: trap_request=0xffffffc6 fr.pc=0x0000020120417898 relative=0x0000000000001d78
Event: 3.648 Thread 0x0000020135300c90 Uncommon trap: reason=bimorphic_or_optimized_type_check action=maybe_recompile pc=0x0000020120417898 method=java.awt.Container.layout()V @ 11 c2
Event: 3.648 Thread 0x0000020135300c90 DEOPT PACKING pc=0x0000020120417898 sp=0x000000adab8feb90
Event: 3.648 Thread 0x0000020135300c90 DEOPT UNPACKING pc=0x000002011890d72e sp=0x000000adab8feaa8 mode 2
Event: 3.658 Thread 0x0000020135300c90 Uncommon trap: trap_request=0xffffffc6 fr.pc=0x0000020120417898 relative=0x0000000000001d78
Event: 3.658 Thread 0x0000020135300c90 Uncommon trap: reason=bimorphic_or_optimized_type_check action=maybe_recompile pc=0x0000020120417898 method=java.awt.Container.layout()V @ 11 c2
Event: 3.658 Thread 0x0000020135300c90 DEOPT PACKING pc=0x0000020120417898 sp=0x000000adab8feb90
Event: 3.658 Thread 0x0000020135300c90 DEOPT UNPACKING pc=0x000002011890d72e sp=0x000000adab8feaa8 mode 2
Event: 4.423 Thread 0x0000020135300c90 Uncommon trap: trap_request=0xffffff45 fr.pc=0x00000201204038d0 relative=0x0000000000000390
Event: 4.423 Thread 0x0000020135300c90 Uncommon trap: reason=unstable_if action=reinterpret pc=0x00000201204038d0 method=java.awt.Component.invalidate()V @ 16 c2
Event: 4.423 Thread 0x0000020135300c90 DEOPT PACKING pc=0x00000201204038d0 sp=0x000000adab8fecc0
Event: 4.423 Thread 0x0000020135300c90 DEOPT UNPACKING pc=0x000002011890d72e sp=0x000000adab8febe8 mode 2
Event: 4.423 Thread 0x0000020135859090 Uncommon trap: trap_request=0xffffffde fr.pc=0x0000020120513ecc relative=0x000000000000466c
Event: 4.423 Thread 0x0000020135859090 Uncommon trap: reason=class_check action=maybe_recompile pc=0x0000020120513ecc method=java.awt.BorderLayout.layoutContainer(Ljava/awt/Container;)V @ 8 c2
Event: 4.423 Thread 0x0000020135859090 DEOPT PACKING pc=0x0000020120513ecc sp=0x000000adabdfe940
Event: 4.423 Thread 0x0000020135859090 DEOPT UNPACKING pc=0x000002011890d72e sp=0x000000adabdfe930 mode 2
Event: 4.423 Thread 0x0000020135859090 Uncommon trap: trap_request=0xffffff45 fr.pc=0x00000201204017a0 relative=0x0000000000000180
Event: 4.423 Thread 0x0000020135859090 Uncommon trap: reason=unstable_if action=reinterpret pc=0x00000201204017a0 method=java.awt.BorderLayout.getChild(Ljava/lang/String;Z)Ljava/awt/Component; @ 12 c2
Event: 4.423 Thread 0x0000020135859090 DEOPT PACKING pc=0x00000201204017a0 sp=0x000000adabdfe910
Event: 4.423 Thread 0x0000020135859090 DEOPT UNPACKING pc=0x000002011890d72e sp=0x000000adabdfe8a8 mode 2

Classes unloaded (0 events):
No events

Classes redefined (0 events):
No events

Internal exceptions (20 events):
Event: 0.265 Thread 0x000002011534cd60 Exception <a 'java/lang/NoSuchMethodError'{0x0000000711209c30}: 'java.lang.Object java.lang.invoke.DirectMethodHandle$Holder.invokeStatic(java.lang.Object, int, java.lang.Object, java.lang.Object, java.lang.Object, java.lang.Object)'> (0x0000000711209c30) 
thrown [t:\workspace\open\src\hotspot\share\interpreter\linkResolver.cpp, line 790]
Event: 0.269 Thread 0x000002011534cd60 Exception <a 'java/lang/NoSuchMethodError'{0x000000071122fcf8}: 'java.lang.Object java.lang.invoke.DirectMethodHandle$Holder.invokeStatic(java.lang.Object, int, java.lang.Object)'> (0x000000071122fcf8) 
thrown [t:\workspace\open\src\hotspot\share\interpreter\linkResolver.cpp, line 790]
Event: 0.293 Thread 0x000002011534cd60 Exception <a 'java/lang/ClassNotFoundException'{0x00000007112e7f58}: com/sun/swing/internal/plaf/metal/resources/spi/metalProvider> (0x00000007112e7f58) 
thrown [t:\workspace\open\src\hotspot\share\classfile\systemDictionary.cpp, line 256]
Event: 0.293 Thread 0x000002011534cd60 Exception <a 'java/lang/ClassNotFoundException'{0x00000007112ec0f8}: com/sun/swing/internal/plaf/basic/resources/spi/basicProvider> (0x00000007112ec0f8) 
thrown [t:\workspace\open\src\hotspot\share\classfile\systemDictionary.cpp, line 256]
Event: 0.321 Thread 0x000002011534cd60 Exception <a 'java/lang/NoSuchMethodError'{0x000000071132e058}: 'void java.lang.invoke.DirectMethodHandle$Holder.invokeStaticInit(java.lang.Object)'> (0x000000071132e058) 
thrown [t:\workspace\open\src\hotspot\share\interpreter\linkResolver.cpp, line 790]
Event: 0.345 Thread 0x000002011534cd60 Exception <a 'sun/nio/fs/WindowsException'{0x00000007113fef78}> (0x00000007113fef78) 
thrown [t:\workspace\open\src\hotspot\share\prims\jni.cpp, line 579]
Event: 1.657 Thread 0x00000201355fca80 Exception <a 'java/lang/NoSuchMethodError'{0x0000000710f6b2e8}: 'java.lang.Object java.lang.invoke.DirectMethodHandle$Holder.newInvokeSpecial(java.lang.Object, java.lang.Object, java.lang.Object, int, int, int, int, int)'> (0x0000000710f6b2e8) 
thrown [t:\workspace\open\src\hotspot\share\interpreter\linkResolver.cpp, line 790]
Event: 1.701 Thread 0x0000020135300c90 Exception <a 'java/lang/NoSuchMethodError'{0x0000000710d0ad20}: 'java.lang.Object java.lang.invoke.DirectMethodHandle$Holder.invokeSpecial(java.lang.Object, java.lang.Object, long, java.lang.Object, int, int, int, int, java.lang.Object, java.lang.Object, java.lang.Object)'> (0x0000000710d0ad20) 
thrown [t:\workspace\open\src\hotspot\share\interpreter\linkResolver.cpp, line 790]
Event: 1.702 Thread 0x0000020135300c90 Exception <a 'java/lang/NoSuchMethodError'{0x0000000710d0f9c8}: 'java.lang.Object java.lang.invoke.DelegatingMethodHandle$Holder.reinvoke_L(java.lang.Object, long, java.lang.Object, int, int, int, int, java.lang.Object, java.lang.Object, java.lang.Object)'> (0x0000000710d0f9c8) 
thrown [t:\workspace\open\src\hotspot\share\interpreter\linkResolver.cpp, line 790]
Event: 1.714 Thread 0x0000020135300c90 Exception <a 'java/lang/NoSuchMethodError'{0x0000000710d832a8}: 'java.lang.Object java.lang.invoke.DirectMethodHandle$Holder.invokeSpecial(java.lang.Object, java.lang.Object, long, java.lang.Object, java.lang.Object, java.lang.Object, java.lang.Object, int, java.lang.Object, java.lang.Object, java.lang.Object)'> (0x0000000710d832a8) 
thrown [t:\workspace\open\src\hotspot\share\interpreter\linkResolver.cpp, line 790]
Event: 1.715 Thread 0x0000020135300c90 Exception <a 'java/lang/NoSuchMethodError'{0x0000000710d882b0}: 'java.lang.Object java.lang.invoke.DelegatingMethodHandle$Holder.reinvoke_L(java.lang.Object, long, java.lang.Object, java.lang.Object, java.lang.Object, java.lang.Object, int, java.lang.Object, java.lang.Object, java.lang.Object)'> (0x0000000710d882b0) 
thrown [t:\workspace\open\src\hotspot\share\interpreter\linkResolver.cpp, line 790]
Event: 1.732 Thread 0x0000020135300c90 Exception <a 'java/lang/NoSuchMethodError'{0x0000000710a47768}: 'java.lang.Object java.lang.invoke.DirectMethodHandle$Holder.invokeSpecial(java.lang.Object, java.lang.Object, long, java.lang.Object, java.lang.Object, java.lang.Object, java.lang.Object, java.lang.Object, int, java.lang.Object, java.lang.Object, java.lang.Object, java.lang.Object)'> (0x0000000710a47768) 
thrown [t:\workspace\open\src\hotspot\share\interpreter\linkResolver.cpp, line 790]
Event: 1.732 Thread 0x0000020135300c90 Exception <a 'java/lang/NoSuchMethodError'{0x0000000710a4c1a8}: 'java.lang.Object java.lang.invoke.DelegatingMethodHandle$Holder.reinvoke_L(java.lang.Object, long, java.lang.Object, java.lang.Object, java.lang.Object, java.lang.Object, java.lang.Object, int, java.lang.Object, java.lang.Object, java.lang.Object, java.lang.Object)'> (0x0000000710a4c1a8) 
thrown [t:\workspace\open\src\hotspot\share\interpreter\linkResolver.cpp, line 790]
Event: 1.744 Thread 0x0000020135300c90 Exception <a 'java/lang/NoSuchMethodError'{0x0000000710ae1e38}: 'java.lang.Object java.lang.invoke.DelegatingMethodHandle$Holder.reinvoke_L(java.lang.Object, java.lang.Object, long, java.lang.Object, java.lang.Object, java.lang.Object, java.lang.Object, java.lang.Object, java.lang.Object, java.lang.Object, java.lang.Object, java.lang.Object, java.lang.Object, java.lang.Object, java.lang.Object, java.lang.Object)'> (0x0000000710ae1e38) 
thrown [t:\workspace\open\src\hotspot\share\interpreter\linkResolver.cp
Event: 1.749 Thread 0x0000020135300c90 Exception <a 'java/lang/NoSuchMethodError'{0x0000000710b2aa70}: 'java.lang.Object java.lang.invoke.DirectMethodHandle$Holder.invokeSpecial(java.lang.Object, java.lang.Object, long, java.lang.Object, java.lang.Object, java.lang.Object, java.lang.Object, java.lang.Object, java.lang.Object, java.lang.Object, java.lang.Object, java.lang.Object, java.lang.Object, java.lang.Object, java.lang.Object, java.lang.Object)'> (0x0000000710b2aa70) 
thrown [t:\workspace\open\src\hotspot\share\interpreter\linkResolver.cpp
Event: 1.749 Thread 0x0000020135300c90 Exception <a 'java/lang/NoSuchMethodError'{0x0000000710b2fcb0}: 'java.lang.Object java.lang.invoke.DelegatingMethodHandle$Holder.reinvoke_L(java.lang.Object, long, java.lang.Object, java.lang.Object, java.lang.Object, java.lang.Object, java.lang.Object, java.lang.Object, java.lang.Object, java.lang.Object, java.lang.Object, java.lang.Object, java.lang.Object, java.lang.Object, java.lang.Object)'> (0x0000000710b2fcb0) 
thrown [t:\workspace\open\src\hotspot\share\interpreter\linkResolver.cpp, line 790]
Event: 1.750 Thread 0x0000020135300c90 Exception <a 'java/lang/NoSuchMethodError'{0x0000000710b4a318}: 'java.lang.Object java.lang.invoke.DirectMethodHandle$Holder.invokeSpecial(java.lang.Object, java.lang.Object, java.lang.Object, java.lang.Object, java.lang.Object, java.lang.Object, java.lang.Object, java.lang.Object, java.lang.Object, java.lang.Object, java.lang.Object, java.lang.Object, java.lang.Object, java.lang.Object, java.lang.Object)'> (0x0000000710b4a318) 
thrown [t:\workspace\open\src\hotspot\share\interpreter\linkResolver.cpp, line
Event: 1.750 Thread 0x0000020135300c90 Exception <a 'java/lang/NoSuchMethodError'{0x0000000710b4fa60}: 'java.lang.Object java.lang.invoke.Invokers$Holder.linkToTargetMethod(java.lang.Object, java.lang.Object, java.lang.Object, java.lang.Object, java.lang.Object, java.lang.Object, java.lang.Object, java.lang.Object, java.lang.Object, java.lang.Object, java.lang.Object, java.lang.Object, java.lang.Object, java.lang.Object)'> (0x0000000710b4fa60) 
thrown [t:\workspace\open\src\hotspot\share\interpreter\linkResolver.cpp, line 790]
Event: 2.308 Thread 0x0000020135859090 Implicit null exception at 0x0000020120409867 to 0x000002012040eac0
Event: 3.149 Thread 0x0000020135300c90 Implicit null exception at 0x000002012041e988 to 0x0000020120423ea4

Events (20 events):
Event: 3.655 loading class java/util/regex/MatchResult done
Event: 3.655 loading class java/util/regex/Matcher done
Event: 3.656 loading class java/util/regex/IntHashSet
Event: 3.656 loading class java/util/regex/IntHashSet done
Event: 3.656 loading class java/util/regex/ASCII
Event: 3.656 loading class java/util/regex/ASCII done
Event: 3.656 loading class java/util/Formatter$FormatSpecifier
Event: 3.656 loading class java/util/Formatter$FormatString
Event: 3.656 loading class java/util/Formatter$FormatString done
Event: 3.656 loading class java/util/Formatter$FormatSpecifier done
Event: 3.657 loading class java/util/Formatter$Flags
Event: 3.657 loading class java/util/Formatter$Flags done
Event: 3.657 loading class java/util/Formatter$Conversion
Event: 3.657 loading class java/util/Formatter$Conversion done
Event: 3.657 loading class java/util/Formatter$FixedString
Event: 3.657 loading class java/util/Formatter$FixedString done
Event: 4.772 Executing  VM operation: ICBufferFull
Event: 4.772 Executing  VM operation: ICBufferFull done
Event: 4.773 Thread 0x00000201380a5780 Thread exited: 0x00000201380a5780
Event: 4.998 Thread 0x0000020135597a50 Thread exited: 0x0000020135597a50


Dynamic libraries:
0x00007ff6d8b60000 - 0x00007ff6d8b6e000 	C:\Users\surya\.p2\pool\plugins\org.eclipse.justj.openjdk.hotspot.jre.full.win32.x86_64_16.0.1.v20210528-1205\jre\bin\javaw.exe
0x00007ffe09050000 - 0x00007ffe09245000 	C:\WINDOWS\SYSTEM32\ntdll.dll
0x00007ffe073d0000 - 0x00007ffe0748d000 	C:\WINDOWS\System32\KERNEL32.DLL
0x00007ffe06ab0000 - 0x00007ffe06d79000 	C:\WINDOWS\System32\KERNELBASE.dll
0x00007ffe06820000 - 0x00007ffe06920000 	C:\WINDOWS\System32\ucrtbase.dll
0x00007ffe00950000 - 0x00007ffe00968000 	C:\Users\surya\.p2\pool\plugins\org.eclipse.justj.openjdk.hotspot.jre.full.win32.x86_64_16.0.1.v20210528-1205\jre\bin\jli.dll
0x00007ffdfee70000 - 0x00007ffdfee89000 	C:\Users\surya\.p2\pool\plugins\org.eclipse.justj.openjdk.hotspot.jre.full.win32.x86_64_16.0.1.v20210528-1205\jre\bin\VCRUNTIME140.dll
0x00007ffe07490000 - 0x00007ffe07630000 	C:\WINDOWS\System32\USER32.dll
0x00007ffe06920000 - 0x00007ffe06942000 	C:\WINDOWS\System32\win32u.dll
0x00007ffe05bb0000 - 0x00007ffe05e4a000 	C:\WINDOWS\WinSxS\amd64_microsoft.windows.common-controls_6595b64144ccf1df_6.0.19041.1110_none_60b5254171f9507e\COMCTL32.dll
0x00007ffe07380000 - 0x00007ffe073aa000 	C:\WINDOWS\System32\GDI32.dll
0x00007ffe06d80000 - 0x00007ffe06e8b000 	C:\WINDOWS\System32\gdi32full.dll
0x00007ffe07a60000 - 0x00007ffe07afe000 	C:\WINDOWS\System32\msvcrt.dll
0x00007ffe06e90000 - 0x00007ffe06f2d000 	C:\WINDOWS\System32\msvcp_win.dll
0x00007ffe07a30000 - 0x00007ffe07a60000 	C:\WINDOWS\System32\IMM32.DLL
0x00007ffe00940000 - 0x00007ffe0094c000 	C:\Users\surya\.p2\pool\plugins\org.eclipse.justj.openjdk.hotspot.jre.full.win32.x86_64_16.0.1.v20210528-1205\jre\bin\vcruntime140_1.dll
0x00007ffdd9480000 - 0x00007ffdd9511000 	C:\Users\surya\.p2\pool\plugins\org.eclipse.justj.openjdk.hotspot.jre.full.win32.x86_64_16.0.1.v20210528-1205\jre\bin\msvcp140.dll
0x00007ffd8ac20000 - 0x00007ffd8b7cb000 	C:\Users\surya\.p2\pool\plugins\org.eclipse.justj.openjdk.hotspot.jre.full.win32.x86_64_16.0.1.v20210528-1205\jre\bin\server\jvm.dll
0x00007ffe07b00000 - 0x00007ffe07bac000 	C:\WINDOWS\System32\ADVAPI32.dll
0x00007ffe07bc0000 - 0x00007ffe07c5b000 	C:\WINDOWS\System32\sechost.dll
0x00007ffe08ee0000 - 0x00007ffe0900a000 	C:\WINDOWS\System32\RPCRT4.dll
0x00007ffe07fc0000 - 0x00007ffe07fc8000 	C:\WINDOWS\System32\PSAPI.DLL
0x00007ffdff6e0000 - 0x00007ffdff6e9000 	C:\WINDOWS\SYSTEM32\WSOCK32.dll
0x00007ffe03570000 - 0x00007ffe0357a000 	C:\WINDOWS\SYSTEM32\VERSION.dll
0x00007ffdf98f0000 - 0x00007ffdf9917000 	C:\WINDOWS\SYSTEM32\WINMM.dll
0x00007ffe07690000 - 0x00007ffe076fb000 	C:\WINDOWS\System32\WS2_32.dll
0x00007ffe04070000 - 0x00007ffe04082000 	C:\WINDOWS\SYSTEM32\kernel.appcore.dll
0x00007ffdff6d0000 - 0x00007ffdff6da000 	C:\Users\surya\.p2\pool\plugins\org.eclipse.justj.openjdk.hotspot.jre.full.win32.x86_64_16.0.1.v20210528-1205\jre\bin\jimage.dll
0x00007ffe061c0000 - 0x00007ffe063a4000 	C:\WINDOWS\SYSTEM32\DBGHELP.DLL
0x00007ffe05f70000 - 0x00007ffe05f9c000 	C:\WINDOWS\SYSTEM32\dbgcore.DLL
0x00007ffe06790000 - 0x00007ffe06813000 	C:\WINDOWS\System32\bcryptPrimitives.dll
0x00007ffdd48c0000 - 0x00007ffdd48e5000 	C:\Users\surya\.p2\pool\plugins\org.eclipse.justj.openjdk.hotspot.jre.full.win32.x86_64_16.0.1.v20210528-1205\jre\bin\java.dll
0x00007ffdff080000 - 0x00007ffdff098000 	C:\Users\surya\.p2\pool\plugins\org.eclipse.justj.openjdk.hotspot.jre.full.win32.x86_64_16.0.1.v20210528-1205\jre\bin\zip.dll
0x00007ffe08680000 - 0x00007ffe08dbf000 	C:\WINDOWS\System32\SHELL32.dll
0x00007ffe04270000 - 0x00007ffe04a01000 	C:\WINDOWS\SYSTEM32\windows.storage.dll
0x00007ffe07c60000 - 0x00007ffe07fb5000 	C:\WINDOWS\System32\combase.dll
0x00007ffe05b10000 - 0x00007ffe05b3c000 	C:\WINDOWS\SYSTEM32\Wldp.dll
0x00007ffe08570000 - 0x00007ffe0861e000 	C:\WINDOWS\System32\SHCORE.dll
0x00007ffe08620000 - 0x00007ffe08675000 	C:\WINDOWS\System32\shlwapi.dll
0x00007ffe066d0000 - 0x00007ffe066ef000 	C:\WINDOWS\SYSTEM32\profapi.dll
0x00007ffd8aaa0000 - 0x00007ffd8aab9000 	C:\Users\surya\.p2\pool\plugins\org.eclipse.justj.openjdk.hotspot.jre.full.win32.x86_64_16.0.1.v20210528-1205\jre\bin\net.dll
0x00007ffdf9bf0000 - 0x00007ffdf9cfa000 	C:\WINDOWS\SYSTEM32\WINHTTP.dll
0x00007ffe059e0000 - 0x00007ffe05a4a000 	C:\WINDOWS\system32\mswsock.dll
0x00007ffd8aa80000 - 0x00007ffd8aa93000 	C:\Users\surya\.p2\pool\plugins\org.eclipse.justj.openjdk.hotspot.jre.full.win32.x86_64_16.0.1.v20210528-1205\jre\bin\nio.dll
0x00007ffde30c0000 - 0x00007ffde323f000 	C:\Users\surya\.p2\pool\plugins\org.eclipse.justj.openjdk.hotspot.jre.full.win32.x86_64_16.0.1.v20210528-1205\jre\bin\awt.dll
0x00007ffe08030000 - 0x00007ffe080fd000 	C:\WINDOWS\System32\OLEAUT32.dll
0x00007ffe03310000 - 0x00007ffe033a0000 	C:\WINDOWS\SYSTEM32\apphelp.dll
0x00007ffe03e60000 - 0x00007ffe03e8f000 	C:\WINDOWS\system32\DWMAPI.DLL
0x00007ffe03410000 - 0x00007ffe034ae000 	C:\WINDOWS\system32\uxtheme.dll
0x00007ffde0d60000 - 0x00007ffde0e85000 	C:\WINDOWS\system32\opengl32.dll
0x00007ffde0cf0000 - 0x00007ffde0d1c000 	C:\WINDOWS\SYSTEM32\GLU32.dll
0x00007ffe08dc0000 - 0x00007ffe08ed5000 	C:\WINDOWS\System32\MSCTF.dll
0x00007ffdc1bb0000 - 0x00007ffdc1cbe000 	C:\Program Files (x86)\Razer\Razer Cortex\x64\k_fps64.dll
0x00007ffd9d700000 - 0x00007ffd9d96f000 	C:\Program Files (x86)\Razer\Razer Cortex\x64\D3DCOMPILER_43.dll
0x00007ffd9d490000 - 0x00007ffd9d6f3000 	C:\Program Files (x86)\Razer\Razer Cortex\x64\d3dx9_43.dll
0x00007ffda08a0000 - 0x00007ffda091f000 	C:\Program Files (x86)\Razer\Razer Cortex\x64\d3dx10_43.dll
0x00007ffdc6390000 - 0x00007ffdc63e7000 	C:\Program Files (x86)\Razer\Razer Cortex\x64\EasyHook64.dll
0x00007ffe07900000 - 0x00007ffe07a2a000 	C:\WINDOWS\System32\ole32.dll
0x00007ffde2f60000 - 0x00007ffde2fe9000 	C:\Users\surya\.p2\pool\plugins\org.eclipse.justj.openjdk.hotspot.jre.full.win32.x86_64_16.0.1.v20210528-1205\jre\bin\freetype.dll
0x00007ffdc1920000 - 0x00007ffdc1a16000 	C:\Users\surya\.p2\pool\plugins\org.eclipse.justj.openjdk.hotspot.jre.full.win32.x86_64_16.0.1.v20210528-1205\jre\bin\harfbuzz.dll
0x00007ffde3440000 - 0x00007ffde3452000 	C:\Users\surya\.p2\pool\plugins\org.eclipse.justj.openjdk.hotspot.jre.full.win32.x86_64_16.0.1.v20210528-1205\jre\bin\fontmanager.dll
0x00007ffdeb260000 - 0x00007ffdeb359000 	C:\WINDOWS\SYSTEM32\textinputframework.dll
0x00007ffe030e0000 - 0x00007ffe031d2000 	C:\WINDOWS\System32\CoreMessaging.dll
0x00007ffe02a00000 - 0x00007ffe02d5e000 	C:\WINDOWS\System32\CoreUIComponents.dll
0x00007ffe06400000 - 0x00007ffe06433000 	C:\WINDOWS\SYSTEM32\ntmarta.dll
0x00007ffe01a20000 - 0x00007ffe01b74000 	C:\WINDOWS\SYSTEM32\wintypes.dll

dbghelp: loaded successfully - version: 4.0.5 - missing functions: none
symbol engine: initialized successfully - sym options: 0x614 - pdb path: .;C:\Users\surya\.p2\pool\plugins\org.eclipse.justj.openjdk.hotspot.jre.full.win32.x86_64_16.0.1.v20210528-1205\jre\bin;C:\WINDOWS\SYSTEM32;C:\WINDOWS\WinSxS\amd64_microsoft.windows.common-controls_6595b64144ccf1df_6.0.19041.1110_none_60b5254171f9507e;C:\Users\surya\.p2\pool\plugins\org.eclipse.justj.openjdk.hotspot.jre.full.win32.x86_64_16.0.1.v20210528-1205\jre\bin\server;C:\Program Files (x86)\Razer\Razer Cortex\x64

VM Arguments:
jvm_args: -Dfile.encoding=Cp1252 --module-path=C:\Users\surya\OneDrive\Desktop\Projects\Surchessake\Eclipse Project\bin -XX:+ShowCodeDetailsInExceptionMessages -Djdk.module.main=surya 
java_command: surya/main.surchessake
java_class_path (initial): <not set>
Launcher Type: SUN_STANDARD

[Global flags]
     intx CICompilerCount                          = 4                                         {product} {ergonomic}
     uint ConcGCThreads                            = 3                                         {product} {ergonomic}
     uint G1ConcRefinementThreads                  = 10                                        {product} {ergonomic}
   size_t G1HeapRegionSize                         = 2097152                                   {product} {ergonomic}
    uintx GCDrainStackTargetSize                   = 64                                        {product} {ergonomic}
   size_t InitialHeapSize                          = 268435456                                 {product} {ergonomic}
   size_t MarkStackSize                            = 4194304                                   {product} {ergonomic}
   size_t MaxHeapSize                              = 4269801472                                {product} {ergonomic}
   size_t MaxNewSize                               = 2560622592                                {product} {ergonomic}
   size_t MinHeapDeltaBytes                        = 2097152                                   {product} {ergonomic}
   size_t MinHeapSize                              = 8388608                                   {product} {ergonomic}
    uintx NonNMethodCodeHeapSize                   = 5839372                                {pd product} {ergonomic}
    uintx NonProfiledCodeHeapSize                  = 122909434                              {pd product} {ergonomic}
    uintx ProfiledCodeHeapSize                     = 122909434                              {pd product} {ergonomic}
    uintx ReservedCodeCacheSize                    = 251658240                              {pd product} {ergonomic}
     bool SegmentedCodeCache                       = true                                      {product} {ergonomic}
     bool ShowCodeDetailsInExceptionMessages       = true                                   {manageable} {command line}
   size_t SoftMaxHeapSize                          = 4269801472                             {manageable} {ergonomic}
     bool UseCompressedClassPointers               = true                           {product lp64_product} {ergonomic}
     bool UseCompressedOops                        = true                           {product lp64_product} {ergonomic}
     bool UseG1GC                                  = true                                      {product} {ergonomic}
     bool UseLargePagesIndividualAllocation        = false                                  {pd product} {ergonomic}

Logging:
Log output configuration:
 #0: stdout all=warning uptime,level,tags
 #1: stderr all=off uptime,level,tags

Environment Variables:
PATH=C:/Users/surya/.p2/pool/plugins/org.eclipse.justj.openjdk.hotspot.jre.full.win32.x86_64_16.0.1.v20210528-1205/jre/bin/server;C:/Users/surya/.p2/pool/plugins/org.eclipse.justj.openjdk.hotspot.jre.full.win32.x86_64_16.0.1.v20210528-1205/jre/bin;C:\Program Files\Common Files\Oracle\Java\javapath;C:\Program Files (x86)\Common Files\Oracle\Java\javapath;C:\Program Files (x86)\Razer Chroma SDK\bin;C:\Program Files\Razer Chroma SDK\bin;C:\Program Files (x86)\Razer\ChromaBroadcast\bin;C:\Program Files\Razer\ChromaBroadcast\bin;C:\Python39\Scripts;C:\Windows\system32;C:\Windows;C:\Windows\System32\Wbem;C:\Windows\System32\WindowsPowerShell\v1.0\;C:\Windows\System32\OpenSSH\;C:\Program Files\NVIDIA Corporation\NVIDIA NvDLISR;C:\Program Files (x86)\NVIDIA Corporation\PhysX\Common;C:\Windows\system32\config\systemprofile\AppData\Local\Microsoft\WindowsApps;C:\Program Files (x86)\Windows Kits\10\Windows Performance Toolkit\;C:\Program Files\Git\cmd;C:\WINDOWS\system32;C:\WINDOWS;C:\WINDOWS\System32\Wbem;C:\WINDOWS\System32\WindowsPowerShell\v1.0\;C:\WINDOWS\System32\OpenSSH\;C:\WINDOWS\system32\config\systemprofile\AppData\Local\Programs\Python\Python39;C:\WINDOWS\system32\config\systemprofile\AppData\Local\Programs\Python\Python39\Scripts;C:\WINDOWS\system32\config\systemprofile\AppData\Local\Programs\Python\Launcher;C:\Program Files\Common Files\Oracle\Java\javapath;C:\Program Files (x86)\Common Files\Oracle\Java\javapath;C:\Program Files (x86)\Razer Chroma SDK\bin;C:\Program Files\Razer Chroma SDK\bin;C:\Program Files (x86)\Razer\ChromaBroadcast\bin;C:\Program Files\Razer\ChromaBroadcast\bin;C:\Windows\system32;C:\Windows;C:\Python39\Scripts;C:\Windows\System32\Wbem;C:\Windows\System32\WindowsPowerShell\v1.0\;C:\Windows\System32\OpenSSH\;C:\Program Files\NVIDIA Corporation\NVIDIA NvDLISR;C:\Program Files (x86)\NVIDIA Corporation\PhysX\Common;C:\Windows\system32\config\systemprofile\AppData\Local\Microsoft\WindowsApps;C:\Program Files (x86)\Windows Kits\10\Windows Performanc
USERNAME=surya
OS=Windows_NT
PROCESSOR_IDENTIFIER=Intel64 Family 6 Model 158 Stepping 10, GenuineIntel



---------------  S Y S T E M  ---------------

OS:
 Windows 10 , 64 bit Build 19041 (10.0.19041.1023)
OS uptime: 0 days 0:19 hours

CPU: total 12 (initial active 12) (6 cores per cpu, 2 threads per core) family 6 model 158 stepping 10 microcode 0xb4, cx8, cmov, fxsr, ht, mmx, 3dnowpref, sse, sse2, sse3, ssse3, sse4.1, sse4.2, popcnt, lzcnt, tsc, tscinvbit, avx, avx2, aes, erms, clmul, bmi1, bmi2, adx, fma, vzeroupper, clflush, clflushopt

Memory: 4k page, system-wide physical 16284M (9607M free)
TotalPageFile size 32014M (AvailPageFile size 22545M)
current process WorkingSet (physical memory assigned to process): 134M, peak: 226M
current process commit charge ("private bytes"): 396M, peak: 493M

vm_info: OpenJDK 64-Bit Server VM (16.0.1+9-24) for windows-amd64 JRE (16.0.1+9-24), built on Mar 26 2021 19:30:07 by "mach5one" with MS VC++ 16.7 (VS2019)

END.
