#
# A fatal error has been detected by the Java Runtime Environment:
#
#  EXCEPTION_ACCESS_VIOLATION (0xc0000005) at pc=0x00007ffc96a9d580, pid=19628, tid=12248
#
# JRE version:  (16.0.1+9) (build )
# Java VM: OpenJDK 64-Bit Server VM (16.0.1+9-24, mixed mode, tiered, compressed oops, compressed class ptrs, g1 gc, windows-amd64)
# Problematic frame:
# C  [KERNELBASE.dll+0xd580]
#
# No core dump will be written. Minidumps are not enabled by default on client versions of Windows
#
# The crash happened outside the Java Virtual Machine in native code.
# See problematic frame for where to report the bug.
#

---------------  S U M M A R Y ------------

Command Line: -Dfile.encoding=Cp1252 --module-path=C:\Users\surya\OneDrive\Desktop\Projects\Surchessake\Eclipse Project\bin -XX:+ShowCodeDetailsInExceptionMessages -Djdk.module.main=surya surya/main.surchessake

Host: Intel(R) Core(TM) i7-8750H CPU @ 2.20GHz, 12 cores, 15G,  Windows 10 , 64 bit Build 19041 (10.0.19041.1023)
Time: Mon Jul 19 19:28:34 2021 Central Daylight Time elapsed time: 0.046219 seconds (0d 0h 0m 0s)

---------------  T H R E A D  ---------------

Current thread (0x000002e6318fc1c0):  JavaThread "main" [_thread_in_native, id=12248, stack(0x000000ec8f600000,0x000000ec8f700000)]

Stack: [0x000000ec8f600000,0x000000ec8f700000],  sp=0x000000ec8f6fee60,  free space=1019k
Native frames: (J=compiled Java code, j=interpreted, Vv=VM code, C=native code)
C  [KERNELBASE.dll+0xd580]
C  [java.dll+0xae89]

Java frames: (J=compiled Java code, j=interpreted, Vv=VM code)
j  jdk.internal.util.SystemProps$Raw.platformProperties()[Ljava/lang/String;+0 java.base
j  jdk.internal.util.SystemProps$Raw.<init>()V+5 java.base
j  jdk.internal.util.SystemProps.initProperties()Ljava/util/Map;+4 java.base
j  java.lang.System.initPhase1()V+0 java.base
v  ~StubRoutines::call_stub

siginfo: EXCEPTION_ACCESS_VIOLATION (0xc0000005), reading address 0x0000000000000002


Register to memory mapping:

RIP=0x00007ffc96a9d580 KERNELBASE.dll
RAX=0x0000000000000002 is an unknown value
RBX=0x000002e62f612c62 points into unknown readable memory: 73 00 75 00 72 00
RCX=0x00007ffc96d1e668 KERNELBASE.dll
RDX=0x0 is NULL
RSP=0x000000ec8f6fee60 is pointing into the stack for thread: 0x000002e6318fc1c0
RBP=0x000000ec8f6fef90 is pointing into the stack for thread: 0x000002e6318fc1c0
RSI=0x0000000000000409 is an unknown value
RDI=0x000002e65101d101 points into unknown readable memory: 00 00 00 00 00 00 00
R8 =0x0000000000000409 is an unknown value
R9 =0x0000000000000053 is an unknown value
R10=0x0 is NULL
R11=0x000000ec8f6fed60 is pointing into the stack for thread: 0x000002e6318fc1c0
R12=0x0000000000000001 is an unknown value
R13=0x0000000000004a61 is an unknown value
R14=0x000000000000000a is an unknown value
R15=0x0000000000000744 is an unknown value


Registers:
RAX=0x0000000000000002, RBX=0x000002e62f612c62, RCX=0x00007ffc96d1e668, RDX=0x0000000000000000
RSP=0x000000ec8f6fee60, RBP=0x000000ec8f6fef90, RSI=0x0000000000000409, RDI=0x000002e65101d101
R8 =0x0000000000000409, R9 =0x0000000000000053, R10=0x0000000000000000, R11=0x000000ec8f6fed60
R12=0x0000000000000001, R13=0x0000000000004a61, R14=0x000000000000000a, R15=0x0000000000000744
RIP=0x00007ffc96a9d580, EFLAGS=0x0000000000010202

Top of Stack: (sp=0x000000ec8f6fee60)
0x000000ec8f6fee60:   00007ffc554b7f08 000000ec8f6fef90
0x000000ec8f6fee70:   0000f01deea3cd67 0000000000000001
0x000000ec8f6fee80:   000002e65101d101 00007ffc554aae89
0x000000ec8f6fee90:   000002e62f612c62 000002e62f612c62
0x000000ec8f6feea0:   0000000000000001 0000000000000000
0x000000ec8f6feeb0:   000000ec00000007 00007ffc1c3d7248
0x000000ec8f6feec0:   00000034509a7c01 000002e65101d218
0x000000ec8f6feed0:   0000100000000009 0000000000010000
0x000000ec8f6feee0:   00007ffffffeffff 0000000000000fff
0x000000ec8f6feef0:   000021d80000000c 9e0a000600010000
0x000000ec8f6fef00:   0057005c003a0043 004f0044004e0049
0x000000ec8f6fef10:   0073005c00530057 0065007400730079
0x000000ec8f6fef20:   005c00320033006d 006e00720065006b
0x000000ec8f6fef30:   00320033006c0065 006c006c0064002e
0x000000ec8f6fef40:   00000000005c0000 0000000000000000
0x000000ec8f6fef50:   0000000000000000 0000000000000000 

Instructions: (pc=0x00007ffc96a9d580)
0x00007ffc96a9d480:   48 8d 82 ac 00 00 00 0f 10 01 0f 11 00 0f 10 49
0x00007ffc96a9d490:   10 0f 11 48 10 0f 10 41 20 0f 11 40 20 0f 10 49
0x00007ffc96a9d4a0:   30 0f 11 48 30 0f 10 41 40 0f 11 40 40 0f 10 49
0x00007ffc96a9d4b0:   50 0f 11 48 50 0f 10 41 60 0f 11 40 60 49 03 c2
0x00007ffc96a9d4c0:   0f 10 49 70 49 03 ca 0f 11 48 f0 49 83 e9 01 75
0x00007ffc96a9d4d0:   b6 41 8a 80 ac 01 00 00 88 82 ac 01 00 00 c3 cc
0x00007ffc96a9d4e0:   cc cc cc cc cc cc cc cc cc cc cc cc cc cc cc cc
0x00007ffc96a9d4f0:   40 53 48 81 ec 80 00 00 00 41 b9 54 00 00 00 49
0x00007ffc96a9d500:   8b d8 45 39 08 0f 85 11 a9 08 00 88 54 24 28 41
0x00007ffc96a9d510:   b8 04 00 00 03 48 8d 54 24 20 e8 05 3e 00 00 85
0x00007ffc96a9d520:   c0 0f 88 fc a8 08 00 8b 44 24 30 48 8d 4b 14 89
0x00007ffc96a9d530:   43 08 4c 8d 44 24 3c 8b 44 24 2c ba 20 00 00 00
0x00007ffc96a9d540:   89 43 04 8b 44 24 34 89 43 0c 8b 44 24 38 89 43
0x00007ffc96a9d550:   10 e8 12 2c 00 00 b8 01 00 00 00 48 81 c4 80 00
0x00007ffc96a9d560:   00 00 5b c3 cc cc cc cc cc cc cc cc cc cc cc cc
0x00007ffc96a9d570:   48 83 ec 28 48 8b 05 c5 0e 28 00 48 85 c0 74 08
0x00007ffc96a9d580:   8b 00 48 83 c4 28 c3 cc 33 c9 e8 31 27 00 00 48
0x00007ffc96a9d590:   8b 05 aa 0e 28 00 eb e8 cc cc cc cc cc cc cc cc
0x00007ffc96a9d5a0:   48 8b c4 48 89 58 08 4c 89 40 18 55 56 57 41 54
0x00007ffc96a9d5b0:   41 55 41 56 41 57 48 83 ec 40 33 ff 4c 8b e9 21
0x00007ffc96a9d5c0:   78 20 48 8b f2 21 78 b8 33 d2 65 48 8b 0c 25 60
0x00007ffc96a9d5d0:   00 00 00 8d 5f 4c 44 8b c3 48 8b 49 30 48 ff 15
0x00007ffc96a9d5e0:   9c 33 1b 00 0f 1f 44 00 00 4c 8b e0 48 85 c0 0f
0x00007ffc96a9d5f0:   84 49 a9 08 00 48 8d 84 24 98 00 00 00 44 8b cb
0x00007ffc96a9d600:   4d 8b c4 48 89 44 24 20 8d 57 1f 49 8b cd 48 ff
0x00007ffc96a9d610:   15 23 23 1b 00 0f 1f 44 00 00 8b d8 85 c0 78 76
0x00007ffc96a9d620:   48 8b 16 49 8b 0c 24 48 ff 15 7a 1e 1b 00 0f 1f
0x00007ffc96a9d630:   44 00 00 84 c0 0f 84 0d a9 08 00 48 8b 0e 48 8d
0x00007ffc96a9d640:   54 24 30 48 ff 15 3e 27 1b 00 0f 1f 44 00 00 8b
0x00007ffc96a9d650:   d8 85 c0 78 41 83 7c 24 30 01 75 73 48 8b 84 24
0x00007ffc96a9d660:   90 00 00 00 45 33 c9 48 89 44 24 28 45 33 c0 ba
0x00007ffc96a9d670:   ff 01 0f 00 c7 44 24 20 01 00 00 00 49 8b cd 48 


Stack slot to memory mapping:
stack at sp + 0 slots: 0x00007ffc554b7f08 java.dll
stack at sp + 1 slots: 0x000000ec8f6fef90 is pointing into the stack for thread: 0x000002e6318fc1c0
stack at sp + 2 slots: 0x0000f01deea3cd67 is an unknown value
stack at sp + 3 slots: 0x0000000000000001 is an unknown value
stack at sp + 4 slots: 0x000002e65101d101 points into unknown readable memory: 00 00 00 00 00 00 00
stack at sp + 5 slots: 0x00007ffc554aae89 java.dll
stack at sp + 6 slots: 0x000002e62f612c62 points into unknown readable memory: 73 00 75 00 72 00
stack at sp + 7 slots: 0x000002e62f612c62 points into unknown readable memory: 73 00 75 00 72 00


---------------  P R O C E S S  ---------------

Threads class SMR info:
_java_thread_list=0x000002e651012c40, length=3, elements={
0x000002e6318fc1c0, 0x000002e6507ae880, 0x000002e651017f90
}

Java Threads: ( => current thread )
=>0x000002e6318fc1c0 JavaThread "main" [_thread_in_native, id=12248, stack(0x000000ec8f600000,0x000000ec8f700000)]
  0x000002e6507ae880 JavaThread "Reference Handler" daemon [_thread_blocked, id=21048, stack(0x000000ec8fd00000,0x000000ec8fe00000)]
  0x000002e651017f90 JavaThread "Finalizer" daemon [_thread_blocked, id=21924, stack(0x000000ec8fe00000,0x000000ec8ff00000)]

Other Threads:
  0x000002e6507ad410 VMThread "VM Thread" [stack: 0x000000ec8fc00000,0x000000ec8fd00000] [id=23396]
  0x000002e63194a450 GCTaskThread "GC Thread#0" [stack: 0x000000ec8f700000,0x000000ec8f800000] [id=19152]
  0x000002e63195dfd0 ConcurrentGCThread "G1 Main Marker" [stack: 0x000000ec8f800000,0x000000ec8f900000] [id=23168]
  0x000002e63195fad0 ConcurrentGCThread "G1 Conc#0" [stack: 0x000000ec8f900000,0x000000ec8fa00000] [id=18804]
  0x000002e6319ddaa0 ConcurrentGCThread "G1 Refine#0" [stack: 0x000000ec8fa00000,0x000000ec8fb00000] [id=8084]
  0x000002e6319de5a0 ConcurrentGCThread "G1 Service" [stack: 0x000000ec8fb00000,0x000000ec8fc00000] [id=22480]

Threads with active compile tasks:

VM state: not at safepoint (normal execution)

VM Mutex/Monitor currently owned by a thread: None

Heap address: 0x0000000701800000, size: 4072 MB, Compressed Oops mode: Zero based, Oop shift amount: 3

CDS disabled.
Compressed class space mapped at: 0x0000000800000000-0x0000000840000000, reserved size: 1073741824
Narrow klass base: 0x0000000800000000, Narrow klass shift: 0, Narrow klass range: 0x40000000

GC Precious Log:
 CPUs: 12 total, 12 available
 Memory: 16284M
 Large Page Support: Disabled
 NUMA Support: Disabled
 Compressed Oops: Enabled (Zero based)
 Heap Region Size: 2M
 Heap Min Capacity: 8M
 Heap Initial Capacity: 256M
 Heap Max Capacity: 4072M
 Pre-touch: Disabled
 Parallel Workers: 10
 Concurrent Workers: 3
 Concurrent Refinement Workers: 10
 Periodic GC: Disabled

Heap:
 garbage-first heap   total 262144K, used 0K [0x0000000701800000, 0x0000000800000000)
  region size 2048K, 1 young (2048K), 0 survivors (0K)
 Metaspace       used 1852K, committed 1920K, reserved 1056768K
  class space    used 145K, committed 192K, reserved 1048576K

Heap Regions: E=young(eden), S=young(survivor), O=old, HS=humongous(starts), HC=humongous(continues), CS=collection set, F=free, OA=open archive, CA=closed archive, TAMS=top-at-mark-start (previous, next)
|   0|0x0000000701800000, 0x0000000701800000, 0x0000000701a00000|  0%| F|  |TAMS 0x0000000701800000, 0x0000000701800000| Untracked 
|   1|0x0000000701a00000, 0x0000000701a00000, 0x0000000701c00000|  0%| F|  |TAMS 0x0000000701a00000, 0x0000000701a00000| Untracked 
|   2|0x0000000701c00000, 0x0000000701c00000, 0x0000000701e00000|  0%| F|  |TAMS 0x0000000701c00000, 0x0000000701c00000| Untracked 
|   3|0x0000000701e00000, 0x0000000701e00000, 0x0000000702000000|  0%| F|  |TAMS 0x0000000701e00000, 0x0000000701e00000| Untracked 
|   4|0x0000000702000000, 0x0000000702000000, 0x0000000702200000|  0%| F|  |TAMS 0x0000000702000000, 0x0000000702000000| Untracked 
|   5|0x0000000702200000, 0x0000000702200000, 0x0000000702400000|  0%| F|  |TAMS 0x0000000702200000, 0x0000000702200000| Untracked 
|   6|0x0000000702400000, 0x0000000702400000, 0x0000000702600000|  0%| F|  |TAMS 0x0000000702400000, 0x0000000702400000| Untracked 
|   7|0x0000000702600000, 0x0000000702600000, 0x0000000702800000|  0%| F|  |TAMS 0x0000000702600000, 0x0000000702600000| Untracked 
|   8|0x0000000702800000, 0x0000000702800000, 0x0000000702a00000|  0%| F|  |TAMS 0x0000000702800000, 0x0000000702800000| Untracked 
|   9|0x0000000702a00000, 0x0000000702a00000, 0x0000000702c00000|  0%| F|  |TAMS 0x0000000702a00000, 0x0000000702a00000| Untracked 
|  10|0x0000000702c00000, 0x0000000702c00000, 0x0000000702e00000|  0%| F|  |TAMS 0x0000000702c00000, 0x0000000702c00000| Untracked 
|  11|0x0000000702e00000, 0x0000000702e00000, 0x0000000703000000|  0%| F|  |TAMS 0x0000000702e00000, 0x0000000702e00000| Untracked 
|  12|0x0000000703000000, 0x0000000703000000, 0x0000000703200000|  0%| F|  |TAMS 0x0000000703000000, 0x0000000703000000| Untracked 
|  13|0x0000000703200000, 0x0000000703200000, 0x0000000703400000|  0%| F|  |TAMS 0x0000000703200000, 0x0000000703200000| Untracked 
|  14|0x0000000703400000, 0x0000000703400000, 0x0000000703600000|  0%| F|  |TAMS 0x0000000703400000, 0x0000000703400000| Untracked 
|  15|0x0000000703600000, 0x0000000703600000, 0x0000000703800000|  0%| F|  |TAMS 0x0000000703600000, 0x0000000703600000| Untracked 
|  16|0x0000000703800000, 0x0000000703800000, 0x0000000703a00000|  0%| F|  |TAMS 0x0000000703800000, 0x0000000703800000| Untracked 
|  17|0x0000000703a00000, 0x0000000703a00000, 0x0000000703c00000|  0%| F|  |TAMS 0x0000000703a00000, 0x0000000703a00000| Untracked 
|  18|0x0000000703c00000, 0x0000000703c00000, 0x0000000703e00000|  0%| F|  |TAMS 0x0000000703c00000, 0x0000000703c00000| Untracked 
|  19|0x0000000703e00000, 0x0000000703e00000, 0x0000000704000000|  0%| F|  |TAMS 0x0000000703e00000, 0x0000000703e00000| Untracked 
|  20|0x0000000704000000, 0x0000000704000000, 0x0000000704200000|  0%| F|  |TAMS 0x0000000704000000, 0x0000000704000000| Untracked 
|  21|0x0000000704200000, 0x0000000704200000, 0x0000000704400000|  0%| F|  |TAMS 0x0000000704200000, 0x0000000704200000| Untracked 
|  22|0x0000000704400000, 0x0000000704400000, 0x0000000704600000|  0%| F|  |TAMS 0x0000000704400000, 0x0000000704400000| Untracked 
|  23|0x0000000704600000, 0x0000000704600000, 0x0000000704800000|  0%| F|  |TAMS 0x0000000704600000, 0x0000000704600000| Untracked 
|  24|0x0000000704800000, 0x0000000704800000, 0x0000000704a00000|  0%| F|  |TAMS 0x0000000704800000, 0x0000000704800000| Untracked 
|  25|0x0000000704a00000, 0x0000000704a00000, 0x0000000704c00000|  0%| F|  |TAMS 0x0000000704a00000, 0x0000000704a00000| Untracked 
|  26|0x0000000704c00000, 0x0000000704c00000, 0x0000000704e00000|  0%| F|  |TAMS 0x0000000704c00000, 0x0000000704c00000| Untracked 
|  27|0x0000000704e00000, 0x0000000704e00000, 0x0000000705000000|  0%| F|  |TAMS 0x0000000704e00000, 0x0000000704e00000| Untracked 
|  28|0x0000000705000000, 0x0000000705000000, 0x0000000705200000|  0%| F|  |TAMS 0x0000000705000000, 0x0000000705000000| Untracked 
|  29|0x0000000705200000, 0x0000000705200000, 0x0000000705400000|  0%| F|  |TAMS 0x0000000705200000, 0x0000000705200000| Untracked 
|  30|0x0000000705400000, 0x0000000705400000, 0x0000000705600000|  0%| F|  |TAMS 0x0000000705400000, 0x0000000705400000| Untracked 
|  31|0x0000000705600000, 0x0000000705600000, 0x0000000705800000|  0%| F|  |TAMS 0x0000000705600000, 0x0000000705600000| Untracked 
|  32|0x0000000705800000, 0x0000000705800000, 0x0000000705a00000|  0%| F|  |TAMS 0x0000000705800000, 0x0000000705800000| Untracked 
|  33|0x0000000705a00000, 0x0000000705a00000, 0x0000000705c00000|  0%| F|  |TAMS 0x0000000705a00000, 0x0000000705a00000| Untracked 
|  34|0x0000000705c00000, 0x0000000705c00000, 0x0000000705e00000|  0%| F|  |TAMS 0x0000000705c00000, 0x0000000705c00000| Untracked 
|  35|0x0000000705e00000, 0x0000000705e00000, 0x0000000706000000|  0%| F|  |TAMS 0x0000000705e00000, 0x0000000705e00000| Untracked 
|  36|0x0000000706000000, 0x0000000706000000, 0x0000000706200000|  0%| F|  |TAMS 0x0000000706000000, 0x0000000706000000| Untracked 
|  37|0x0000000706200000, 0x0000000706200000, 0x0000000706400000|  0%| F|  |TAMS 0x0000000706200000, 0x0000000706200000| Untracked 
|  38|0x0000000706400000, 0x0000000706400000, 0x0000000706600000|  0%| F|  |TAMS 0x0000000706400000, 0x0000000706400000| Untracked 
|  39|0x0000000706600000, 0x0000000706600000, 0x0000000706800000|  0%| F|  |TAMS 0x0000000706600000, 0x0000000706600000| Untracked 
|  40|0x0000000706800000, 0x0000000706800000, 0x0000000706a00000|  0%| F|  |TAMS 0x0000000706800000, 0x0000000706800000| Untracked 
|  41|0x0000000706a00000, 0x0000000706a00000, 0x0000000706c00000|  0%| F|  |TAMS 0x0000000706a00000, 0x0000000706a00000| Untracked 
|  42|0x0000000706c00000, 0x0000000706c00000, 0x0000000706e00000|  0%| F|  |TAMS 0x0000000706c00000, 0x0000000706c00000| Untracked 
|  43|0x0000000706e00000, 0x0000000706e00000, 0x0000000707000000|  0%| F|  |TAMS 0x0000000706e00000, 0x0000000706e00000| Untracked 
|  44|0x0000000707000000, 0x0000000707000000, 0x0000000707200000|  0%| F|  |TAMS 0x0000000707000000, 0x0000000707000000| Untracked 
|  45|0x0000000707200000, 0x0000000707200000, 0x0000000707400000|  0%| F|  |TAMS 0x0000000707200000, 0x0000000707200000| Untracked 
|  46|0x0000000707400000, 0x0000000707400000, 0x0000000707600000|  0%| F|  |TAMS 0x0000000707400000, 0x0000000707400000| Untracked 
|  47|0x0000000707600000, 0x0000000707600000, 0x0000000707800000|  0%| F|  |TAMS 0x0000000707600000, 0x0000000707600000| Untracked 
|  48|0x0000000707800000, 0x0000000707800000, 0x0000000707a00000|  0%| F|  |TAMS 0x0000000707800000, 0x0000000707800000| Untracked 
|  49|0x0000000707a00000, 0x0000000707a00000, 0x0000000707c00000|  0%| F|  |TAMS 0x0000000707a00000, 0x0000000707a00000| Untracked 
|  50|0x0000000707c00000, 0x0000000707c00000, 0x0000000707e00000|  0%| F|  |TAMS 0x0000000707c00000, 0x0000000707c00000| Untracked 
|  51|0x0000000707e00000, 0x0000000707e00000, 0x0000000708000000|  0%| F|  |TAMS 0x0000000707e00000, 0x0000000707e00000| Untracked 
|  52|0x0000000708000000, 0x0000000708000000, 0x0000000708200000|  0%| F|  |TAMS 0x0000000708000000, 0x0000000708000000| Untracked 
|  53|0x0000000708200000, 0x0000000708200000, 0x0000000708400000|  0%| F|  |TAMS 0x0000000708200000, 0x0000000708200000| Untracked 
|  54|0x0000000708400000, 0x0000000708400000, 0x0000000708600000|  0%| F|  |TAMS 0x0000000708400000, 0x0000000708400000| Untracked 
|  55|0x0000000708600000, 0x0000000708600000, 0x0000000708800000|  0%| F|  |TAMS 0x0000000708600000, 0x0000000708600000| Untracked 
|  56|0x0000000708800000, 0x0000000708800000, 0x0000000708a00000|  0%| F|  |TAMS 0x0000000708800000, 0x0000000708800000| Untracked 
|  57|0x0000000708a00000, 0x0000000708a00000, 0x0000000708c00000|  0%| F|  |TAMS 0x0000000708a00000, 0x0000000708a00000| Untracked 
|  58|0x0000000708c00000, 0x0000000708c00000, 0x0000000708e00000|  0%| F|  |TAMS 0x0000000708c00000, 0x0000000708c00000| Untracked 
|  59|0x0000000708e00000, 0x0000000708e00000, 0x0000000709000000|  0%| F|  |TAMS 0x0000000708e00000, 0x0000000708e00000| Untracked 
|  60|0x0000000709000000, 0x0000000709000000, 0x0000000709200000|  0%| F|  |TAMS 0x0000000709000000, 0x0000000709000000| Untracked 
|  61|0x0000000709200000, 0x0000000709200000, 0x0000000709400000|  0%| F|  |TAMS 0x0000000709200000, 0x0000000709200000| Untracked 
|  62|0x0000000709400000, 0x0000000709400000, 0x0000000709600000|  0%| F|  |TAMS 0x0000000709400000, 0x0000000709400000| Untracked 
|  63|0x0000000709600000, 0x0000000709600000, 0x0000000709800000|  0%| F|  |TAMS 0x0000000709600000, 0x0000000709600000| Untracked 
|  64|0x0000000709800000, 0x0000000709800000, 0x0000000709a00000|  0%| F|  |TAMS 0x0000000709800000, 0x0000000709800000| Untracked 
|  65|0x0000000709a00000, 0x0000000709a00000, 0x0000000709c00000|  0%| F|  |TAMS 0x0000000709a00000, 0x0000000709a00000| Untracked 
|  66|0x0000000709c00000, 0x0000000709c00000, 0x0000000709e00000|  0%| F|  |TAMS 0x0000000709c00000, 0x0000000709c00000| Untracked 
|  67|0x0000000709e00000, 0x0000000709e00000, 0x000000070a000000|  0%| F|  |TAMS 0x0000000709e00000, 0x0000000709e00000| Untracked 
|  68|0x000000070a000000, 0x000000070a000000, 0x000000070a200000|  0%| F|  |TAMS 0x000000070a000000, 0x000000070a000000| Untracked 
|  69|0x000000070a200000, 0x000000070a200000, 0x000000070a400000|  0%| F|  |TAMS 0x000000070a200000, 0x000000070a200000| Untracked 
|  70|0x000000070a400000, 0x000000070a400000, 0x000000070a600000|  0%| F|  |TAMS 0x000000070a400000, 0x000000070a400000| Untracked 
|  71|0x000000070a600000, 0x000000070a600000, 0x000000070a800000|  0%| F|  |TAMS 0x000000070a600000, 0x000000070a600000| Untracked 
|  72|0x000000070a800000, 0x000000070a800000, 0x000000070aa00000|  0%| F|  |TAMS 0x000000070a800000, 0x000000070a800000| Untracked 
|  73|0x000000070aa00000, 0x000000070aa00000, 0x000000070ac00000|  0%| F|  |TAMS 0x000000070aa00000, 0x000000070aa00000| Untracked 
|  74|0x000000070ac00000, 0x000000070ac00000, 0x000000070ae00000|  0%| F|  |TAMS 0x000000070ac00000, 0x000000070ac00000| Untracked 
|  75|0x000000070ae00000, 0x000000070ae00000, 0x000000070b000000|  0%| F|  |TAMS 0x000000070ae00000, 0x000000070ae00000| Untracked 
|  76|0x000000070b000000, 0x000000070b000000, 0x000000070b200000|  0%| F|  |TAMS 0x000000070b000000, 0x000000070b000000| Untracked 
|  77|0x000000070b200000, 0x000000070b200000, 0x000000070b400000|  0%| F|  |TAMS 0x000000070b200000, 0x000000070b200000| Untracked 
|  78|0x000000070b400000, 0x000000070b400000, 0x000000070b600000|  0%| F|  |TAMS 0x000000070b400000, 0x000000070b400000| Untracked 
|  79|0x000000070b600000, 0x000000070b600000, 0x000000070b800000|  0%| F|  |TAMS 0x000000070b600000, 0x000000070b600000| Untracked 
|  80|0x000000070b800000, 0x000000070b800000, 0x000000070ba00000|  0%| F|  |TAMS 0x000000070b800000, 0x000000070b800000| Untracked 
|  81|0x000000070ba00000, 0x000000070ba00000, 0x000000070bc00000|  0%| F|  |TAMS 0x000000070ba00000, 0x000000070ba00000| Untracked 
|  82|0x000000070bc00000, 0x000000070bc00000, 0x000000070be00000|  0%| F|  |TAMS 0x000000070bc00000, 0x000000070bc00000| Untracked 
|  83|0x000000070be00000, 0x000000070be00000, 0x000000070c000000|  0%| F|  |TAMS 0x000000070be00000, 0x000000070be00000| Untracked 
|  84|0x000000070c000000, 0x000000070c000000, 0x000000070c200000|  0%| F|  |TAMS 0x000000070c000000, 0x000000070c000000| Untracked 
|  85|0x000000070c200000, 0x000000070c200000, 0x000000070c400000|  0%| F|  |TAMS 0x000000070c200000, 0x000000070c200000| Untracked 
|  86|0x000000070c400000, 0x000000070c400000, 0x000000070c600000|  0%| F|  |TAMS 0x000000070c400000, 0x000000070c400000| Untracked 
|  87|0x000000070c600000, 0x000000070c600000, 0x000000070c800000|  0%| F|  |TAMS 0x000000070c600000, 0x000000070c600000| Untracked 
|  88|0x000000070c800000, 0x000000070c800000, 0x000000070ca00000|  0%| F|  |TAMS 0x000000070c800000, 0x000000070c800000| Untracked 
|  89|0x000000070ca00000, 0x000000070ca00000, 0x000000070cc00000|  0%| F|  |TAMS 0x000000070ca00000, 0x000000070ca00000| Untracked 
|  90|0x000000070cc00000, 0x000000070cc00000, 0x000000070ce00000|  0%| F|  |TAMS 0x000000070cc00000, 0x000000070cc00000| Untracked 
|  91|0x000000070ce00000, 0x000000070ce00000, 0x000000070d000000|  0%| F|  |TAMS 0x000000070ce00000, 0x000000070ce00000| Untracked 
|  92|0x000000070d000000, 0x000000070d000000, 0x000000070d200000|  0%| F|  |TAMS 0x000000070d000000, 0x000000070d000000| Untracked 
|  93|0x000000070d200000, 0x000000070d200000, 0x000000070d400000|  0%| F|  |TAMS 0x000000070d200000, 0x000000070d200000| Untracked 
|  94|0x000000070d400000, 0x000000070d400000, 0x000000070d600000|  0%| F|  |TAMS 0x000000070d400000, 0x000000070d400000| Untracked 
|  95|0x000000070d600000, 0x000000070d600000, 0x000000070d800000|  0%| F|  |TAMS 0x000000070d600000, 0x000000070d600000| Untracked 
|  96|0x000000070d800000, 0x000000070d800000, 0x000000070da00000|  0%| F|  |TAMS 0x000000070d800000, 0x000000070d800000| Untracked 
|  97|0x000000070da00000, 0x000000070da00000, 0x000000070dc00000|  0%| F|  |TAMS 0x000000070da00000, 0x000000070da00000| Untracked 
|  98|0x000000070dc00000, 0x000000070dc00000, 0x000000070de00000|  0%| F|  |TAMS 0x000000070dc00000, 0x000000070dc00000| Untracked 
|  99|0x000000070de00000, 0x000000070de00000, 0x000000070e000000|  0%| F|  |TAMS 0x000000070de00000, 0x000000070de00000| Untracked 
| 100|0x000000070e000000, 0x000000070e000000, 0x000000070e200000|  0%| F|  |TAMS 0x000000070e000000, 0x000000070e000000| Untracked 
| 101|0x000000070e200000, 0x000000070e200000, 0x000000070e400000|  0%| F|  |TAMS 0x000000070e200000, 0x000000070e200000| Untracked 
| 102|0x000000070e400000, 0x000000070e400000, 0x000000070e600000|  0%| F|  |TAMS 0x000000070e400000, 0x000000070e400000| Untracked 
| 103|0x000000070e600000, 0x000000070e600000, 0x000000070e800000|  0%| F|  |TAMS 0x000000070e600000, 0x000000070e600000| Untracked 
| 104|0x000000070e800000, 0x000000070e800000, 0x000000070ea00000|  0%| F|  |TAMS 0x000000070e800000, 0x000000070e800000| Untracked 
| 105|0x000000070ea00000, 0x000000070ea00000, 0x000000070ec00000|  0%| F|  |TAMS 0x000000070ea00000, 0x000000070ea00000| Untracked 
| 106|0x000000070ec00000, 0x000000070ec00000, 0x000000070ee00000|  0%| F|  |TAMS 0x000000070ec00000, 0x000000070ec00000| Untracked 
| 107|0x000000070ee00000, 0x000000070ee00000, 0x000000070f000000|  0%| F|  |TAMS 0x000000070ee00000, 0x000000070ee00000| Untracked 
| 108|0x000000070f000000, 0x000000070f000000, 0x000000070f200000|  0%| F|  |TAMS 0x000000070f000000, 0x000000070f000000| Untracked 
| 109|0x000000070f200000, 0x000000070f200000, 0x000000070f400000|  0%| F|  |TAMS 0x000000070f200000, 0x000000070f200000| Untracked 
| 110|0x000000070f400000, 0x000000070f400000, 0x000000070f600000|  0%| F|  |TAMS 0x000000070f400000, 0x000000070f400000| Untracked 
| 111|0x000000070f600000, 0x000000070f600000, 0x000000070f800000|  0%| F|  |TAMS 0x000000070f600000, 0x000000070f600000| Untracked 
| 112|0x000000070f800000, 0x000000070f800000, 0x000000070fa00000|  0%| F|  |TAMS 0x000000070f800000, 0x000000070f800000| Untracked 
| 113|0x000000070fa00000, 0x000000070fa00000, 0x000000070fc00000|  0%| F|  |TAMS 0x000000070fa00000, 0x000000070fa00000| Untracked 
| 114|0x000000070fc00000, 0x000000070fc00000, 0x000000070fe00000|  0%| F|  |TAMS 0x000000070fc00000, 0x000000070fc00000| Untracked 
| 115|0x000000070fe00000, 0x000000070fe00000, 0x0000000710000000|  0%| F|  |TAMS 0x000000070fe00000, 0x000000070fe00000| Untracked 
| 116|0x0000000710000000, 0x0000000710000000, 0x0000000710200000|  0%| F|  |TAMS 0x0000000710000000, 0x0000000710000000| Untracked 
| 117|0x0000000710200000, 0x0000000710200000, 0x0000000710400000|  0%| F|  |TAMS 0x0000000710200000, 0x0000000710200000| Untracked 
| 118|0x0000000710400000, 0x0000000710400000, 0x0000000710600000|  0%| F|  |TAMS 0x0000000710400000, 0x0000000710400000| Untracked 
| 119|0x0000000710600000, 0x0000000710600000, 0x0000000710800000|  0%| F|  |TAMS 0x0000000710600000, 0x0000000710600000| Untracked 
| 120|0x0000000710800000, 0x0000000710800000, 0x0000000710a00000|  0%| F|  |TAMS 0x0000000710800000, 0x0000000710800000| Untracked 
| 121|0x0000000710a00000, 0x0000000710a00000, 0x0000000710c00000|  0%| F|  |TAMS 0x0000000710a00000, 0x0000000710a00000| Untracked 
| 122|0x0000000710c00000, 0x0000000710c00000, 0x0000000710e00000|  0%| F|  |TAMS 0x0000000710c00000, 0x0000000710c00000| Untracked 
| 123|0x0000000710e00000, 0x0000000710e00000, 0x0000000711000000|  0%| F|  |TAMS 0x0000000710e00000, 0x0000000710e00000| Untracked 
| 124|0x0000000711000000, 0x0000000711000000, 0x0000000711200000|  0%| F|  |TAMS 0x0000000711000000, 0x0000000711000000| Untracked 
| 125|0x0000000711200000, 0x0000000711200000, 0x0000000711400000|  0%| F|  |TAMS 0x0000000711200000, 0x0000000711200000| Untracked 
| 126|0x0000000711400000, 0x0000000711400000, 0x0000000711600000|  0%| F|  |TAMS 0x0000000711400000, 0x0000000711400000| Untracked 
| 127|0x0000000711600000, 0x00000007116e1548, 0x0000000711800000| 44%| E|  |TAMS 0x0000000711600000, 0x0000000711600000| Complete 

Card table byte_map: [0x000002e644bd0000,0x000002e6453d0000] _byte_map_base: 0x000002e6413c4000

Marking Bits (Prev, Next): (CMBitMap*) 0x000002e63194ab40, (CMBitMap*) 0x000002e63194ab80
 Prev Bits: [0x000002e645bd0000, 0x000002e649b70000)
 Next Bits: [0x000002e649b70000, 0x000002e64db10000)

Polling page: 0x000002e62f8f0000

Metaspace:

Usage:
  Non-class:      1.67 MB used.
      Class:    145.84 KB used.
       Both:      1.81 MB used.

Virtual space:
  Non-class space:        8.00 MB reserved,       1.69 MB ( 21%) committed,  1 nodes.
      Class space:        1.00 GB reserved,     192.00 KB ( <1%) committed,  1 nodes.
              Both:        1.01 GB reserved,       1.88 MB ( <1%) committed. 

Chunk freelists:
   Non-Class:  0 bytes
       Class:  3.75 MB
        Both:  3.75 MB

MaxMetaspaceSize: 17179869184.00 GB
CompressedClassSpaceSize: 1.00 GB
 - commit_granule_bytes: 65536.
 - commit_granule_words: 8192.
 - virtual_space_node_default_size: 1048576.
 - enlarge_chunks_in_place: 1.
 - new_chunks_are_fully_committed: 0.
 - uncommit_free_chunks: 1.
 - use_allocation_guard: 0.
 - handle_deallocations: 1.


Internal statistics:

num_allocs_failed_limit: 0.
num_arena_births: 2.
num_arena_deaths: 0.
num_vsnodes_births: 2.
num_vsnodes_deaths: 0.
num_space_committed: 30.
num_space_uncommitted: 0.
num_chunks_returned_to_freelist: 0.
num_chunks_taken_from_freelist: 3.
num_chunk_merges: 0.
num_chunk_splits: 1.
num_chunks_enlarged: 0.
num_purges: 0.

CodeHeap 'non-profiled nmethods': size=120000Kb used=0Kb max_used=0Kb free=120000Kb
 bounds [0x000002e63c940000, 0x000002e63cbb0000, 0x000002e643e70000]
CodeHeap 'profiled nmethods': size=120000Kb used=0Kb max_used=0Kb free=120000Kb
 bounds [0x000002e635410000, 0x000002e635680000, 0x000002e63c940000]
CodeHeap 'non-nmethods': size=5760Kb used=364Kb max_used=364Kb free=5395Kb
 bounds [0x000002e634e70000, 0x000002e6350e0000, 0x000002e635410000]
 total_blobs=145 nmethods=0 adapters=118
 compilation: enabled
              stopped_count=0, restarted_count=0
 full_count=0

Compilation events (0 events):
No events

GC Heap History (0 events):
No events

Deoptimization events (0 events):
No events

Classes unloaded (0 events):
No events

Classes redefined (0 events):
No events

Internal exceptions (0 events):
No events

Events (20 events):
Event: 0.037 loading class java/lang/ref/ReferenceQueue
Event: 0.038 loading class java/lang/ref/ReferenceQueue done
Event: 0.038 loading class java/lang/ref/ReferenceQueue$Null
Event: 0.038 loading class java/lang/ref/ReferenceQueue$Null done
Event: 0.038 loading class java/lang/ref/ReferenceQueue$Lock
Event: 0.038 loading class java/lang/ref/ReferenceQueue$Lock done
Event: 0.038 Thread 0x000002e6507ae880 Thread added: 0x000002e6507ae880
Event: 0.038 loading class java/lang/ref/Reference$1
Event: 0.038 loading class jdk/internal/access/JavaLangRefAccess
Event: 0.038 loading class jdk/internal/access/JavaLangRefAccess done
Event: 0.038 loading class java/lang/ref/Reference$1 done
Event: 0.038 loading class java/lang/ref/Finalizer$FinalizerThread
Event: 0.038 loading class java/lang/ref/Finalizer$FinalizerThread done
Event: 0.038 Thread 0x000002e651017f90 Thread added: 0x000002e651017f90
Event: 0.038 loading class jdk/internal/util/SystemProps
Event: 0.038 loading class jdk/internal/util/SystemProps done
Event: 0.038 loading class jdk/internal/util/SystemProps$Raw
Event: 0.038 loading class jdk/internal/misc/VM
Event: 0.038 loading class jdk/internal/util/SystemProps$Raw done
Event: 0.038 loading class jdk/internal/misc/VM done


Dynamic libraries:
0x00007ff680870000 - 0x00007ff68087e000 	C:\Users\surya\.p2\pool\plugins\org.eclipse.justj.openjdk.hotspot.jre.full.win32.x86_64_16.0.1.v20210528-1205\jre\bin\javaw.exe
0x00007ffc99150000 - 0x00007ffc99345000 	C:\WINDOWS\SYSTEM32\ntdll.dll
0x00007ffc97ed0000 - 0x00007ffc97f8d000 	C:\WINDOWS\System32\KERNEL32.DLL
0x00007ffc96a90000 - 0x00007ffc96d59000 	C:\WINDOWS\System32\KERNELBASE.dll
0x00007ffc96f70000 - 0x00007ffc97070000 	C:\WINDOWS\System32\ucrtbase.dll
0x00007ffc8fe80000 - 0x00007ffc8fe99000 	C:\Users\surya\.p2\pool\plugins\org.eclipse.justj.openjdk.hotspot.jre.full.win32.x86_64_16.0.1.v20210528-1205\jre\bin\VCRUNTIME140.dll
0x00007ffc733b0000 - 0x00007ffc733c8000 	C:\Users\surya\.p2\pool\plugins\org.eclipse.justj.openjdk.hotspot.jre.full.win32.x86_64_16.0.1.v20210528-1205\jre\bin\jli.dll
0x00007ffc981c0000 - 0x00007ffc98360000 	C:\WINDOWS\System32\USER32.dll
0x00007ffc97190000 - 0x00007ffc971b2000 	C:\WINDOWS\System32\win32u.dll
0x00007ffc95cb0000 - 0x00007ffc95f4a000 	C:\WINDOWS\WinSxS\amd64_microsoft.windows.common-controls_6595b64144ccf1df_6.0.19041.1110_none_60b5254171f9507e\COMCTL32.dll
0x00007ffc98360000 - 0x00007ffc9838a000 	C:\WINDOWS\System32\GDI32.dll
0x00007ffc97620000 - 0x00007ffc976be000 	C:\WINDOWS\System32\msvcrt.dll
0x00007ffc96920000 - 0x00007ffc96a2b000 	C:\WINDOWS\System32\gdi32full.dll
0x00007ffc970c0000 - 0x00007ffc9715d000 	C:\WINDOWS\System32\msvcp_win.dll
0x00007ffc98390000 - 0x00007ffc983c0000 	C:\WINDOWS\System32\IMM32.DLL
0x00007ffc93ba0000 - 0x00007ffc93bac000 	C:\Users\surya\.p2\pool\plugins\org.eclipse.justj.openjdk.hotspot.jre.full.win32.x86_64_16.0.1.v20210528-1205\jre\bin\vcruntime140_1.dll
0x00007ffc71ea0000 - 0x00007ffc71f31000 	C:\Users\surya\.p2\pool\plugins\org.eclipse.justj.openjdk.hotspot.jre.full.win32.x86_64_16.0.1.v20210528-1205\jre\bin\msvcp140.dll
0x00007ffc1c080000 - 0x00007ffc1cc2b000 	C:\Users\surya\.p2\pool\plugins\org.eclipse.justj.openjdk.hotspot.jre.full.win32.x86_64_16.0.1.v20210528-1205\jre\bin\server\jvm.dll
0x00007ffc98110000 - 0x00007ffc981bc000 	C:\WINDOWS\System32\ADVAPI32.dll
0x00007ffc98550000 - 0x00007ffc985eb000 	C:\WINDOWS\System32\sechost.dll
0x00007ffc976c0000 - 0x00007ffc977ea000 	C:\WINDOWS\System32\RPCRT4.dll
0x00007ffc985f0000 - 0x00007ffc985f8000 	C:\WINDOWS\System32\PSAPI.DLL
0x00007ffc86f40000 - 0x00007ffc86f67000 	C:\WINDOWS\SYSTEM32\WINMM.dll
0x00007ffc8bf20000 - 0x00007ffc8bf29000 	C:\WINDOWS\SYSTEM32\WSOCK32.dll
0x00007ffc93670000 - 0x00007ffc9367a000 	C:\WINDOWS\SYSTEM32\VERSION.dll
0x00007ffc98600000 - 0x00007ffc9866b000 	C:\WINDOWS\System32\WS2_32.dll
0x00007ffc93af0000 - 0x00007ffc93b02000 	C:\WINDOWS\SYSTEM32\kernel.appcore.dll
0x00007ffc6b950000 - 0x00007ffc6b95a000 	C:\Users\surya\.p2\pool\plugins\org.eclipse.justj.openjdk.hotspot.jre.full.win32.x86_64_16.0.1.v20210528-1205\jre\bin\jimage.dll
0x00007ffc962c0000 - 0x00007ffc964a4000 	C:\WINDOWS\SYSTEM32\DBGHELP.DLL
0x00007ffc96070000 - 0x00007ffc9609c000 	C:\WINDOWS\SYSTEM32\dbgcore.DLL
0x00007ffc96890000 - 0x00007ffc96913000 	C:\WINDOWS\System32\bcryptPrimitives.dll
0x00007ffc554a0000 - 0x00007ffc554c5000 	C:\Users\surya\.p2\pool\plugins\org.eclipse.justj.openjdk.hotspot.jre.full.win32.x86_64_16.0.1.v20210528-1205\jre\bin\java.dll
0x00007ffc6b930000 - 0x00007ffc6b948000 	C:\Users\surya\.p2\pool\plugins\org.eclipse.justj.openjdk.hotspot.jre.full.win32.x86_64_16.0.1.v20210528-1205\jre\bin\zip.dll
0x00007ffc98670000 - 0x00007ffc98daf000 	C:\WINDOWS\System32\SHELL32.dll
0x00007ffc94370000 - 0x00007ffc94b01000 	C:\WINDOWS\SYSTEM32\windows.storage.dll
0x00007ffc98db0000 - 0x00007ffc99105000 	C:\WINDOWS\System32\combase.dll
0x00007ffc95c10000 - 0x00007ffc95c3c000 	C:\WINDOWS\SYSTEM32\Wldp.dll
0x00007ffc984a0000 - 0x00007ffc9854e000 	C:\WINDOWS\System32\SHCORE.dll
0x00007ffc98020000 - 0x00007ffc98075000 	C:\WINDOWS\System32\shlwapi.dll
0x00007ffc967d0000 - 0x00007ffc967ef000 	C:\WINDOWS\SYSTEM32\profapi.dll

dbghelp: loaded successfully - version: 4.0.5 - missing functions: none
symbol engine: initialized successfully - sym options: 0x614 - pdb path: .;C:\Users\surya\.p2\pool\plugins\org.eclipse.justj.openjdk.hotspot.jre.full.win32.x86_64_16.0.1.v20210528-1205\jre\bin;C:\WINDOWS\SYSTEM32;C:\WINDOWS\WinSxS\amd64_microsoft.windows.common-controls_6595b64144ccf1df_6.0.19041.1110_none_60b5254171f9507e;C:\Users\surya\.p2\pool\plugins\org.eclipse.justj.openjdk.hotspot.jre.full.win32.x86_64_16.0.1.v20210528-1205\jre\bin\server

VM Arguments:
jvm_args: -Dfile.encoding=Cp1252 --module-path=C:\Users\surya\OneDrive\Desktop\Projects\Surchessake\Eclipse Project\bin -XX:+ShowCodeDetailsInExceptionMessages -Djdk.module.main=surya 
java_command: surya/main.surchessake
java_class_path (initial): <not set>
Launcher Type: SUN_STANDARD

[Global flags]
     intx CICompilerCount                          = 4                                         {product} {ergonomic}
     uint ConcGCThreads                            = 3                                         {product} {ergonomic}
     uint G1ConcRefinementThreads                  = 10                                        {product} {ergonomic}
   size_t G1HeapRegionSize                         = 2097152                                   {product} {ergonomic}
    uintx GCDrainStackTargetSize                   = 64                                        {product} {ergonomic}
   size_t InitialHeapSize                          = 268435456                                 {product} {ergonomic}
   size_t MarkStackSize                            = 4194304                                   {product} {ergonomic}
   size_t MaxHeapSize                              = 4269801472                                {product} {ergonomic}
   size_t MaxNewSize                               = 2560622592                                {product} {ergonomic}
   size_t MinHeapDeltaBytes                        = 2097152                                   {product} {ergonomic}
   size_t MinHeapSize                              = 8388608                                   {product} {ergonomic}
    uintx NonNMethodCodeHeapSize                   = 5839372                                {pd product} {ergonomic}
    uintx NonProfiledCodeHeapSize                  = 122909434                              {pd product} {ergonomic}
    uintx ProfiledCodeHeapSize                     = 122909434                              {pd product} {ergonomic}
    uintx ReservedCodeCacheSize                    = 251658240                              {pd product} {ergonomic}
     bool SegmentedCodeCache                       = true                                      {product} {ergonomic}
     bool ShowCodeDetailsInExceptionMessages       = true                                   {manageable} {command line}
   size_t SoftMaxHeapSize                          = 4269801472                             {manageable} {ergonomic}
     bool UseCompressedClassPointers               = true                           {product lp64_product} {ergonomic}
     bool UseCompressedOops                        = true                           {product lp64_product} {ergonomic}
     bool UseG1GC                                  = true                                      {product} {ergonomic}
     bool UseLargePagesIndividualAllocation        = false                                  {pd product} {ergonomic}

Logging:
Log output configuration:
 #0: stdout all=warning uptime,level,tags
 #1: stderr all=off uptime,level,tags

Environment Variables:
PATH=C:/Users/surya/.p2/pool/plugins/org.eclipse.justj.openjdk.hotspot.jre.full.win32.x86_64_16.0.1.v20210528-1205/jre/bin/server;C:/Users/surya/.p2/pool/plugins/org.eclipse.justj.openjdk.hotspot.jre.full.win32.x86_64_16.0.1.v20210528-1205/jre/bin;C:\Program Files\Common Files\Oracle\Java\javapath;C:\Program Files (x86)\Common Files\Oracle\Java\javapath;C:\Program Files (x86)\Razer Chroma SDK\bin;C:\Program Files\Razer Chroma SDK\bin;C:\Program Files (x86)\Razer\ChromaBroadcast\bin;C:\Program Files\Razer\ChromaBroadcast\bin;C:\Python39\Scripts;C:\Windows\system32;C:\Windows;C:\Windows\System32\Wbem;C:\Windows\System32\WindowsPowerShell\v1.0\;C:\Windows\System32\OpenSSH\;C:\Program Files\NVIDIA Corporation\NVIDIA NvDLISR;C:\Program Files (x86)\NVIDIA Corporation\PhysX\Common;C:\Windows\system32\config\systemprofile\AppData\Local\Microsoft\WindowsApps;C:\Program Files (x86)\Windows Kits\10\Windows Performance Toolkit\;C:\Program Files\Git\cmd;C:\WINDOWS\system32;C:\WINDOWS;C:\WINDOWS\System32\Wbem;C:\WINDOWS\System32\WindowsPowerShell\v1.0\;C:\WINDOWS\System32\OpenSSH\;C:\WINDOWS\system32\config\systemprofile\AppData\Local\Programs\Python\Python39;C:\WINDOWS\system32\config\systemprofile\AppData\Local\Programs\Python\Python39\Scripts;C:\WINDOWS\system32\config\systemprofile\AppData\Local\Programs\Python\Launcher;C:\Program Files\Common Files\Oracle\Java\javapath;C:\Program Files (x86)\Common Files\Oracle\Java\javapath;C:\Program Files (x86)\Razer Chroma SDK\bin;C:\Program Files\Razer Chroma SDK\bin;C:\Program Files (x86)\Razer\ChromaBroadcast\bin;C:\Program Files\Razer\ChromaBroadcast\bin;C:\Windows\system32;C:\Windows;C:\Python39\Scripts;C:\Windows\System32\Wbem;C:\Windows\System32\WindowsPowerShell\v1.0\;C:\Windows\System32\OpenSSH\;C:\Program Files\NVIDIA Corporation\NVIDIA NvDLISR;C:\Program Files (x86)\NVIDIA Corporation\PhysX\Common;C:\Windows\system32\config\systemprofile\AppData\Local\Microsoft\WindowsApps;C:\Program Files (x86)\Windows Kits\10\Windows Performanc
USERNAME=surya
OS=Windows_NT
PROCESSOR_IDENTIFIER=Intel64 Family 6 Model 158 Stepping 10, GenuineIntel



---------------  S Y S T E M  ---------------

OS:
 Windows 10 , 64 bit Build 19041 (10.0.19041.1023)
OS uptime: 0 days 7:09 hours

CPU: total 12 (initial active 12) (6 cores per cpu, 2 threads per core) family 6 model 158 stepping 10 microcode 0xb4, cx8, cmov, fxsr, ht, mmx, 3dnowpref, sse, sse2, sse3, ssse3, sse4.1, sse4.2, popcnt, lzcnt, tsc, tscinvbit, avx, avx2, aes, erms, clmul, bmi1, bmi2, adx, fma, vzeroupper, clflush, clflushopt

Memory: 4k page, system-wide physical 16284M (8621M free)
TotalPageFile size 32568M (AvailPageFile size 21743M)
current process WorkingSet (physical memory assigned to process): 20M, peak: 20M
current process commit charge ("private bytes"): 335M, peak: 335M

vm_info: OpenJDK 64-Bit Server VM (16.0.1+9-24) for windows-amd64 JRE (16.0.1+9-24), built on Mar 26 2021 19:30:07 by "mach5one" with MS VC++ 16.7 (VS2019)

END.
