#
# There is insufficient memory for the Java Runtime Environment to continue.
# Native memory allocation (mmap) failed to map 41943040 bytes for G1 virtual space
# Possible reasons:
#   The system is out of physical RAM or swap space
#   The process is running with CompressedOops enabled, and the Java Heap may be blocking the growth of the native heap
# Possible solutions:
#   Reduce memory load on the system
#   Increase physical memory or swap space
#   Check if swap backing store is full
#   Decrease Java heap size (-Xmx/-Xms)
#   Decrease number of Java threads
#   Decrease Java thread stack sizes (-Xss)
#   Set larger code cache with -XX:ReservedCodeCacheSize=
#   JVM is running with Zero Based Compressed Oops mode in which the Java heap is
#     placed in the first 32GB address space. The Java Heap base address is the
#     maximum limit for the native heap growth. Please use -XX:HeapBaseMinAddress
#     to set the Java Heap base and to place the Java Heap above 32GB virtual address.
# This output file may be truncated or incomplete.
#
#  Out of Memory Error (os_windows.cpp:3466), pid=5332, tid=22188
#
# JRE version: OpenJDK Runtime Environment (16.0.1+9) (build 16.0.1+9-24)
# Java VM: OpenJDK 64-Bit Server VM (16.0.1+9-24, mixed mode, tiered, compressed oops, compressed class ptrs, g1 gc, windows-amd64)
# No core dump will be written. Minidumps are not enabled by default on client versions of Windows
#

---------------  S U M M A R Y ------------

Command Line: -Dfile.encoding=Cp1252 --module-path=C:\Users\surya\OneDrive\Desktop\Projects\Surchessake\Eclipse Project\bin -XX:+ShowCodeDetailsInExceptionMessages -Djdk.module.main=surya surya/main.surchessake

Host: Intel(R) Core(TM) i7-8750H CPU @ 2.20GHz, 12 cores, 15G,  Windows 10 , 64 bit Build 19041 (10.0.19041.789)
Time: Mon Jun 28 18:56:13 2021 Central Daylight Time elapsed time: 101.769165 seconds (0d 0h 1m 41s)

---------------  T H R E A D  ---------------

Current thread (0x000001f13d418dd0):  VMThread "VM Thread" [stack: 0x000000a1b4a00000,0x000000a1b4b00000] [id=22188]

Stack: [0x000000a1b4a00000,0x000000a1b4b00000]
Native frames: (J=compiled Java code, j=interpreted, Vv=VM code, C=native code)
V  [jvm.dll+0x6687ca]
V  [jvm.dll+0x7ca3c9]
V  [jvm.dll+0x7cbb53]
V  [jvm.dll+0x7cc1b3]
V  [jvm.dll+0x242ea5]
V  [jvm.dll+0x665589]
V  [jvm.dll+0x65a175]
V  [jvm.dll+0x2fc5ab]
V  [jvm.dll+0x3037a6]
V  [jvm.dll+0x352fee]
V  [jvm.dll+0x35321f]
V  [jvm.dll+0x2d3618]
V  [jvm.dll+0x2d6b86]
V  [jvm.dll+0x2e1097]
V  [jvm.dll+0x315b40]
V  [jvm.dll+0x7d05eb]
V  [jvm.dll+0x7d12e4]
V  [jvm.dll+0x7d17e9]
V  [jvm.dll+0x7d1aa4]
V  [jvm.dll+0x7d1b70]
V  [jvm.dll+0x779b4a]
V  [jvm.dll+0x667666]
C  [ucrtbase.dll+0x21bb2]
C  [KERNEL32.DLL+0x17034]
C  [ntdll.dll+0x4d241]

VM_Operation (0x000000a1b46ff320): G1Concurrent, mode: safepoint, requested by thread 0x000001f11dbaeae0


---------------  P R O C E S S  ---------------

Threads class SMR info:
_java_thread_list=0x000001f143960bc0, length=16, elements={
0x000001f13d439020, 0x000001f13d439ee0, 0x000001f13d46b7d0, 0x000001f13d46f200,
0x000001f13d46fc00, 0x000001f13d461120, 0x000001f13d465350, 0x000001f13d466dd0,
0x000001f13d47aee0, 0x000001f13d554bb0, 0x000001f13d703650, 0x000001f11db4a4a0,
0x000001f13d9fd200, 0x000001f13d9fd720, 0x000001f13d9fe040, 0x000001f13dbe6620
}

Java Threads: ( => current thread )
  0x000001f13d439020 JavaThread "Reference Handler" daemon [_thread_blocked, id=13144, stack(0x000000a1b4b00000,0x000000a1b4c00000)]
  0x000001f13d439ee0 JavaThread "Finalizer" daemon [_thread_blocked, id=24224, stack(0x000000a1b4c00000,0x000000a1b4d00000)]
  0x000001f13d46b7d0 JavaThread "Signal Dispatcher" daemon [_thread_blocked, id=17204, stack(0x000000a1b4d00000,0x000000a1b4e00000)]
  0x000001f13d46f200 JavaThread "Attach Listener" daemon [_thread_blocked, id=18724, stack(0x000000a1b4e00000,0x000000a1b4f00000)]
  0x000001f13d46fc00 JavaThread "Service Thread" daemon [_thread_blocked, id=10112, stack(0x000000a1b4f00000,0x000000a1b5000000)]
  0x000001f13d461120 JavaThread "Monitor Deflation Thread" daemon [_thread_blocked, id=24292, stack(0x000000a1b5000000,0x000000a1b5100000)]
  0x000001f13d465350 JavaThread "C2 CompilerThread0" daemon [_thread_blocked, id=2140, stack(0x000000a1b5100000,0x000000a1b5200000)]
  0x000001f13d466dd0 JavaThread "C1 CompilerThread0" daemon [_thread_blocked, id=10904, stack(0x000000a1b5200000,0x000000a1b5300000)]
  0x000001f13d47aee0 JavaThread "Sweeper thread" daemon [_thread_blocked, id=17052, stack(0x000000a1b5300000,0x000000a1b5400000)]
  0x000001f13d554bb0 JavaThread "Common-Cleaner" daemon [_thread_blocked, id=10288, stack(0x000000a1b5400000,0x000000a1b5500000)]
  0x000001f13d703650 JavaThread "Notification Thread" daemon [_thread_blocked, id=23156, stack(0x000000a1b5500000,0x000000a1b5600000)]
  0x000001f11db4a4a0 JavaThread "DestroyJavaVM" [_thread_blocked, id=23064, stack(0x000000a1b4400000,0x000000a1b4500000)]
  0x000001f13d9fd200 JavaThread "Java2D Disposer" daemon [_thread_blocked, id=1080, stack(0x000000a1b5800000,0x000000a1b5900000)]
  0x000001f13d9fd720 JavaThread "AWT-Shutdown" [_thread_blocked, id=11776, stack(0x000000a1b5900000,0x000000a1b5a00000)]
  0x000001f13d9fe040 JavaThread "AWT-Windows" daemon [_thread_blocked, id=20504, stack(0x000000a1b5a00000,0x000000a1b5b00000)]
  0x000001f13dbe6620 JavaThread "AWT-EventQueue-0" [_thread_blocked, id=23276, stack(0x000000a1b5c00000,0x000000a1b5d00000)]

Other Threads:
=>0x000001f13d418dd0 VMThread "VM Thread" [stack: 0x000000a1b4a00000,0x000000a1b4b00000] [id=22188]
  0x000001f11db4b520 WatcherThread [stack: 0x000000a1b5600000,0x000000a1b5700000] [id=22248]
  0x000001f11db9c370 GCTaskThread "GC Thread#0" [stack: 0x000000a1b4500000,0x000000a1b4600000] [id=15280]
  0x000001f143653390 GCTaskThread "GC Thread#1" [stack: 0x000000a1b6000000,0x000000a1b6100000] [id=23440]
  0x000001f1451b7820 GCTaskThread "GC Thread#2" [stack: 0x000000a1b6100000,0x000000a1b6200000] [id=14476]
  0x000001f1437369a0 GCTaskThread "GC Thread#3" [stack: 0x000000a1b6200000,0x000000a1b6300000] [id=16892]
  0x000001f14192ae80 GCTaskThread "GC Thread#4" [stack: 0x000000a1b6300000,0x000000a1b6400000] [id=2572]
  0x000001f14192b190 GCTaskThread "GC Thread#5" [stack: 0x000000a1b6400000,0x000000a1b6500000] [id=21612]
  0x000001f143770130 GCTaskThread "GC Thread#6" [stack: 0x000000a1b6500000,0x000000a1b6600000] [id=5244]
  0x000001f143770440 GCTaskThread "GC Thread#7" [stack: 0x000000a1b6600000,0x000000a1b6700000] [id=19992]
  0x000001f143c4c450 GCTaskThread "GC Thread#8" [stack: 0x000000a1b5b00000,0x000000a1b5c00000] [id=1300]
  0x000001f143c4b810 GCTaskThread "GC Thread#9" [stack: 0x000000a1b5d00000,0x000000a1b5e00000] [id=20884]
  0x000001f11dbaeae0 ConcurrentGCThread "G1 Main Marker" [stack: 0x000000a1b4600000,0x000000a1b4700000] [id=22028]
  0x000001f11dbb05e0 ConcurrentGCThread "G1 Conc#0" [stack: 0x000000a1b4700000,0x000000a1b4800000] [id=20672]
  0x000001f143c4c760 ConcurrentGCThread "G1 Conc#1" [stack: 0x000000a1b4100000,0x000000a1b4200000] [id=21732]
  0x000001f143c4ca70 ConcurrentGCThread "G1 Conc#2" [stack: 0x000000a1b4200000,0x000000a1b4300000] [id=22760]
  0x000001f11dc2d020 ConcurrentGCThread "G1 Refine#0" [stack: 0x000000a1b4800000,0x000000a1b4900000] [id=12848]
  0x000001f11dc2eab0 ConcurrentGCThread "G1 Service" [stack: 0x000000a1b4900000,0x000000a1b4a00000] [id=17396]

Threads with active compile tasks:

VM state: at safepoint (normal execution)

VM Mutex/Monitor currently owned by a thread:  ([mutex/lock_event])
[0x000001f11db473f0] Threads_lock - owner thread: 0x000001f13d418dd0
[0x000001f11db46280] Heap_lock - owner thread: 0x000001f11dbaeae0

Heap address: 0x0000000701800000, size: 4072 MB, Compressed Oops mode: Zero based, Oop shift amount: 3

CDS disabled.
Compressed class space mapped at: 0x0000000800000000-0x0000000840000000, reserved size: 1073741824
Narrow klass base: 0x0000000800000000, Narrow klass shift: 0, Narrow klass range: 0x40000000

GC Precious Log:
 CPUs: 12 total, 12 available
 Memory: 16284M
 Large Page Support: Disabled
 NUMA Support: Disabled
 Compressed Oops: Enabled (Zero based)
 Heap Region Size: 2M
 Heap Min Capacity: 8M
 Heap Initial Capacity: 256M
 Heap Max Capacity: 4072M
 Pre-touch: Disabled
 Parallel Workers: 10
 Concurrent Workers: 3
 Concurrent Refinement Workers: 10
 Periodic GC: Disabled

Heap:
 garbage-first heap   total 337920K, used 224569K [0x0000000701800000, 0x0000000800000000)
  region size 2048K, 9 young (18432K), 4 survivors (8192K)
 Metaspace       used 15095K, committed 15360K, reserved 1064960K
  class space    used 1356K, committed 1472K, reserved 1048576K

Heap Regions: E=young(eden), S=young(survivor), O=old, HS=humongous(starts), HC=humongous(continues), CS=collection set, F=free, OA=open archive, CA=closed archive, TAMS=top-at-mark-start (previous, next)
|   0|0x0000000701800000, 0x0000000701a00000, 0x0000000701a00000|100%| O|  |TAMS 0x0000000701a00000, 0x0000000701800000| Updating 
|   1|0x0000000701a00000, 0x0000000701c00000, 0x0000000701c00000|100%| O|  |TAMS 0x0000000701c00000, 0x0000000701a00000| Updating 
|   2|0x0000000701c00000, 0x0000000701e00000, 0x0000000701e00000|100%| O|  |TAMS 0x0000000701e00000, 0x0000000701c00000| Updating 
|   3|0x0000000701e00000, 0x0000000702000000, 0x0000000702000000|100%| O|  |TAMS 0x0000000702000000, 0x0000000701e00000| Updating 
|   4|0x0000000702000000, 0x0000000702200000, 0x0000000702200000|100%| O|  |TAMS 0x0000000702200000, 0x0000000702000000| Updating 
|   5|0x0000000702200000, 0x0000000702400000, 0x0000000702400000|100%| O|  |TAMS 0x0000000702400000, 0x0000000702200000| Updating 
|   6|0x0000000702400000, 0x0000000702600000, 0x0000000702600000|100%| O|  |TAMS 0x0000000702600000, 0x0000000702400000| Updating 
|   7|0x0000000702600000, 0x0000000702800000, 0x0000000702800000|100%| O|  |TAMS 0x0000000702800000, 0x0000000702600000| Updating 
|   8|0x0000000702800000, 0x0000000702a00000, 0x0000000702a00000|100%| O|  |TAMS 0x0000000702a00000, 0x0000000702800000| Updating 
|   9|0x0000000702a00000, 0x0000000702c00000, 0x0000000702c00000|100%| O|  |TAMS 0x0000000702c00000, 0x0000000702a00000| Updating 
|  10|0x0000000702c00000, 0x0000000702e00000, 0x0000000702e00000|100%| O|  |TAMS 0x0000000702e00000, 0x0000000702c00000| Updating 
|  11|0x0000000702e00000, 0x0000000703000000, 0x0000000703000000|100%| O|  |TAMS 0x0000000703000000, 0x0000000702e00000| Updating 
|  12|0x0000000703000000, 0x0000000703200000, 0x0000000703200000|100%| O|  |TAMS 0x0000000703200000, 0x0000000703000000| Updating 
|  13|0x0000000703200000, 0x0000000703400000, 0x0000000703400000|100%| O|  |TAMS 0x0000000703400000, 0x0000000703200000| Updating 
|  14|0x0000000703400000, 0x0000000703600000, 0x0000000703600000|100%| O|  |TAMS 0x0000000703600000, 0x0000000703400000| Updating 
|  15|0x0000000703600000, 0x0000000703800000, 0x0000000703800000|100%| O|  |TAMS 0x0000000703800000, 0x0000000703600000| Updating 
|  16|0x0000000703800000, 0x0000000703a00000, 0x0000000703a00000|100%| O|  |TAMS 0x0000000703a00000, 0x0000000703800000| Updating 
|  17|0x0000000703a00000, 0x0000000703c00000, 0x0000000703c00000|100%| O|  |TAMS 0x0000000703c00000, 0x0000000703a00000| Updating 
|  18|0x0000000703c00000, 0x0000000703e00000, 0x0000000703e00000|100%| O|  |TAMS 0x0000000703e00000, 0x0000000703c00000| Updating 
|  19|0x0000000703e00000, 0x0000000704000000, 0x0000000704000000|100%| O|  |TAMS 0x0000000704000000, 0x0000000703e00000| Updating 
|  20|0x0000000704000000, 0x0000000704200000, 0x0000000704200000|100%| O|  |TAMS 0x0000000704200000, 0x0000000704000000| Updating 
|  21|0x0000000704200000, 0x0000000704400000, 0x0000000704400000|100%| O|  |TAMS 0x0000000704400000, 0x0000000704200000| Updating 
|  22|0x0000000704400000, 0x0000000704600000, 0x0000000704600000|100%| O|  |TAMS 0x0000000704600000, 0x0000000704400000| Updating 
|  23|0x0000000704600000, 0x0000000704800000, 0x0000000704800000|100%| O|  |TAMS 0x0000000704800000, 0x0000000704600000| Updating 
|  24|0x0000000704800000, 0x0000000704a00000, 0x0000000704a00000|100%| O|  |TAMS 0x0000000704a00000, 0x0000000704800000| Updating 
|  25|0x0000000704a00000, 0x0000000704c00000, 0x0000000704c00000|100%| O|  |TAMS 0x0000000704c00000, 0x0000000704a00000| Updating 
|  26|0x0000000704c00000, 0x0000000704e00000, 0x0000000704e00000|100%| O|  |TAMS 0x0000000704e00000, 0x0000000704c00000| Updating 
|  27|0x0000000704e00000, 0x0000000705000000, 0x0000000705000000|100%| O|  |TAMS 0x0000000705000000, 0x0000000704e00000| Updating 
|  28|0x0000000705000000, 0x0000000705200000, 0x0000000705200000|100%| O|  |TAMS 0x0000000705200000, 0x0000000705000000| Updating 
|  29|0x0000000705200000, 0x0000000705400000, 0x0000000705400000|100%| O|  |TAMS 0x0000000705400000, 0x0000000705200000| Updating 
|  30|0x0000000705400000, 0x0000000705600000, 0x0000000705600000|100%| O|  |TAMS 0x0000000705600000, 0x0000000705400000| Updating 
|  31|0x0000000705600000, 0x0000000705800000, 0x0000000705800000|100%| O|  |TAMS 0x0000000705800000, 0x0000000705600000| Updating 
|  32|0x0000000705800000, 0x0000000705a00000, 0x0000000705a00000|100%| O|  |TAMS 0x0000000705a00000, 0x0000000705800000| Updating 
|  33|0x0000000705a00000, 0x0000000705c00000, 0x0000000705c00000|100%| O|  |TAMS 0x0000000705c00000, 0x0000000705a00000| Updating 
|  34|0x0000000705c00000, 0x0000000705e00000, 0x0000000705e00000|100%| O|  |TAMS 0x0000000705e00000, 0x0000000705c00000| Updating 
|  35|0x0000000705e00000, 0x0000000706000000, 0x0000000706000000|100%| O|  |TAMS 0x0000000706000000, 0x0000000705e00000| Updating 
|  36|0x0000000706000000, 0x0000000706200000, 0x0000000706200000|100%| O|  |TAMS 0x0000000706200000, 0x0000000706000000| Updating 
|  37|0x0000000706200000, 0x0000000706400000, 0x0000000706400000|100%| O|  |TAMS 0x0000000706400000, 0x0000000706200000| Updating 
|  38|0x0000000706400000, 0x0000000706600000, 0x0000000706600000|100%| O|  |TAMS 0x0000000706600000, 0x0000000706400000| Updating 
|  39|0x0000000706600000, 0x0000000706800000, 0x0000000706800000|100%| O|  |TAMS 0x0000000706800000, 0x0000000706600000| Updating 
|  40|0x0000000706800000, 0x0000000706a00000, 0x0000000706a00000|100%| O|  |TAMS 0x0000000706a00000, 0x0000000706800000| Updating 
|  41|0x0000000706a00000, 0x0000000706c00000, 0x0000000706c00000|100%| O|  |TAMS 0x0000000706c00000, 0x0000000706a00000| Updating 
|  42|0x0000000706c00000, 0x0000000706e00000, 0x0000000706e00000|100%| O|  |TAMS 0x0000000706e00000, 0x0000000706c00000| Updating 
|  43|0x0000000706e00000, 0x0000000707000000, 0x0000000707000000|100%| O|  |TAMS 0x0000000707000000, 0x0000000706e00000| Updating 
|  44|0x0000000707000000, 0x0000000707200000, 0x0000000707200000|100%| O|  |TAMS 0x0000000707200000, 0x0000000707000000| Updating 
|  45|0x0000000707200000, 0x0000000707400000, 0x0000000707400000|100%| O|  |TAMS 0x0000000707400000, 0x0000000707200000| Updating 
|  46|0x0000000707400000, 0x0000000707600000, 0x0000000707600000|100%| O|  |TAMS 0x0000000707600000, 0x0000000707400000| Updating 
|  47|0x0000000707600000, 0x0000000707800000, 0x0000000707800000|100%| O|  |TAMS 0x0000000707800000, 0x0000000707600000| Updating 
|  48|0x0000000707800000, 0x0000000707a00000, 0x0000000707a00000|100%| O|  |TAMS 0x0000000707a00000, 0x0000000707800000| Updating 
|  49|0x0000000707a00000, 0x0000000707c00000, 0x0000000707c00000|100%| O|  |TAMS 0x0000000707c00000, 0x0000000707a00000| Updating 
|  50|0x0000000707c00000, 0x0000000707e00000, 0x0000000707e00000|100%| O|  |TAMS 0x0000000707e00000, 0x0000000707c00000| Updating 
|  51|0x0000000707e00000, 0x0000000708000000, 0x0000000708000000|100%| O|  |TAMS 0x0000000708000000, 0x0000000707e00000| Updating 
|  52|0x0000000708000000, 0x0000000708200000, 0x0000000708200000|100%| O|  |TAMS 0x0000000708200000, 0x0000000708000000| Updating 
|  53|0x0000000708200000, 0x0000000708400000, 0x0000000708400000|100%| O|  |TAMS 0x0000000708400000, 0x0000000708200000| Updating 
|  54|0x0000000708400000, 0x0000000708600000, 0x0000000708600000|100%| O|  |TAMS 0x0000000708600000, 0x0000000708400000| Updating 
|  55|0x0000000708600000, 0x0000000708800000, 0x0000000708800000|100%| O|  |TAMS 0x0000000708800000, 0x0000000708600000| Updating 
|  56|0x0000000708800000, 0x0000000708a00000, 0x0000000708a00000|100%| O|  |TAMS 0x0000000708a00000, 0x0000000708800000| Updating 
|  57|0x0000000708a00000, 0x0000000708c00000, 0x0000000708c00000|100%| O|  |TAMS 0x0000000708c00000, 0x0000000708a00000| Updating 
|  58|0x0000000708c00000, 0x0000000708e00000, 0x0000000708e00000|100%| O|  |TAMS 0x0000000708e00000, 0x0000000708c00000| Updating 
|  59|0x0000000708e00000, 0x0000000709000000, 0x0000000709000000|100%| O|  |TAMS 0x0000000709000000, 0x0000000708e00000| Updating 
|  60|0x0000000709000000, 0x0000000709200000, 0x0000000709200000|100%| O|  |TAMS 0x0000000709200000, 0x0000000709000000| Updating 
|  61|0x0000000709200000, 0x0000000709400000, 0x0000000709400000|100%| O|  |TAMS 0x0000000709400000, 0x0000000709200000| Updating 
|  62|0x0000000709400000, 0x0000000709600000, 0x0000000709600000|100%| O|  |TAMS 0x0000000709600000, 0x0000000709400000| Updating 
|  63|0x0000000709600000, 0x0000000709800000, 0x0000000709800000|100%| O|  |TAMS 0x0000000709800000, 0x0000000709600000| Updating 
|  64|0x0000000709800000, 0x0000000709a00000, 0x0000000709a00000|100%| O|  |TAMS 0x0000000709a00000, 0x0000000709800000| Updating 
|  65|0x0000000709a00000, 0x0000000709c00000, 0x0000000709c00000|100%| O|  |TAMS 0x0000000709c00000, 0x0000000709a00000| Updating 
|  66|0x0000000709c00000, 0x0000000709e00000, 0x0000000709e00000|100%| O|  |TAMS 0x0000000709e00000, 0x0000000709c00000| Updating 
|  67|0x0000000709e00000, 0x000000070a000000, 0x000000070a000000|100%| O|  |TAMS 0x000000070a000000, 0x0000000709e00000| Updating 
|  68|0x000000070a000000, 0x000000070a200000, 0x000000070a200000|100%| O|  |TAMS 0x000000070a200000, 0x000000070a000000| Updating 
|  69|0x000000070a200000, 0x000000070a400000, 0x000000070a400000|100%| O|  |TAMS 0x000000070a400000, 0x000000070a200000| Updating 
|  70|0x000000070a400000, 0x000000070a600000, 0x000000070a600000|100%| O|  |TAMS 0x000000070a600000, 0x000000070a400000| Updating 
|  71|0x000000070a600000, 0x000000070a800000, 0x000000070a800000|100%| O|  |TAMS 0x000000070a800000, 0x000000070a600000| Updating 
|  72|0x000000070a800000, 0x000000070aa00000, 0x000000070aa00000|100%| O|  |TAMS 0x000000070aa00000, 0x000000070a800000| Updating 
|  73|0x000000070aa00000, 0x000000070ac00000, 0x000000070ac00000|100%| O|  |TAMS 0x000000070ac00000, 0x000000070aa00000| Updating 
|  74|0x000000070ac00000, 0x000000070ae00000, 0x000000070ae00000|100%| O|  |TAMS 0x000000070ae00000, 0x000000070ac00000| Updating 
|  75|0x000000070ae00000, 0x000000070b000000, 0x000000070b000000|100%| O|  |TAMS 0x000000070b000000, 0x000000070ae00000| Updating 
|  76|0x000000070b000000, 0x000000070b200000, 0x000000070b200000|100%| O|  |TAMS 0x000000070b200000, 0x000000070b000000| Updating 
|  77|0x000000070b200000, 0x000000070b400000, 0x000000070b400000|100%| O|  |TAMS 0x000000070b400000, 0x000000070b200000| Updating 
|  78|0x000000070b400000, 0x000000070b600000, 0x000000070b600000|100%| O|  |TAMS 0x000000070b600000, 0x000000070b400000| Updating 
|  79|0x000000070b600000, 0x000000070b800000, 0x000000070b800000|100%| O|  |TAMS 0x000000070b800000, 0x000000070b600000| Updating 
|  80|0x000000070b800000, 0x000000070ba00000, 0x000000070ba00000|100%| O|  |TAMS 0x000000070ba00000, 0x000000070b800000| Updating 
|  81|0x000000070ba00000, 0x000000070bc00000, 0x000000070bc00000|100%| O|  |TAMS 0x000000070bc00000, 0x000000070ba00000| Updating 
|  82|0x000000070bc00000, 0x000000070be00000, 0x000000070be00000|100%| O|  |TAMS 0x000000070be00000, 0x000000070bc00000| Updating 
|  83|0x000000070be00000, 0x000000070c000000, 0x000000070c000000|100%| O|  |TAMS 0x000000070c000000, 0x000000070be00000| Updating 
|  84|0x000000070c000000, 0x000000070c200000, 0x000000070c200000|100%|HS|  |TAMS 0x000000070c200000, 0x000000070c000000| Complete 
|  85|0x000000070c200000, 0x000000070c400000, 0x000000070c400000|100%|HC|  |TAMS 0x000000070c400000, 0x000000070c200000| Complete 
|  86|0x000000070c400000, 0x000000070c600000, 0x000000070c600000|100%| O|  |TAMS 0x000000070c600000, 0x000000070c400000| Updating 
|  87|0x000000070c600000, 0x000000070c800000, 0x000000070c800000|100%| O|  |TAMS 0x000000070c800000, 0x000000070c600000| Updating 
|  88|0x000000070c800000, 0x000000070ca00000, 0x000000070ca00000|100%| O|  |TAMS 0x000000070ca00000, 0x000000070c800000| Updating 
|  89|0x000000070ca00000, 0x000000070cc00000, 0x000000070cc00000|100%| O|  |TAMS 0x000000070cc00000, 0x000000070ca00000| Updating 
|  90|0x000000070cc00000, 0x000000070ce00000, 0x000000070ce00000|100%| O|  |TAMS 0x000000070ce00000, 0x000000070cc00000| Updating 
|  91|0x000000070ce00000, 0x000000070d000000, 0x000000070d000000|100%| O|  |TAMS 0x000000070d000000, 0x000000070ce00000| Updating 
|  92|0x000000070d000000, 0x000000070d200000, 0x000000070d200000|100%| O|  |TAMS 0x000000070d200000, 0x000000070d000000| Updating 
|  93|0x000000070d200000, 0x000000070d400000, 0x000000070d400000|100%| O|  |TAMS 0x000000070d400000, 0x000000070d200000| Updating 
|  94|0x000000070d400000, 0x000000070d600000, 0x000000070d600000|100%| O|  |TAMS 0x000000070d600000, 0x000000070d400000| Updating 
|  95|0x000000070d600000, 0x000000070d800000, 0x000000070d800000|100%| O|  |TAMS 0x000000070d800000, 0x000000070d600000| Updating 
|  96|0x000000070d800000, 0x000000070da00000, 0x000000070da00000|100%| O|  |TAMS 0x000000070da00000, 0x000000070d800000| Updating 
|  97|0x000000070da00000, 0x000000070dc00000, 0x000000070dc00000|100%| O|  |TAMS 0x000000070da76200, 0x000000070da00000| Updating 
|  98|0x000000070dc00000, 0x000000070de00000, 0x000000070de00000|100%| O|  |TAMS 0x000000070dc00000, 0x000000070dc00000| Untracked 
|  99|0x000000070de00000, 0x000000070e000000, 0x000000070e000000|100%| O|  |TAMS 0x000000070de00000, 0x000000070de00000| Untracked 
| 100|0x000000070e000000, 0x000000070e200000, 0x000000070e200000|100%| O|  |TAMS 0x000000070e000000, 0x000000070e000000| Untracked 
| 101|0x000000070e200000, 0x000000070e34e400, 0x000000070e400000| 65%| O|  |TAMS 0x000000070e200000, 0x000000070e200000| Updating 
| 102|0x000000070e400000, 0x000000070e400000, 0x000000070e600000|  0%| F|  |TAMS 0x000000070e400000, 0x000000070e400000| Untracked 
| 103|0x000000070e600000, 0x000000070e600000, 0x000000070e800000|  0%| F|  |TAMS 0x000000070e600000, 0x000000070e600000| Untracked 
| 104|0x000000070e800000, 0x000000070e800000, 0x000000070ea00000|  0%| F|  |TAMS 0x000000070e800000, 0x000000070e800000| Untracked 
| 105|0x000000070ea00000, 0x000000070ea00000, 0x000000070ec00000|  0%| F|  |TAMS 0x000000070ea00000, 0x000000070ea00000| Untracked 
| 106|0x000000070ec00000, 0x000000070ec00000, 0x000000070ee00000|  0%| F|  |TAMS 0x000000070ec00000, 0x000000070ec00000| Untracked 
| 107|0x000000070ee00000, 0x000000070ee00000, 0x000000070f000000|  0%| F|  |TAMS 0x000000070ee00000, 0x000000070ee00000| Untracked 
| 108|0x000000070f000000, 0x000000070f000000, 0x000000070f200000|  0%| F|  |TAMS 0x000000070f000000, 0x000000070f000000| Untracked 
| 109|0x000000070f200000, 0x000000070f200000, 0x000000070f400000|  0%| F|  |TAMS 0x000000070f200000, 0x000000070f200000| Untracked 
| 110|0x000000070f400000, 0x000000070f400000, 0x000000070f600000|  0%| F|  |TAMS 0x000000070f400000, 0x000000070f400000| Untracked 
| 111|0x000000070f600000, 0x000000070f600000, 0x000000070f800000|  0%| F|  |TAMS 0x000000070f600000, 0x000000070f600000| Untracked 
| 112|0x000000070f800000, 0x000000070f800000, 0x000000070fa00000|  0%| F|  |TAMS 0x000000070f800000, 0x000000070f800000| Untracked 
| 113|0x000000070fa00000, 0x000000070fa00000, 0x000000070fc00000|  0%| F|  |TAMS 0x000000070fa00000, 0x000000070fa00000| Untracked 
| 114|0x000000070fc00000, 0x000000070fc00000, 0x000000070fe00000|  0%| F|  |TAMS 0x000000070fc00000, 0x000000070fc00000| Untracked 
| 115|0x000000070fe00000, 0x000000070fe00000, 0x0000000710000000|  0%| F|  |TAMS 0x000000070fe00000, 0x000000070fe00000| Untracked 
| 116|0x0000000710000000, 0x0000000710000000, 0x0000000710200000|  0%| F|  |TAMS 0x0000000710000000, 0x0000000710000000| Untracked 
| 117|0x0000000710200000, 0x0000000710200000, 0x0000000710400000|  0%| F|  |TAMS 0x0000000710200000, 0x0000000710200000| Untracked 
| 118|0x0000000710400000, 0x0000000710400000, 0x0000000710600000|  0%| F|  |TAMS 0x0000000710400000, 0x0000000710400000| Untracked 
| 119|0x0000000710600000, 0x0000000710600000, 0x0000000710800000|  0%| F|  |TAMS 0x0000000710600000, 0x0000000710600000| Untracked 
| 120|0x0000000710800000, 0x0000000710800000, 0x0000000710a00000|  0%| F|  |TAMS 0x0000000710800000, 0x0000000710800000| Untracked 
| 121|0x0000000710a00000, 0x0000000710a00000, 0x0000000710c00000|  0%| F|  |TAMS 0x0000000710a00000, 0x0000000710a00000| Untracked 
| 122|0x0000000710c00000, 0x0000000710c00000, 0x0000000710e00000|  0%| F|  |TAMS 0x0000000710c00000, 0x0000000710c00000| Untracked 
| 123|0x0000000710e00000, 0x0000000710e00000, 0x0000000711000000|  0%| F|  |TAMS 0x0000000710e00000, 0x0000000710e00000| Untracked 
| 124|0x0000000711000000, 0x0000000711000000, 0x0000000711200000|  0%| F|  |TAMS 0x0000000711000000, 0x0000000711000000| Untracked 
| 125|0x0000000711200000, 0x0000000711200000, 0x0000000711400000|  0%| F|  |TAMS 0x0000000711200000, 0x0000000711200000| Untracked 
| 126|0x0000000711400000, 0x0000000711400000, 0x0000000711600000|  0%| F|  |TAMS 0x0000000711400000, 0x0000000711400000| Untracked 
| 127|0x0000000711600000, 0x0000000711600000, 0x0000000711800000|  0%| F|  |TAMS 0x0000000711600000, 0x0000000711600000| Untracked 
| 128|0x0000000711800000, 0x0000000711800000, 0x0000000711a00000|  0%| F|  |TAMS 0x0000000711800000, 0x0000000711800000| Untracked 
| 129|0x0000000711a00000, 0x0000000711c00000, 0x0000000711c00000|100%| S|CS|TAMS 0x0000000711a00000, 0x0000000711a00000| Complete 
| 130|0x0000000711c00000, 0x0000000711e00000, 0x0000000711e00000|100%| S|CS|TAMS 0x0000000711c00000, 0x0000000711c00000| Complete 
| 131|0x0000000711e00000, 0x0000000712000000, 0x0000000712000000|100%| S|CS|TAMS 0x0000000711e00000, 0x0000000711e00000| Complete 
| 132|0x0000000712000000, 0x0000000712200000, 0x0000000712200000|100%| S|CS|TAMS 0x0000000712000000, 0x0000000712000000| Complete 
| 133|0x0000000712200000, 0x0000000712200000, 0x0000000712400000|  0%| F|  |TAMS 0x0000000712200000, 0x0000000712200000| Untracked 
| 134|0x0000000712400000, 0x0000000712400000, 0x0000000712600000|  0%| F|  |TAMS 0x0000000712400000, 0x0000000712400000| Untracked 
| 135|0x0000000712600000, 0x0000000712600000, 0x0000000712800000|  0%| F|  |TAMS 0x0000000712600000, 0x0000000712600000| Untracked 
| 136|0x0000000712800000, 0x0000000712800000, 0x0000000712a00000|  0%| F|  |TAMS 0x0000000712800000, 0x0000000712800000| Untracked 
| 137|0x0000000712a00000, 0x0000000712a00000, 0x0000000712c00000|  0%| F|  |TAMS 0x0000000712a00000, 0x0000000712a00000| Untracked 
| 138|0x0000000712c00000, 0x0000000712c00000, 0x0000000712e00000|  0%| F|  |TAMS 0x0000000712c00000, 0x0000000712c00000| Untracked 
| 139|0x0000000712e00000, 0x0000000712e00000, 0x0000000713000000|  0%| F|  |TAMS 0x0000000712e00000, 0x0000000712e00000| Untracked 
| 140|0x0000000713000000, 0x0000000713000000, 0x0000000713200000|  0%| F|  |TAMS 0x0000000713000000, 0x0000000713000000| Untracked 
| 141|0x0000000713200000, 0x0000000713200000, 0x0000000713400000|  0%| F|  |TAMS 0x0000000713200000, 0x0000000713200000| Untracked 
| 142|0x0000000713400000, 0x0000000713400000, 0x0000000713600000|  0%| F|  |TAMS 0x0000000713400000, 0x0000000713400000| Untracked 
| 143|0x0000000713600000, 0x0000000713600000, 0x0000000713800000|  0%| F|  |TAMS 0x0000000713600000, 0x0000000713600000| Untracked 
| 144|0x0000000713800000, 0x0000000713800000, 0x0000000713a00000|  0%| F|  |TAMS 0x0000000713800000, 0x0000000713800000| Untracked 
| 145|0x0000000713a00000, 0x0000000713a00000, 0x0000000713c00000|  0%| F|  |TAMS 0x0000000713a00000, 0x0000000713a00000| Untracked 
| 146|0x0000000713c00000, 0x0000000713c00000, 0x0000000713e00000|  0%| F|  |TAMS 0x0000000713c00000, 0x0000000713c00000| Untracked 
| 147|0x0000000713e00000, 0x0000000713e00000, 0x0000000714000000|  0%| F|  |TAMS 0x0000000713e00000, 0x0000000713e00000| Untracked 
| 148|0x0000000714000000, 0x0000000714000000, 0x0000000714200000|  0%| F|  |TAMS 0x0000000714000000, 0x0000000714000000| Untracked 
| 149|0x0000000714200000, 0x0000000714200000, 0x0000000714400000|  0%| F|  |TAMS 0x0000000714200000, 0x0000000714200000| Untracked 
| 150|0x0000000714400000, 0x0000000714400000, 0x0000000714600000|  0%| F|  |TAMS 0x0000000714400000, 0x0000000714400000| Untracked 
| 151|0x0000000714600000, 0x0000000714600000, 0x0000000714800000|  0%| F|  |TAMS 0x0000000714600000, 0x0000000714600000| Untracked 
| 152|0x0000000714800000, 0x0000000714800000, 0x0000000714a00000|  0%| F|  |TAMS 0x0000000714800000, 0x0000000714800000| Untracked 
| 153|0x0000000714a00000, 0x0000000714a00000, 0x0000000714c00000|  0%| F|  |TAMS 0x0000000714a00000, 0x0000000714a00000| Untracked 
| 154|0x0000000714c00000, 0x0000000714c00000, 0x0000000714e00000|  0%| F|  |TAMS 0x0000000714c00000, 0x0000000714c00000| Untracked 
| 155|0x0000000714e00000, 0x0000000714e00000, 0x0000000715000000|  0%| F|  |TAMS 0x0000000714e00000, 0x0000000714e00000| Untracked 
| 156|0x0000000715000000, 0x0000000715000000, 0x0000000715200000|  0%| F|  |TAMS 0x0000000715000000, 0x0000000715000000| Untracked 
| 157|0x0000000715200000, 0x0000000715200000, 0x0000000715400000|  0%| F|  |TAMS 0x0000000715200000, 0x0000000715200000| Untracked 
| 158|0x0000000715400000, 0x0000000715400000, 0x0000000715600000|  0%| F|  |TAMS 0x0000000715400000, 0x0000000715400000| Untracked 
| 159|0x0000000715600000, 0x0000000715600000, 0x0000000715800000|  0%| F|  |TAMS 0x0000000715600000, 0x0000000715600000| Untracked 
| 160|0x0000000715800000, 0x00000007158a2f58, 0x0000000715a00000| 31%| E|  |TAMS 0x0000000715800000, 0x0000000715800000| Complete 
| 161|0x0000000715a00000, 0x0000000715c00000, 0x0000000715c00000|100%| E|CS|TAMS 0x0000000715a00000, 0x0000000715a00000| Complete 
| 162|0x0000000715c00000, 0x0000000715e00000, 0x0000000715e00000|100%| E|CS|TAMS 0x0000000715c00000, 0x0000000715c00000| Complete 
| 163|0x0000000715e00000, 0x0000000716000000, 0x0000000716000000|100%| E|CS|TAMS 0x0000000715e00000, 0x0000000715e00000| Complete 
| 164|0x0000000716000000, 0x0000000716200000, 0x0000000716200000|100%| E|CS|TAMS 0x0000000716000000, 0x0000000716000000| Complete 

Card table byte_map: [0x000001f130e30000,0x000001f131630000] _byte_map_base: 0x000001f12d624000

Marking Bits (Prev, Next): (CMBitMap*) 0x000001f11db9ca60, (CMBitMap*) 0x000001f11db9caa0
 Prev Bits: [0x000001f131e30000, 0x000001f135dd0000)
 Next Bits: [0x000001f135dd0000, 0x000001f139d70000)

Polling page: 0x000001f11bb40000

Metaspace:

Usage:
  Non-class:     13.42 MB used.
      Class:      1.32 MB used.
       Both:     14.74 MB used.

Virtual space:
  Non-class space:       16.00 MB reserved,      13.56 MB ( 85%) committed,  2 nodes.
      Class space:        1.00 GB reserved,       1.44 MB ( <1%) committed,  1 nodes.
              Both:        1.02 GB reserved,      15.00 MB (  1%) committed. 

Chunk freelists:
   Non-Class:  2.50 MB
       Class:  2.61 MB
        Both:  5.11 MB

MaxMetaspaceSize: 17179869184.00 GB
CompressedClassSpaceSize: 1.00 GB
 - commit_granule_bytes: 65536.
 - commit_granule_words: 8192.
 - virtual_space_node_default_size: 1048576.
 - enlarge_chunks_in_place: 1.
 - new_chunks_are_fully_committed: 0.
 - uncommit_free_chunks: 1.
 - use_allocation_guard: 0.
 - handle_deallocations: 1.


Internal statistics:

num_allocs_failed_limit: 0.
num_arena_births: 124.
num_arena_deaths: 0.
num_vsnodes_births: 3.
num_vsnodes_deaths: 0.
num_space_committed: 240.
num_space_uncommitted: 0.
num_chunks_returned_to_freelist: 0.
num_chunks_taken_from_freelist: 188.
num_chunk_merges: 0.
num_chunk_splits: 102.
num_chunks_enlarged: 50.
num_purges: 0.

CodeHeap 'non-profiled nmethods': size=120000Kb used=2776Kb max_used=2776Kb free=117223Kb
 bounds [0x000001f128b90000, 0x000001f128e50000, 0x000001f1300c0000]
CodeHeap 'profiled nmethods': size=120000Kb used=5215Kb max_used=5215Kb free=114784Kb
 bounds [0x000001f121660000, 0x000001f121b80000, 0x000001f128b90000]
CodeHeap 'non-nmethods': size=5760Kb used=1254Kb max_used=1401Kb free=4505Kb
 bounds [0x000001f1210c0000, 0x000001f121330000, 0x000001f121660000]
 total_blobs=3354 nmethods=2789 adapters=476
 compilation: enabled
              stopped_count=0, restarted_count=0
 full_count=0

Compilation events (20 events):
Event: 93.018 Thread 0x000001f13d465350 2789       4       java.util.WeakHashMap::put (160 bytes)
Event: 93.059 Thread 0x000001f13d465350 nmethod 2789 0x000001f128e3d990 code [0x000001f128e3db60, 0x000001f128e3ec78]
Event: 93.410 Thread 0x000001f13d465350 2790       4       java.awt.Component::updateCursorImmediately (55 bytes)
Event: 93.433 Thread 0x000001f13d465350 nmethod 2790 0x000001f128e3f110 code [0x000001f128e3f440, 0x000001f128e40528]
Event: 95.015 Thread 0x000001f13d465350 2791       4       sun.java2d.pipe.Region::getInstanceXYXY (12 bytes)
Event: 95.027 Thread 0x000001f13d465350 nmethod 2791 0x000001f128e41510 code [0x000001f128e416a0, 0x000001f128e41778]
Event: 95.908 Thread 0x000001f13d465350 2792   !   4       java.awt.Component::setName (43 bytes)
Event: 95.917 Thread 0x000001f13d465350 nmethod 2792 0x000001f128e41810 code [0x000001f128e419c0, 0x000001f128e42208]
Event: 96.313 Thread 0x000001f13d465350 2793       4       sun.awt.windows.WComponentPeer::replaceSurfaceDataLater (42 bytes)
Event: 96.329 Thread 0x000001f13d465350 nmethod 2793 0x000001f128e42490 code [0x000001f128e426a0, 0x000001f128e434f8]
Event: 96.329 Thread 0x000001f13d465350 2794   !   4       javax.swing.RepaintManager::nativeQueueSurfaceDataRunnable (63 bytes)
Event: 96.336 Thread 0x000001f13d465350 nmethod 2794 0x000001f128e43b90 code [0x000001f128e43d40, 0x000001f128e44588]
Event: 97.767 Thread 0x000001f13d465350 2795       4       sun.java2d.SunGraphics2D::setClip (17 bytes)
Event: 97.783 Thread 0x000001f13d465350 nmethod 2795 0x000001f128e44810 code [0x000001f128e44a20, 0x000001f128e452f0]
Event: 101.413 Thread 0x000001f13d465350 2796       4       java.awt.Component$1::getAccessControlContext (5 bytes)
Event: 101.414 Thread 0x000001f13d465350 nmethod 2796 0x000001f128e45890 code [0x000001f128e45a20, 0x000001f128e45ad8]
Event: 101.518 Thread 0x000001f13d465350 2797       4       sun.java2d.DefaultDisposerRecord::dispose (12 bytes)
Event: 101.519 Thread 0x000001f13d465350 nmethod 2797 0x000001f128e45b90 code [0x000001f128e45d20, 0x000001f128e45dc8]
Event: 101.519 Thread 0x000001f13d465350 2798   !   4       sun.java2d.Disposer::clearDeferredRecords (70 bytes)
Event: 101.519 Thread 0x000001f13d465350 nmethod 2798 0x000001f128e45e90 code [0x000001f128e46020, 0x000001f128e46098]

GC Heap History (20 events):
Event: 25.053 GC heap before
{Heap before GC invocations=4 (full 0):
 garbage-first heap   total 262144K, used 148503K [0x0000000701800000, 0x0000000800000000)
  region size 2048K, 48 young (98304K), 6 survivors (12288K)
 Metaspace       used 15016K, committed 15296K, reserved 1064960K
  class space    used 1343K, committed 1472K, reserved 1048576K
}
Event: 25.086 GC heap after
{Heap after GC invocations=5 (full 0):
 garbage-first heap   total 262144K, used 85498K [0x0000000701800000, 0x0000000800000000)
  region size 2048K, 6 young (12288K), 6 survivors (12288K)
 Metaspace       used 15016K, committed 15296K, reserved 1064960K
  class space    used 1343K, committed 1472K, reserved 1048576K
}
Event: 44.099 GC heap before
{Heap before GC invocations=5 (full 0):
 garbage-first heap   total 262144K, used 171514K [0x0000000701800000, 0x0000000800000000)
  region size 2048K, 48 young (98304K), 6 survivors (12288K)
 Metaspace       used 15031K, committed 15296K, reserved 1064960K
  class space    used 1344K, committed 1472K, reserved 1048576K
}
Event: 44.128 GC heap after
{Heap after GC invocations=6 (full 0):
 garbage-first heap   total 262144K, used 103969K [0x0000000701800000, 0x0000000800000000)
  region size 2048K, 6 young (12288K), 6 survivors (12288K)
 Metaspace       used 15031K, committed 15296K, reserved 1064960K
  class space    used 1344K, committed 1472K, reserved 1048576K
}
Event: 58.335 GC heap before
{Heap before GC invocations=6 (full 0):
 garbage-first heap   total 262144K, used 185889K [0x0000000701800000, 0x0000000800000000)
  region size 2048K, 46 young (94208K), 6 survivors (12288K)
 Metaspace       used 15081K, committed 15360K, reserved 1064960K
  class space    used 1354K, committed 1472K, reserved 1048576K
}
Event: 58.360 GC heap after
{Heap after GC invocations=7 (full 0):
 garbage-first heap   total 262144K, used 131560K [0x0000000701800000, 0x0000000800000000)
  region size 2048K, 6 young (12288K), 6 survivors (12288K)
 Metaspace       used 15081K, committed 15360K, reserved 1064960K
  class space    used 1354K, committed 1472K, reserved 1048576K
}
Event: 66.749 GC heap before
{Heap before GC invocations=7 (full 0):
 garbage-first heap   total 262144K, used 188904K [0x0000000701800000, 0x0000000800000000)
  region size 2048K, 35 young (71680K), 6 survivors (12288K)
 Metaspace       used 15087K, committed 15360K, reserved 1064960K
  class space    used 1354K, committed 1472K, reserved 1048576K
}
Event: 66.792 GC heap after
{Heap after GC invocations=8 (full 0):
 garbage-first heap   total 262144K, used 153361K [0x0000000701800000, 0x0000000800000000)
  region size 2048K, 5 young (10240K), 5 survivors (10240K)
 Metaspace       used 15087K, committed 15360K, reserved 1064960K
  class space    used 1354K, committed 1472K, reserved 1048576K
}
Event: 75.221 GC heap before
{Heap before GC invocations=9 (full 0):
 garbage-first heap   total 262144K, used 198417K [0x0000000701800000, 0x0000000800000000)
  region size 2048K, 27 young (55296K), 5 survivors (10240K)
 Metaspace       used 15092K, committed 15360K, reserved 1064960K
  class space    used 1354K, committed 1472K, reserved 1048576K
}
Event: 75.270 GC heap after
{Heap after GC invocations=10 (full 0):
 garbage-first heap   total 262144K, used 168448K [0x0000000701800000, 0x0000000800000000)
  region size 2048K, 4 young (8192K), 4 survivors (8192K)
 Metaspace       used 15092K, committed 15360K, reserved 1064960K
  class space    used 1354K, committed 1472K, reserved 1048576K
}
Event: 77.964 GC heap before
{Heap before GC invocations=10 (full 0):
 garbage-first heap   total 262144K, used 199168K [0x0000000701800000, 0x0000000800000000)
  region size 2048K, 20 young (40960K), 4 survivors (8192K)
 Metaspace       used 15092K, committed 15360K, reserved 1064960K
  class space    used 1354K, committed 1472K, reserved 1048576K
}
Event: 77.989 GC heap after
{Heap after GC invocations=11 (full 0):
 garbage-first heap   total 262144K, used 176548K [0x0000000701800000, 0x0000000800000000)
  region size 2048K, 3 young (6144K), 3 survivors (6144K)
 Metaspace       used 15092K, committed 15360K, reserved 1064960K
  class space    used 1354K, committed 1472K, reserved 1048576K
}
Event: 81.326 GC heap before
{Heap before GC invocations=12 (full 0):
 garbage-first heap   total 311296K, used 213412K [0x0000000701800000, 0x0000000800000000)
  region size 2048K, 19 young (38912K), 3 survivors (6144K)
 Metaspace       used 15092K, committed 15360K, reserved 1064960K
  class space    used 1354K, committed 1472K, reserved 1048576K
}
Event: 81.335 GC heap after
{Heap after GC invocations=13 (full 0):
 garbage-first heap   total 311296K, used 187691K [0x0000000701800000, 0x0000000800000000)
  region size 2048K, 3 young (6144K), 3 survivors (6144K)
 Metaspace       used 15092K, committed 15360K, reserved 1064960K
  class space    used 1354K, committed 1472K, reserved 1048576K
}
Event: 89.231 GC heap before
{Heap before GC invocations=13 (full 0):
 garbage-first heap   total 311296K, used 240939K [0x0000000701800000, 0x0000000800000000)
  region size 2048K, 30 young (61440K), 3 survivors (6144K)
 Metaspace       used 15092K, committed 15360K, reserved 1064960K
  class space    used 1354K, committed 1472K, reserved 1048576K
}
Event: 89.337 GC heap after
{Heap after GC invocations=14 (full 0):
 garbage-first heap   total 311296K, used 200875K [0x0000000701800000, 0x0000000800000000)
  region size 2048K, 4 young (8192K), 4 survivors (8192K)
 Metaspace       used 15092K, committed 15360K, reserved 1064960K
  class space    used 1354K, committed 1472K, reserved 1048576K
}
Event: 94.896 GC heap before
{Heap before GC invocations=15 (full 0):
 garbage-first heap   total 337920K, used 239787K [0x0000000701800000, 0x0000000800000000)
  region size 2048K, 25 young (51200K), 4 survivors (8192K)
 Metaspace       used 15092K, committed 15360K, reserved 1064960K
  class space    used 1354K, committed 1472K, reserved 1048576K
}
Event: 94.978 GC heap after
{Heap after GC invocations=16 (full 0):
 garbage-first heap   total 337920K, used 207320K [0x0000000701800000, 0x0000000800000000)
  region size 2048K, 4 young (8192K), 4 survivors (8192K)
 Metaspace       used 15092K, committed 15360K, reserved 1064960K
  class space    used 1354K, committed 1472K, reserved 1048576K
}
Event: 101.494 GC heap before
{Heap before GC invocations=16 (full 0):
 garbage-first heap   total 337920K, used 264664K [0x0000000701800000, 0x0000000800000000)
  region size 2048K, 32 young (65536K), 4 survivors (8192K)
 Metaspace       used 15095K, committed 15360K, reserved 1064960K
  class space    used 1356K, committed 1472K, reserved 1048576K
}
Event: 101.518 GC heap after
{Heap after GC invocations=17 (full 0):
 garbage-first heap   total 337920K, used 216377K [0x0000000701800000, 0x0000000800000000)
  region size 2048K, 4 young (8192K), 4 survivors (8192K)
 Metaspace       used 15095K, committed 15360K, reserved 1064960K
  class space    used 1356K, committed 1472K, reserved 1048576K
}

Deoptimization events (20 events):
Event: 98.710 Thread 0x000001f13d709ca0 Uncommon trap: trap_request=0xffffff45 fr.pc=0x000001f128c998c0 relative=0x0000000000002000
Event: 98.710 Thread 0x000001f13d709ca0 Uncommon trap: reason=unstable_if action=reinterpret pc=0x000001f128c998c0 method=java.nio.charset.CharsetEncoder.encode(Ljava/nio/CharBuffer;Ljava/nio/ByteBuffer;Z)Ljava/nio/charset/CoderResult; @ 15 c2
Event: 98.711 Thread 0x000001f13d709ca0 DEOPT PACKING pc=0x000001f128c998c0 sp=0x000000a1b57feaf0
Event: 98.711 Thread 0x000001f13d709ca0 DEOPT UNPACKING pc=0x000001f12110d72e sp=0x000000a1b57fe810 mode 2
Event: 98.727 Thread 0x000001f13d709ca0 Uncommon trap: trap_request=0xffffffc6 fr.pc=0x000001f128d9873c relative=0x000000000000009c
Event: 98.727 Thread 0x000001f13d709ca0 Uncommon trap: reason=bimorphic_or_optimized_type_check action=maybe_recompile pc=0x000001f128d9873c method=java.lang.ref.Reference.refersTo(Ljava/lang/Object;)Z @ 2 c2
Event: 98.727 Thread 0x000001f13d709ca0 DEOPT PACKING pc=0x000001f128d9873c sp=0x000000a1b57fec10
Event: 98.727 Thread 0x000001f13d709ca0 DEOPT UNPACKING pc=0x000001f12110d72e sp=0x000000a1b57feba8 mode 2
Event: 98.727 Thread 0x000001f13d709ca0 Uncommon trap: trap_request=0xffffffc6 fr.pc=0x000001f128d9873c relative=0x000000000000009c
Event: 98.727 Thread 0x000001f13d709ca0 Uncommon trap: reason=bimorphic_or_optimized_type_check action=maybe_recompile pc=0x000001f128d9873c method=java.lang.ref.Reference.refersTo(Ljava/lang/Object;)Z @ 2 c2
Event: 98.727 Thread 0x000001f13d709ca0 DEOPT PACKING pc=0x000001f128d9873c sp=0x000000a1b57feba0
Event: 98.727 Thread 0x000001f13d709ca0 DEOPT UNPACKING pc=0x000001f12110d72e sp=0x000000a1b57feb38 mode 2
Event: 98.727 Thread 0x000001f13d709ca0 Uncommon trap: trap_request=0xffffffc6 fr.pc=0x000001f128d9873c relative=0x000000000000009c
Event: 98.727 Thread 0x000001f13d709ca0 Uncommon trap: reason=bimorphic_or_optimized_type_check action=maybe_recompile pc=0x000001f128d9873c method=java.lang.ref.Reference.refersTo(Ljava/lang/Object;)Z @ 2 c2
Event: 98.727 Thread 0x000001f13d709ca0 DEOPT PACKING pc=0x000001f128d9873c sp=0x000000a1b57feb30
Event: 98.727 Thread 0x000001f13d709ca0 DEOPT UNPACKING pc=0x000001f12110d72e sp=0x000000a1b57feac8 mode 2
Event: 98.728 Thread 0x000001f13d709ca0 Uncommon trap: trap_request=0xffffffc6 fr.pc=0x000001f128d9873c relative=0x000000000000009c
Event: 98.728 Thread 0x000001f13d709ca0 Uncommon trap: reason=bimorphic_or_optimized_type_check action=maybe_recompile pc=0x000001f128d9873c method=java.lang.ref.Reference.refersTo(Ljava/lang/Object;)Z @ 2 c2
Event: 98.728 Thread 0x000001f13d709ca0 DEOPT PACKING pc=0x000001f128d9873c sp=0x000000a1b57feb30
Event: 98.728 Thread 0x000001f13d709ca0 DEOPT UNPACKING pc=0x000001f12110d72e sp=0x000000a1b57feac8 mode 2

Classes unloaded (0 events):
No events

Classes redefined (0 events):
No events

Internal exceptions (19 events):
Event: 0.116 Thread 0x000001f11db4a4a0 Exception <a 'java/lang/NoSuchMethodError'{0x000000071171c9c8}: 'void java.lang.invoke.DirectMethodHandle$Holder.invokeVirtual(java.lang.Object, java.lang.Object)'> (0x000000071171c9c8) 
thrown [t:\workspace\open\src\hotspot\share\interpreter\linkResolver.cpp, line 790]
Event: 0.150 Thread 0x000001f13d709ca0 Exception <a 'java/lang/NoSuchMethodError'{0x0000000711473ac8}: 'void java.lang.invoke.DirectMethodHandle$Holder.invokeSpecial(java.lang.Object, java.lang.Object, java.lang.Object)'> (0x0000000711473ac8) 
thrown [t:\workspace\open\src\hotspot\share\interpreter\linkResolver.cpp, line 790]
Event: 0.155 Thread 0x000001f13d709ca0 Exception <a 'sun/nio/fs/WindowsException'{0x00000007114811f0}> (0x00000007114811f0) 
thrown [t:\workspace\open\src\hotspot\share\prims\jni.cpp, line 579]
Event: 0.160 Thread 0x000001f13d709ca0 Exception <a 'java/lang/ClassNotFoundException'{0x0000000711487990}: sun/awt/resources/spi/awtProvider> (0x0000000711487990) 
thrown [t:\workspace\open\src\hotspot\share\classfile\systemDictionary.cpp, line 256]
Event: 0.178 Thread 0x000001f13d709ca0 Exception <a 'java/io/FileNotFoundException'{0x00000007114dcee0}> (0x00000007114dcee0) 
thrown [t:\workspace\open\src\hotspot\share\prims\jni.cpp, line 579]
Event: 0.183 Thread 0x000001f13d709ca0 Exception <a 'java/io/FileNotFoundException'{0x000000071157c8c0}> (0x000000071157c8c0) 
thrown [t:\workspace\open\src\hotspot\share\prims\jni.cpp, line 579]
Event: 0.184 Thread 0x000001f13d709ca0 Exception <a 'java/lang/NoSuchMethodError'{0x000000071157daf8}: 'java.lang.Object java.lang.invoke.DirectMethodHandle$Holder.invokeStatic(java.lang.Object)'> (0x000000071157daf8) 
thrown [t:\workspace\open\src\hotspot\share\interpreter\linkResolver.cpp, line 790]
Event: 0.216 Thread 0x000001f13d709ca0 Exception <a 'java/lang/NoSuchMethodError'{0x00000007115c52e0}: 'java.lang.Object java.lang.invoke.DirectMethodHandle$Holder.invokeStaticInit(java.lang.Object)'> (0x00000007115c52e0) 
thrown [t:\workspace\open\src\hotspot\share\interpreter\linkResolver.cpp, line 790]
Event: 0.250 Thread 0x000001f13d709ca0 Exception <a 'java/lang/NoSuchMethodError'{0x00000007112a77a8}: 'java.lang.Object java.lang.invoke.DirectMethodHandle$Holder.newInvokeSpecial(java.lang.Object, java.lang.Object, java.lang.Object, java.lang.Object, java.lang.Object)'> (0x00000007112a77a8) 
thrown [t:\workspace\open\src\hotspot\share\interpreter\linkResolver.cpp, line 790]
Event: 0.252 Thread 0x000001f13d709ca0 Exception <a 'java/lang/NoSuchMethodError'{0x00000007112b3290}: 'java.lang.Object java.lang.invoke.DirectMethodHandle$Holder.invokeStatic(java.lang.Object, int, java.lang.Object, java.lang.Object, java.lang.Object, java.lang.Object)'> (0x00000007112b3290) 
thrown [t:\workspace\open\src\hotspot\share\interpreter\linkResolver.cpp, line 790]
Event: 0.255 Thread 0x000001f13d709ca0 Exception <a 'java/lang/NoSuchMethodError'{0x00000007112d9358}: 'java.lang.Object java.lang.invoke.DirectMethodHandle$Holder.invokeStatic(java.lang.Object, int, java.lang.Object)'> (0x00000007112d9358) 
thrown [t:\workspace\open\src\hotspot\share\interpreter\linkResolver.cpp, line 790]
Event: 0.276 Thread 0x000001f13d709ca0 Exception <a 'java/lang/ClassNotFoundException'{0x0000000711391240}: com/sun/swing/internal/plaf/metal/resources/spi/metalProvider> (0x0000000711391240) 
thrown [t:\workspace\open\src\hotspot\share\classfile\systemDictionary.cpp, line 256]
Event: 0.277 Thread 0x000001f13d709ca0 Exception <a 'java/lang/ClassNotFoundException'{0x0000000711395688}: com/sun/swing/internal/plaf/basic/resources/spi/basicProvider> (0x0000000711395688) 
thrown [t:\workspace\open\src\hotspot\share\classfile\systemDictionary.cpp, line 256]
Event: 0.295 Thread 0x000001f13db44bf0 Exception <a 'java/lang/NoSuchMethodError'{0x00000007113d6278}: 'java.lang.Object java.lang.invoke.DirectMethodHandle$Holder.newInvokeSpecial(java.lang.Object, java.lang.Object, java.lang.Object, int, int, int, int, int)'> (0x00000007113d6278) 
thrown [t:\workspace\open\src\hotspot\share\interpreter\linkResolver.cpp, line 790]
Event: 0.348 Thread 0x000001f13d709ca0 Exception <a 'java/lang/NoSuchMethodError'{0x00000007110aa050}: 'void java.lang.invoke.DirectMethodHandle$Holder.invokeStaticInit(java.lang.Object)'> (0x00000007110aa050) 
thrown [t:\workspace\open\src\hotspot\share\interpreter\linkResolver.cpp, line 790]
Event: 0.377 Thread 0x000001f13d709ca0 Exception <a 'sun/nio/fs/WindowsException'{0x00000007111ef718}> (0x00000007111ef718) 
thrown [t:\workspace\open\src\hotspot\share\prims\jni.cpp, line 579]
Event: 0.433 Thread 0x000001f13d709ca0 Implicit null exception at 0x000001f128bbf9d0 to 0x000001f128bbfa32
Event: 65.695 Thread 0x000001f13dbe6620 Implicit null exception at 0x000001f128dfc3e0 to 0x000001f128e01d24
Event: 78.029 Thread 0x000001f13dbe6620 Implicit null exception at 0x000001f128d0df43 to 0x000001f128d0e05d

Events (20 events):
Event: 90.655 Executing  VM operation: G1Concurrent
Event: 90.656 Executing  VM operation: G1Concurrent done
Event: 93.671 Executing  VM operation: Cleanup
Event: 93.671 Executing  VM operation: Cleanup done
Event: 94.896 Executing  VM operation: G1CollectForAllocation
Event: 94.978 Executing  VM operation: G1CollectForAllocation done
Event: 97.994 Executing  VM operation: Cleanup
Event: 97.994 Executing  VM operation: Cleanup done
Event: 98.712 loading class java/lang/Throwable$WrappedPrintStream
Event: 98.715 loading class java/lang/Throwable$PrintStreamOrWriter
Event: 98.716 loading class java/lang/Throwable$PrintStreamOrWriter done
Event: 98.716 loading class java/lang/Throwable$WrappedPrintStream done
Event: 98.718 loading class java/lang/StackTraceElement$HashedModules
Event: 98.725 loading class java/lang/StackTraceElement$HashedModules done
Event: 98.729 Thread 0x000001f13d709ca0 Thread exited: 0x000001f13d709ca0
Event: 99.005 Executing  VM operation: Cleanup
Event: 99.005 Executing  VM operation: Cleanup done
Event: 101.494 Executing  VM operation: G1CollectForAllocation
Event: 101.518 Executing  VM operation: G1CollectForAllocation done
Event: 101.764 Executing  VM operation: G1Concurrent


Dynamic libraries:
0x00007ff6b4270000 - 0x00007ff6b427e000 	C:\Users\surya\.p2\pool\plugins\org.eclipse.justj.openjdk.hotspot.jre.full.win32.x86_64_16.0.1.v20210528-1205\jre\bin\javaw.exe
0x00007ffc2e070000 - 0x00007ffc2e266000 	C:\Windows\SYSTEM32\ntdll.dll
0x00007ffc2cf50000 - 0x00007ffc2d00d000 	C:\Windows\System32\KERNEL32.DLL
0x00007ffc2baf0000 - 0x00007ffc2bdb9000 	C:\Windows\System32\KERNELBASE.dll
0x00007ffc2bdc0000 - 0x00007ffc2bec0000 	C:\Windows\System32\ucrtbase.dll
0x00007ffc266b0000 - 0x00007ffc266c8000 	C:\Users\surya\.p2\pool\plugins\org.eclipse.justj.openjdk.hotspot.jre.full.win32.x86_64_16.0.1.v20210528-1205\jre\bin\jli.dll
0x00007ffc251a0000 - 0x00007ffc251b9000 	C:\Users\surya\.p2\pool\plugins\org.eclipse.justj.openjdk.hotspot.jre.full.win32.x86_64_16.0.1.v20210528-1205\jre\bin\VCRUNTIME140.dll
0x00007ffc2dd60000 - 0x00007ffc2df00000 	C:\Windows\System32\USER32.dll
0x00007ffc2c020000 - 0x00007ffc2c042000 	C:\Windows\System32\win32u.dll
0x00007ffc2abc0000 - 0x00007ffc2ae5b000 	C:\Windows\WinSxS\amd64_microsoft.windows.common-controls_6595b64144ccf1df_6.0.19041.746_none_ca02b4b61b8320a4\COMCTL32.dll
0x00007ffc2c280000 - 0x00007ffc2c2aa000 	C:\Windows\System32\GDI32.dll
0x00007ffc2dac0000 - 0x00007ffc2db5e000 	C:\Windows\System32\msvcrt.dll
0x00007ffc2b8e0000 - 0x00007ffc2b9eb000 	C:\Windows\System32\gdi32full.dll
0x00007ffc2b9f0000 - 0x00007ffc2ba8d000 	C:\Windows\System32\msvcp_win.dll
0x00007ffc2c3e0000 - 0x00007ffc2c410000 	C:\Windows\System32\IMM32.DLL
0x00007ffc25190000 - 0x00007ffc2519c000 	C:\Users\surya\.p2\pool\plugins\org.eclipse.justj.openjdk.hotspot.jre.full.win32.x86_64_16.0.1.v20210528-1205\jre\bin\vcruntime140_1.dll
0x00007ffc0dd20000 - 0x00007ffc0ddb1000 	C:\Users\surya\.p2\pool\plugins\org.eclipse.justj.openjdk.hotspot.jre.full.win32.x86_64_16.0.1.v20210528-1205\jre\bin\msvcp140.dll
0x00007ffba9cc0000 - 0x00007ffbaa86b000 	C:\Users\surya\.p2\pool\plugins\org.eclipse.justj.openjdk.hotspot.jre.full.win32.x86_64_16.0.1.v20210528-1205\jre\bin\server\jvm.dll
0x00007ffc2dca0000 - 0x00007ffc2dd4c000 	C:\Windows\System32\ADVAPI32.dll
0x00007ffc2d7c0000 - 0x00007ffc2d85c000 	C:\Windows\System32\sechost.dll
0x00007ffc2ce20000 - 0x00007ffc2cf4b000 	C:\Windows\System32\RPCRT4.dll
0x00007ffc2e020000 - 0x00007ffc2e028000 	C:\Windows\System32\PSAPI.DLL
0x00007ffc25110000 - 0x00007ffc25119000 	C:\Windows\SYSTEM32\WSOCK32.dll
0x00007ffc17ef0000 - 0x00007ffc17f17000 	C:\Windows\SYSTEM32\WINMM.dll
0x00007ffc2d870000 - 0x00007ffc2d8db000 	C:\Windows\System32\WS2_32.dll
0x00007ffc24b20000 - 0x00007ffc24b2a000 	C:\Windows\SYSTEM32\VERSION.dll
0x00007ffc28a30000 - 0x00007ffc28a42000 	C:\Windows\SYSTEM32\kernel.appcore.dll
0x00007ffc25100000 - 0x00007ffc2510a000 	C:\Users\surya\.p2\pool\plugins\org.eclipse.justj.openjdk.hotspot.jre.full.win32.x86_64_16.0.1.v20210528-1205\jre\bin\jimage.dll
0x00007ffc2b1d0000 - 0x00007ffc2b3b4000 	C:\Windows\SYSTEM32\DBGHELP.DLL
0x00007ffc2af80000 - 0x00007ffc2afac000 	C:\Windows\SYSTEM32\dbgcore.DLL
0x00007ffc2c050000 - 0x00007ffc2c0d0000 	C:\Windows\System32\bcryptPrimitives.dll
0x00007ffc24fa0000 - 0x00007ffc24fc5000 	C:\Users\surya\.p2\pool\plugins\org.eclipse.justj.openjdk.hotspot.jre.full.win32.x86_64_16.0.1.v20210528-1205\jre\bin\java.dll
0x00007ffc250e0000 - 0x00007ffc250f8000 	C:\Users\surya\.p2\pool\plugins\org.eclipse.justj.openjdk.hotspot.jre.full.win32.x86_64_16.0.1.v20210528-1205\jre\bin\zip.dll
0x00007ffc2d010000 - 0x00007ffc2d752000 	C:\Windows\System32\SHELL32.dll
0x00007ffc292b0000 - 0x00007ffc29a40000 	C:\Windows\SYSTEM32\windows.storage.dll
0x00007ffc2c410000 - 0x00007ffc2c766000 	C:\Windows\System32\combase.dll
0x00007ffc2ab20000 - 0x00007ffc2ab4c000 	C:\Windows\SYSTEM32\Wldp.dll
0x00007ffc2cc40000 - 0x00007ffc2ccee000 	C:\Windows\System32\SHCORE.dll
0x00007ffc2d760000 - 0x00007ffc2d7b5000 	C:\Windows\System32\shlwapi.dll
0x00007ffc2b6e0000 - 0x00007ffc2b706000 	C:\Windows\SYSTEM32\profapi.dll
0x00007ffc21030000 - 0x00007ffc21049000 	C:\Users\surya\.p2\pool\plugins\org.eclipse.justj.openjdk.hotspot.jre.full.win32.x86_64_16.0.1.v20210528-1205\jre\bin\net.dll
0x00007ffc18cb0000 - 0x00007ffc18db0000 	C:\Windows\SYSTEM32\WINHTTP.dll
0x00007ffc2a890000 - 0x00007ffc2a8fa000 	C:\Windows\system32\mswsock.dll
0x00007ffc0d1b0000 - 0x00007ffc0d1c3000 	C:\Users\surya\.p2\pool\plugins\org.eclipse.justj.openjdk.hotspot.jre.full.win32.x86_64_16.0.1.v20210528-1205\jre\bin\nio.dll
0x00007ffbe5800000 - 0x00007ffbe597f000 	C:\Users\surya\.p2\pool\plugins\org.eclipse.justj.openjdk.hotspot.jre.full.win32.x86_64_16.0.1.v20210528-1205\jre\bin\awt.dll
0x00007ffc2c2b0000 - 0x00007ffc2c37d000 	C:\Windows\System32\OLEAUT32.dll
0x00007ffc28500000 - 0x00007ffc28590000 	C:\Windows\SYSTEM32\apphelp.dll
0x00007ffc28850000 - 0x00007ffc2887f000 	C:\Windows\system32\DWMAPI.DLL
0x00007ffc28650000 - 0x00007ffc286ee000 	C:\Windows\system32\uxtheme.dll
0x00007ffc034c0000 - 0x00007ffc035e5000 	C:\Windows\system32\opengl32.dll
0x00007ffc06b10000 - 0x00007ffc06b3c000 	C:\Windows\SYSTEM32\GLU32.dll
0x00007ffc2df00000 - 0x00007ffc2e015000 	C:\Windows\System32\MSCTF.dll
0x00007ffbc7140000 - 0x00007ffbc724e000 	C:\Program Files (x86)\Razer\Razer Cortex\x64\k_fps64.dll
0x00007ffbf5db0000 - 0x00007ffbf5e2f000 	C:\Program Files (x86)\Razer\Razer Cortex\x64\d3dx10_43.dll
0x00007ffbc6ed0000 - 0x00007ffbc713f000 	C:\Program Files (x86)\Razer\Razer Cortex\x64\D3DCOMPILER_43.dll
0x00007ffc2ccf0000 - 0x00007ffc2ce1a000 	C:\Windows\System32\ole32.dll
0x00007ffbf6a90000 - 0x00007ffbf6ae7000 	C:\Program Files (x86)\Razer\Razer Cortex\x64\EasyHook64.dll
0x00007ffbc6c60000 - 0x00007ffbc6ec3000 	C:\Program Files (x86)\Razer\Razer Cortex\x64\d3dx9_43.dll
0x00007ffbcf5f0000 - 0x00007ffbcf679000 	C:\Users\surya\.p2\pool\plugins\org.eclipse.justj.openjdk.hotspot.jre.full.win32.x86_64_16.0.1.v20210528-1205\jre\bin\freetype.dll
0x00007ffbcf4f0000 - 0x00007ffbcf5e6000 	C:\Users\surya\.p2\pool\plugins\org.eclipse.justj.openjdk.hotspot.jre.full.win32.x86_64_16.0.1.v20210528-1205\jre\bin\harfbuzz.dll
0x00007ffbf6be0000 - 0x00007ffbf6bf2000 	C:\Users\surya\.p2\pool\plugins\org.eclipse.justj.openjdk.hotspot.jre.full.win32.x86_64_16.0.1.v20210528-1205\jre\bin\fontmanager.dll
0x00007ffc20320000 - 0x00007ffc2041b000 	C:\Windows\SYSTEM32\textinputframework.dll
0x00007ffc27e20000 - 0x00007ffc2817e000 	C:\Windows\System32\CoreUIComponents.dll
0x00007ffc28180000 - 0x00007ffc28272000 	C:\Windows\System32\CoreMessaging.dll
0x00007ffc2b4f0000 - 0x00007ffc2b523000 	C:\Windows\SYSTEM32\ntmarta.dll
0x00007ffc27740000 - 0x00007ffc27894000 	C:\Windows\SYSTEM32\wintypes.dll
0x00007ffbc68f0000 - 0x00007ffbc6979000 	C:\Program Files (x86)\Overwolf\0.173.0.16\OWExplorer.dll
0x00007ffc2bec0000 - 0x00007ffc2c016000 	C:\Windows\System32\CRYPT32.dll
0x00007ffc0ec10000 - 0x00007ffc0ecbc000 	C:\Windows\SYSTEM32\TextShaping.dll

dbghelp: loaded successfully - version: 4.0.5 - missing functions: none
symbol engine: initialized successfully - sym options: 0x614 - pdb path: .;C:\Users\surya\.p2\pool\plugins\org.eclipse.justj.openjdk.hotspot.jre.full.win32.x86_64_16.0.1.v20210528-1205\jre\bin;C:\Windows\SYSTEM32;C:\Windows\WinSxS\amd64_microsoft.windows.common-controls_6595b64144ccf1df_6.0.19041.746_none_ca02b4b61b8320a4;C:\Users\surya\.p2\pool\plugins\org.eclipse.justj.openjdk.hotspot.jre.full.win32.x86_64_16.0.1.v20210528-1205\jre\bin\server;C:\Program Files (x86)\Razer\Razer Cortex\x64;C:\Program Files (x86)\Overwolf\0.173.0.16

VM Arguments:
jvm_args: -Dfile.encoding=Cp1252 --module-path=C:\Users\surya\OneDrive\Desktop\Projects\Surchessake\Eclipse Project\bin -XX:+ShowCodeDetailsInExceptionMessages -Djdk.module.main=surya 
java_command: surya/main.surchessake
java_class_path (initial): <not set>
Launcher Type: SUN_STANDARD

[Global flags]
     intx CICompilerCount                          = 4                                         {product} {ergonomic}
     uint ConcGCThreads                            = 3                                         {product} {ergonomic}
     uint G1ConcRefinementThreads                  = 10                                        {product} {ergonomic}
   size_t G1HeapRegionSize                         = 2097152                                   {product} {ergonomic}
    uintx GCDrainStackTargetSize                   = 64                                        {product} {ergonomic}
   size_t InitialHeapSize                          = 268435456                                 {product} {ergonomic}
   size_t MarkStackSize                            = 4194304                                   {product} {ergonomic}
   size_t MaxHeapSize                              = 4269801472                                {product} {ergonomic}
   size_t MaxNewSize                               = 2560622592                                {product} {ergonomic}
   size_t MinHeapDeltaBytes                        = 2097152                                   {product} {ergonomic}
   size_t MinHeapSize                              = 8388608                                   {product} {ergonomic}
    uintx NonNMethodCodeHeapSize                   = 5839372                                {pd product} {ergonomic}
    uintx NonProfiledCodeHeapSize                  = 122909434                              {pd product} {ergonomic}
    uintx ProfiledCodeHeapSize                     = 122909434                              {pd product} {ergonomic}
    uintx ReservedCodeCacheSize                    = 251658240                              {pd product} {ergonomic}
     bool SegmentedCodeCache                       = true                                      {product} {ergonomic}
     bool ShowCodeDetailsInExceptionMessages       = true                                   {manageable} {command line}
   size_t SoftMaxHeapSize                          = 4269801472                             {manageable} {ergonomic}
     bool UseCompressedClassPointers               = true                           {product lp64_product} {ergonomic}
     bool UseCompressedOops                        = true                           {product lp64_product} {ergonomic}
     bool UseG1GC                                  = true                                      {product} {ergonomic}
     bool UseLargePagesIndividualAllocation        = false                                  {pd product} {ergonomic}

Logging:
Log output configuration:
 #0: stdout all=warning uptime,level,tags
 #1: stderr all=off uptime,level,tags

Environment Variables:
PATH=C:/Users/surya/.p2/pool/plugins/org.eclipse.justj.openjdk.hotspot.jre.full.win32.x86_64_16.0.1.v20210528-1205/jre/bin/server;C:/Users/surya/.p2/pool/plugins/org.eclipse.justj.openjdk.hotspot.jre.full.win32.x86_64_16.0.1.v20210528-1205/jre/bin;C:\Program Files (x86)\Common Files\Oracle\Java\javapath;C:\Program Files (x86)\Razer Chroma SDK\bin;C:\Program Files\Razer Chroma SDK\bin;C:\Program Files (x86)\Razer\ChromaBroadcast\bin;C:\Program Files\Razer\ChromaBroadcast\bin;C:\Windows\system32;C:\Windows;C:\Windows\System32\Wbem;C:\Windows\System32\WindowsPowerShell\v1.0\;C:\Windows\System32\OpenSSH\;C:\Program Files\NVIDIA Corporation\NVIDIA NvDLISR;C:\Program Files (x86)\NVIDIA Corporation\PhysX\Common;C:\Windows\system32\config\systemprofile\AppData\Local\Microsoft\WindowsApps;C:\Program Files (x86)\Windows Kits\10\Windows Performance Toolkit\;C:\Users\surya\AppData\Local\Microsoft\WindowsApps;;C:\Windows\system32;
USERNAME=surya
OS=Windows_NT
PROCESSOR_IDENTIFIER=Intel64 Family 6 Model 158 Stepping 10, GenuineIntel



---------------  S Y S T E M  ---------------

OS:
 Windows 10 , 64 bit Build 19041 (10.0.19041.789)
OS uptime: 1 days 9:28 hours

CPU: total 12 (initial active 12) (6 cores per cpu, 2 threads per core) family 6 model 158 stepping 10 microcode 0xde, cx8, cmov, fxsr, ht, mmx, 3dnowpref, sse, sse2, sse3, ssse3, sse4.1, sse4.2, popcnt, lzcnt, tsc, tscinvbit, avx, avx2, aes, erms, clmul, bmi1, bmi2, adx, fma, vzeroupper, clflush, clflushopt

Memory: 4k page, system-wide physical 16284M (555M free)
TotalPageFile size 27660M (AvailPageFile size 5M)
current process WorkingSet (physical memory assigned to process): 1212M, peak: 1662M
current process commit charge ("private bytes"): 2434M, peak: 2473M

vm_info: OpenJDK 64-Bit Server VM (16.0.1+9-24) for windows-amd64 JRE (16.0.1+9-24), built on Mar 26 2021 19:30:07 by "mach5one" with MS VC++ 16.7 (VS2019)

END.
